#
# There is insufficient memory for the Java Runtime Environment to continue.
# Native memory allocation (malloc) failed to allocate 1315856 bytes for Chunk::new
# Possible reasons:
#   The system is out of physical RAM or swap space
#   In 32 bit mode, the process size limit was hit
# Possible solutions:
#   Reduce memory load on the system
#   Increase physical memory or swap space
#   Check if swap backing store is full
#   Use 64 bit Java on a 64 bit OS
#   Decrease Java heap size (-Xmx/-Xms)
#   Decrease number of Java threads
#   Decrease Java thread stack sizes (-Xss)
#   Set larger code cache with -XX:ReservedCodeCacheSize=
# This output file may be truncated or incomplete.
#
#  Out of Memory Error (allocation.cpp:390), pid=14864, tid=14328
#
# JRE version: Java(TM) SE Runtime Environment (8.0_45-b15) (build 1.8.0_45-b15)
# Java VM: Java HotSpot(TM) 64-Bit Server VM (25.45-b02 mixed mode windows-amd64 compressed oops)
# Failed to write core dump. Minidumps are not enabled by default on client versions of Windows
#

---------------  T H R E A D  ---------------

Current thread (0x000000001525b800):  JavaThread "C2 CompilerThread0" daemon [_thread_in_native, id=14328, stack(0x0000000016750000,0x0000000016850000)]

Stack: [0x0000000016750000,0x0000000016850000]
Native frames: (J=compiled Java code, j=interpreted, Vv=VM code, C=native code)
V  [jvm.dll+0x32b57a]
V  [jvm.dll+0x279873]
V  [jvm.dll+0x27a509]
V  [jvm.dll+0x271825]
V  [jvm.dll+0xcb9e2]
V  [jvm.dll+0xcbeac]
V  [jvm.dll+0x49298c]
V  [jvm.dll+0x45f6ff]
V  [jvm.dll+0x46a73b]
V  [jvm.dll+0x46cd52]
V  [jvm.dll+0x4500f2]
V  [jvm.dll+0xa4352]
V  [jvm.dll+0xa4c8f]
V  [jvm.dll+0x241984]
V  [jvm.dll+0x29853a]
C  [msvcr100.dll+0x21d9f]
C  [msvcr100.dll+0x21e3b]
C  [KERNEL32.DLL+0x8364]
C  [ntdll.dll+0x65e91]


Current CompileTask:
C2:   9356 2099       4       com.android.dx.ssa.SCCP::run (298 bytes)


---------------  P R O C E S S  ---------------

Java Threads: ( => current thread )
  0x0000000016bc9800 JavaThread "pool-1-thread-4" [_thread_blocked, id=14156, stack(0x0000000017c50000,0x0000000017d50000)]
  0x0000000016bc7000 JavaThread "pool-1-thread-3" [_thread_blocked, id=13832, stack(0x0000000017b50000,0x0000000017c50000)]
  0x0000000016bc5800 JavaThread "pool-1-thread-2" [_thread_blocked, id=15148, stack(0x0000000017a50000,0x0000000017b50000)]
  0x0000000016bc1800 JavaThread "pool-2-thread-1" [_thread_blocked, id=13984, stack(0x0000000017950000,0x0000000017a50000)]
  0x0000000016c20000 JavaThread "pool-1-thread-1" [_thread_blocked, id=15184, stack(0x0000000017850000,0x0000000017950000)]
  0x00000000168af800 JavaThread "Service Thread" daemon [_thread_blocked, id=14072, stack(0x0000000016e50000,0x0000000016f50000)]
  0x00000000168a9000 JavaThread "C1 CompilerThread2" daemon [_thread_blocked, id=12304, stack(0x0000000016d50000,0x0000000016e50000)]
  0x00000000168a6800 JavaThread "C2 CompilerThread1" daemon [_thread_in_native, id=2208, stack(0x0000000016c50000,0x0000000016d50000)]
=>0x000000001525b800 JavaThread "C2 CompilerThread0" daemon [_thread_in_native, id=14328, stack(0x0000000016750000,0x0000000016850000)]
  0x000000001525a800 JavaThread "Attach Listener" daemon [_thread_blocked, id=5720, stack(0x0000000016650000,0x0000000016750000)]
  0x000000001520e000 JavaThread "Signal Dispatcher" daemon [_thread_blocked, id=14044, stack(0x0000000016550000,0x0000000016650000)]
  0x0000000002b20800 JavaThread "Finalizer" daemon [_thread_blocked, id=14008, stack(0x0000000016450000,0x0000000016550000)]
  0x0000000002b1d800 JavaThread "Reference Handler" daemon [_thread_blocked, id=1244, stack(0x0000000016350000,0x0000000016450000)]
  0x00000000025de000 JavaThread "main" [_thread_in_Java, id=14748, stack(0x0000000002930000,0x0000000002a30000)]

Other Threads:
  0x00000000151c8000 VMThread [stack: 0x0000000016250000,0x0000000016350000] [id=13840]
  0x00000000168b1000 WatcherThread [stack: 0x0000000016f50000,0x0000000017050000] [id=10092]

VM state:not at safepoint (normal execution)

VM Mutex/Monitor currently owned by a thread: None

Heap:
 PSYoungGen      total 138240K, used 76531K [0x00000000eab00000, 0x00000000fe700000, 0x0000000100000000)
  eden space 133120K, 53% used [0x00000000eab00000,0x00000000ef0c0a98,0x00000000f2d00000)
  from space 5120K, 99% used [0x00000000f2d00000,0x00000000f31fc518,0x00000000f3200000)
  to   space 28672K, 0% used [0x00000000fcb00000,0x00000000fcb00000,0x00000000fe700000)
 ParOldGen       total 87552K, used 44655K [0x00000000c0000000, 0x00000000c5580000, 0x00000000eab00000)
  object space 87552K, 51% used [0x00000000c0000000,0x00000000c2b9be40,0x00000000c5580000)
 Metaspace       used 6505K, capacity 7256K, committed 7424K, reserved 1056768K
  class space    used 618K, capacity 656K, committed 768K, reserved 1048576K

Card table byte_map: [0x0000000011ef0000,0x0000000012100000] byte_map_base: 0x00000000118f0000

Marking Bits: (ParMarkBitMap*) 0x000000006afc4040
 Begin Bits: [0x0000000012660000, 0x0000000013660000)
 End Bits:   [0x0000000013660000, 0x0000000014660000)

Polling page: 0x0000000002530000

CodeCache: size=245760Kb used=10114Kb max_used=10114Kb free=235645Kb
 bounds [0x0000000002b30000, 0x0000000003530000, 0x0000000011b30000]
 total_blobs=2321 nmethods=2049 adapters=184
 compilation: enabled

Compilation events (10 events):
Event: 8.973 Thread 0x00000000168a9000 2113 %     2       com.android.dx.ssa.Dominators::run @ 283 (506 bytes)
Event: 8.976 Thread 0x00000000168a9000 nmethod 2113% 0x0000000003500bd0 code [0x0000000003500fa0, 0x0000000003502598]
Event: 9.035 Thread 0x00000000168a6800 nmethod 2092 0x0000000003508e90 code [0x0000000003509140, 0x000000000350b668]
Event: 9.035 Thread 0x00000000168a6800 2103       4       com.android.dx.ssa.SsaConverter::placePhiFunctions (394 bytes)
Event: 9.147 Thread 0x00000000168a9000 2114   !   2       com.android.dx.cf.code.BytecodeArray::parseInstruction (2764 bytes)
Event: 9.157 Thread 0x00000000168a9000 nmethod 2114 0x000000000350de10 code [0x000000000350ed40, 0x0000000003515268]
Event: 9.167 Thread 0x00000000168a9000 2115       2       com.android.dx.rop.code.Rops::opSub (29 bytes)
Event: 9.167 Thread 0x00000000168a9000 nmethod 2115 0x00000000034de0d0 code [0x00000000034de240, 0x00000000034de3e8]
Event: 9.245 Thread 0x00000000168a9000 2118       2       com.android.dx.rop.code.SwitchInsn::accept (8 bytes)
Event: 9.245 Thread 0x00000000168a9000 nmethod 2118 0x00000000034ddd50 code [0x00000000034ddec0, 0x00000000034de048]

GC Heap History (10 events):
Event: 3.645 GC heap before
{Heap before GC invocations=1 (full 0):
 PSYoungGen      total 38400K, used 33280K [0x00000000eab00000, 0x00000000ed580000, 0x0000000100000000)
  eden space 33280K, 100% used [0x00000000eab00000,0x00000000ecb80000,0x00000000ecb80000)
  from space 5120K, 0% used [0x00000000ed080000,0x00000000ed080000,0x00000000ed580000)
  to   space 5120K, 0% used [0x00000000ecb80000,0x00000000ecb80000,0x00000000ed080000)
 ParOldGen       total 87552K, used 0K [0x00000000c0000000, 0x00000000c5580000, 0x00000000eab00000)
  object space 87552K, 0% used [0x00000000c0000000,0x00000000c0000000,0x00000000c5580000)
 Metaspace       used 5833K, capacity 6768K, committed 7040K, reserved 1056768K
  class space    used 595K, capacity 616K, committed 640K, reserved 1048576K
Event: 3.755 GC heap after
Heap after GC invocations=1 (full 0):
 PSYoungGen      total 38400K, used 5088K [0x00000000eab00000, 0x00000000ef600000, 0x0000000100000000)
  eden space 33280K, 0% used [0x00000000eab00000,0x00000000eab00000,0x00000000ecb80000)
  from space 5120K, 99% used [0x00000000ecb80000,0x00000000ed0780a0,0x00000000ed080000)
  to   space 5120K, 0% used [0x00000000ef100000,0x00000000ef100000,0x00000000ef600000)
 ParOldGen       total 87552K, used 164K [0x00000000c0000000, 0x00000000c5580000, 0x00000000eab00000)
  object space 87552K, 0% used [0x00000000c0000000,0x00000000c0029060,0x00000000c5580000)
 Metaspace       used 5833K, capacity 6768K, committed 7040K, reserved 1056768K
  class space    used 595K, capacity 616K, committed 640K, reserved 1048576K
}
Event: 5.572 GC heap before
{Heap before GC invocations=2 (full 0):
 PSYoungGen      total 38400K, used 38368K [0x00000000eab00000, 0x00000000ef600000, 0x0000000100000000)
  eden space 33280K, 100% used [0x00000000eab00000,0x00000000ecb80000,0x00000000ecb80000)
  from space 5120K, 99% used [0x00000000ecb80000,0x00000000ed0780a0,0x00000000ed080000)
  to   space 5120K, 0% used [0x00000000ef100000,0x00000000ef100000,0x00000000ef600000)
 ParOldGen       total 87552K, used 164K [0x00000000c0000000, 0x00000000c5580000, 0x00000000eab00000)
  object space 87552K, 0% used [0x00000000c0000000,0x00000000c0029060,0x00000000c5580000)
 Metaspace       used 6198K, capacity 7088K, committed 7296K, reserved 1056768K
  class space    used 597K, capacity 616K, committed 640K, reserved 1048576K
Event: 5.595 GC heap after
Heap after GC invocations=2 (full 0):
 PSYoungGen      total 71680K, used 5109K [0x00000000eab00000, 0x00000000ef600000, 0x0000000100000000)
  eden space 66560K, 0% used [0x00000000eab00000,0x00000000eab00000,0x00000000eec00000)
  from space 5120K, 99% used [0x00000000ef100000,0x00000000ef5fd710,0x00000000ef600000)
  to   space 5120K, 0% used [0x00000000eec00000,0x00000000eec00000,0x00000000ef100000)
 ParOldGen       total 87552K, used 3049K [0x00000000c0000000, 0x00000000c5580000, 0x00000000eab00000)
  object space 87552K, 3% used [0x00000000c0000000,0x00000000c02fa5e0,0x00000000c5580000)
 Metaspace       used 6198K, capacity 7088K, committed 7296K, reserved 1056768K
  class space    used 597K, capacity 616K, committed 640K, reserved 1048576K
}
Event: 6.261 GC heap before
{Heap before GC invocations=3 (full 0):
 PSYoungGen      total 71680K, used 71669K [0x00000000eab00000, 0x00000000ef600000, 0x0000000100000000)
  eden space 66560K, 100% used [0x00000000eab00000,0x00000000eec00000,0x00000000eec00000)
  from space 5120K, 99% used [0x00000000ef100000,0x00000000ef5fd710,0x00000000ef600000)
  to   space 5120K, 0% used [0x00000000eec00000,0x00000000eec00000,0x00000000ef100000)
 ParOldGen       total 87552K, used 3049K [0x00000000c0000000, 0x00000000c5580000, 0x00000000eab00000)
  object space 87552K, 3% used [0x00000000c0000000,0x00000000c02fa5e0,0x00000000c5580000)
 Metaspace       used 6265K, capacity 7152K, committed 7296K, reserved 1056768K
  class space    used 598K, capacity 616K, committed 640K, reserved 1048576K
Event: 6.293 GC heap after
Heap after GC invocations=3 (full 0):
 PSYoungGen      total 71680K, used 5108K [0x00000000eab00000, 0x00000000f3700000, 0x0000000100000000)
  eden space 66560K, 0% used [0x00000000eab00000,0x00000000eab00000,0x00000000eec00000)
  from space 5120K, 99% used [0x00000000eec00000,0x00000000ef0fd0a0,0x00000000ef100000)
  to   space 5120K, 0% used [0x00000000f3200000,0x00000000f3200000,0x00000000f3700000)
 ParOldGen       total 87552K, used 13687K [0x00000000c0000000, 0x00000000c5580000, 0x00000000eab00000)
  object space 87552K, 15% used [0x00000000c0000000,0x00000000c0d5dd08,0x00000000c5580000)
 Metaspace       used 6265K, capacity 7152K, committed 7296K, reserved 1056768K
  class space    used 598K, capacity 616K, committed 640K, reserved 1048576K
}
Event: 7.079 GC heap before
{Heap before GC invocations=4 (full 0):
 PSYoungGen      total 71680K, used 71668K [0x00000000eab00000, 0x00000000f3700000, 0x0000000100000000)
  eden space 66560K, 100% used [0x00000000eab00000,0x00000000eec00000,0x00000000eec00000)
  from space 5120K, 99% used [0x00000000eec00000,0x00000000ef0fd0a0,0x00000000ef100000)
  to   space 5120K, 0% used [0x00000000f3200000,0x00000000f3200000,0x00000000f3700000)
 ParOldGen       total 87552K, used 13687K [0x00000000c0000000, 0x00000000c5580000, 0x00000000eab00000)
  object space 87552K, 15% used [0x00000000c0000000,0x00000000c0d5dd08,0x00000000c5580000)
 Metaspace       used 6321K, capacity 7152K, committed 7296K, reserved 1056768K
  class space    used 598K, capacity 616K, committed 640K, reserved 1048576K
Event: 7.114 GC heap after
Heap after GC invocations=4 (full 0):
 PSYoungGen      total 138240K, used 5096K [0x00000000eab00000, 0x00000000f3700000, 0x0000000100000000)
  eden space 133120K, 0% used [0x00000000eab00000,0x00000000eab00000,0x00000000f2d00000)
  from space 5120K, 99% used [0x00000000f3200000,0x00000000f36fa2b0,0x00000000f3700000)
  to   space 5120K, 0% used [0x00000000f2d00000,0x00000000f2d00000,0x00000000f3200000)
 ParOldGen       total 87552K, used 23655K [0x00000000c0000000, 0x00000000c5580000, 0x00000000eab00000)
  object space 87552K, 27% used [0x00000000c0000000,0x00000000c1719fe0,0x00000000c5580000)
 Metaspace       used 6321K, capacity 7152K, committed 7296K, reserved 1056768K
  class space    used 598K, capacity 616K, committed 640K, reserved 1048576K
}
Event: 8.313 GC heap before
{Heap before GC invocations=5 (full 0):
 PSYoungGen      total 138240K, used 138216K [0x00000000eab00000, 0x00000000f3700000, 0x0000000100000000)
  eden space 133120K, 100% used [0x00000000eab00000,0x00000000f2d00000,0x00000000f2d00000)
  from space 5120K, 99% used [0x00000000f3200000,0x00000000f36fa2b0,0x00000000f3700000)
  to   space 5120K, 0% used [0x00000000f2d00000,0x00000000f2d00000,0x00000000f3200000)
 ParOldGen       total 87552K, used 23655K [0x00000000c0000000, 0x00000000c5580000, 0x00000000eab00000)
  object space 87552K, 27% used [0x00000000c0000000,0x00000000c1719fe0,0x00000000c5580000)
 Metaspace       used 6494K, capacity 7256K, committed 7424K, reserved 1056768K
  class space    used 618K, capacity 656K, committed 768K, reserved 1048576K
Event: 8.393 GC heap after
Heap after GC invocations=5 (full 0):
 PSYoungGen      total 138240K, used 5105K [0x00000000eab00000, 0x00000000fe700000, 0x0000000100000000)
  eden space 133120K, 0% used [0x00000000eab00000,0x00000000eab00000,0x00000000f2d00000)
  from space 5120K, 99% used [0x00000000f2d00000,0x00000000f31fc518,0x00000000f3200000)
  to   space 28672K, 0% used [0x00000000fcb00000,0x00000000fcb00000,0x00000000fe700000)
 ParOldGen       total 87552K, used 44655K [0x00000000c0000000, 0x00000000c5580000, 0x00000000eab00000)
  object space 87552K, 51% used [0x00000000c0000000,0x00000000c2b9be40,0x00000000c5580000)
 Metaspace       used 6494K, capacity 7256K, committed 7424K, reserved 1056768K
  class space    used 618K, capacity 656K, committed 768K, reserved 1048576K
}

Deoptimization events (10 events):
Event: 8.022 Thread 0x0000000016bc5800 Uncommon trap: reason=bimorphic action=maybe_recompile pc=0x0000000003457b14 method=com.android.dx.cf.code.BytecodeArray.parseInstruction(ILcom/android/dx/cf/code/BytecodeArray$Visitor;)I @ 1161
Event: 8.022 Thread 0x0000000016bc5800 Uncommon trap: reason=bimorphic action=maybe_recompile pc=0x0000000003457b14 method=com.android.dx.cf.code.BytecodeArray.parseInstruction(ILcom/android/dx/cf/code/BytecodeArray$Visitor;)I @ 1161
Event: 8.047 Thread 0x0000000016bc9800 Uncommon trap: reason=unstable_if action=reinterpret pc=0x00000000033e862c method=java.util.HashMap.putVal(ILjava/lang/Object;Ljava/lang/Object;ZZ)Ljava/lang/Object; @ 109
Event: 8.159 Thread 0x0000000016bc5800 Uncommon trap: reason=unstable_if action=reinterpret pc=0x000000000309a70c method=com.android.dx.ssa.MoveParamCombiner$1.visitNonMoveInsn(Lcom/android/dx/ssa/NormalSsaInsn;)V @ 27
Event: 8.242 Thread 0x0000000016c20000 Uncommon trap: reason=bimorphic action=maybe_recompile pc=0x000000000335e548 method=com.android.dx.ssa.LiteralOpUpgrader.tryReplacingWithConstant(Lcom/android/dx/ssa/NormalSsaInsn;)Z @ 62
Event: 8.242 Thread 0x0000000016c20000 Uncommon trap: reason=unstable_if action=reinterpret pc=0x0000000003425aa0 method=com.android.dx.ssa.SsaMethod.updateOneDefinition(Lcom/android/dx/ssa/SsaInsn;Lcom/android/dx/rop/code/RegisterSpec;)V @ 30
Event: 8.245 Thread 0x0000000016c20000 Uncommon trap: reason=bimorphic action=maybe_recompile pc=0x000000000335e548 method=com.android.dx.ssa.LiteralOpUpgrader.tryReplacingWithConstant(Lcom/android/dx/ssa/NormalSsaInsn;)Z @ 62
Event: 8.472 Thread 0x0000000016bc7000 Uncommon trap: reason=unstable_if action=reinterpret pc=0x0000000002f6c1c8 method=com.android.dx.ssa.SsaMethod.getExitBlock()Lcom/android/dx/ssa/SsaBasicBlock; @ 4
Event: 8.472 Thread 0x0000000016bc7000 Uncommon trap: reason=unstable_if action=reinterpret pc=0x0000000002e62974 method=com.android.dx.ssa.SsaMethod.getExitBlock()Lcom/android/dx/ssa/SsaBasicBlock; @ 4
Event: 9.147 Thread 0x00000000025de000 Uncommon trap: reason=unstable_if action=reinterpret pc=0x00000000034c98d0 method=com.android.dx.cf.code.BytecodeArray.parseInstruction(ILcom/android/dx/cf/code/BytecodeArray$Visitor;)I @ 1261

Internal exceptions (7 events):
Event: 0.082 Thread 0x00000000025de000 Exception <a 'java/lang/NoSuchMethodError': Method sun.misc.Unsafe.defineClass(Ljava/lang/String;[BII)Ljava/lang/Class; name or signature does not match> (0x00000000eab12f28) thrown at [C:\re\workspace\8-2-build-windows-amd64-cygwin\jdk8u45\3627\hotspot\srÿiq¡±µ?
Event: 0.082 Thread 0x00000000025de000 Exception <a 'java/lang/NoSuchMethodError': Method sun.misc.Unsafe.prefetchRead(Ljava/lang/Object;J)V name or signature does not match> (0x00000000eab131b8) thrown at [C:\re\workspace\8-2-build-windows-amd64-cygwin\jdk8u45\3627\hotspot\src\share\vm\prims\j’2';Œ@
Event: 5.201 Thread 0x0000000016bc5800 Implicit null exception at 0x0000000002e47962 to 0x0000000002e47a65
Event: 7.543 Thread 0x0000000016bc5800 Implicit null exception at 0x00000000030b3f51 to 0x00000000030b5279
Event: 7.861 Thread 0x0000000016bc5800 Exception <a 'java/lang/ArrayIndexOutOfBoundsException': 18> (0x00000000f008a3c0) thrown at [C:\re\workspace\8-2-build-windows-amd64-cygwin\jdk8u45\3627\hotspot\src\share\vm\interpreter\interpreterRuntime.cpp, line 366]
Event: 7.935 Thread 0x0000000016bc5800 Exception <a 'java/lang/ArrayIndexOutOfBoundsException'> (0x00000000f008be90) thrown at [C:\re\workspace\8-2-build-windows-amd64-cygwin\jdk8u45\3627\hotspot\src\share\vm\runtime\sharedRuntime.cpp, line 605]
Event: 7.935 Thread 0x0000000016bc5800 Exception <a 'java/lang/ArrayIndexOutOfBoundsException'> (0x00000000f008d0c8) thrown at [C:\re\workspace\8-2-build-windows-amd64-cygwin\jdk8u45\3627\hotspot\src\share\vm\runtime\sharedRuntime.cpp, line 605]

Events (10 events):
Event: 8.513 Thread 0x0000000016c20000 DEOPT UNPACKING pc=0x0000000002b7787f sp=0x000000001794e690 mode 0
Event: 8.951 Thread 0x00000000025de000 DEOPT PACKING pc=0x0000000002f98199 sp=0x0000000002a2e000
Event: 8.951 Thread 0x00000000025de000 DEOPT UNPACKING pc=0x0000000002b7787f sp=0x0000000002a2de30 mode 0
Event: 8.973 Thread 0x00000000025de000 DEOPT PACKING pc=0x0000000002f883ca sp=0x0000000002a2dd10
Event: 8.973 Thread 0x00000000025de000 DEOPT UNPACKING pc=0x0000000002b7787f sp=0x0000000002a2db50 mode 0
Event: 9.147 Thread 0x00000000025de000 Uncommon trap: trap_request=0xffffff65 fr.pc=0x00000000034c98d0
Event: 9.147 Thread 0x00000000025de000 DEOPT PACKING pc=0x00000000034c98d0 sp=0x0000000002a2df30
Event: 9.147 Thread 0x00000000025de000 DEOPT UNPACKING pc=0x0000000002b7582a sp=0x0000000002a2df28 mode 2
Event: 9.227 Thread 0x00000000025de000 DEOPT PACKING pc=0x0000000002f883ca sp=0x0000000002a2dd10
Event: 9.227 Thread 0x00000000025de000 DEOPT UNPACKING pc=0x0000000002b7787f sp=0x0000000002a2db50 mode 0


Dynamic libraries:
0x00007ff6b1340000 - 0x00007ff6b1377000 	C:\Program Files\Java\jdk1.8.0_45\bin\java.exe
0x00007ff90dea0000 - 0x00007ff90e071000 	C:\WINDOWS\SYSTEM32\ntdll.dll
0x00007ff90d3b0000 - 0x00007ff90d45b000 	C:\WINDOWS\System32\KERNEL32.DLL
0x00007ff90a560000 - 0x00007ff90a77d000 	C:\WINDOWS\System32\KERNELBASE.dll
0x00007ff90ba40000 - 0x00007ff90bae2000 	C:\WINDOWS\System32\ADVAPI32.dll
0x00007ff90bd70000 - 0x00007ff90be0e000 	C:\WINDOWS\System32\msvcrt.dll
0x00007ff90b780000 - 0x00007ff90b7d9000 	C:\WINDOWS\System32\sechost.dll
0x00007ff90b540000 - 0x00007ff90b661000 	C:\WINDOWS\System32\RPCRT4.dll
0x00007ff90bbf0000 - 0x00007ff90bd55000 	C:\WINDOWS\System32\USER32.dll
0x00007ff90a990000 - 0x00007ff90a9ae000 	C:\WINDOWS\System32\win32u.dll
0x00007ff90b800000 - 0x00007ff90b834000 	C:\WINDOWS\System32\GDI32.dll
0x00007ff90a780000 - 0x00007ff90a902000 	C:\WINDOWS\System32\gdi32full.dll
0x00007ff906280000 - 0x00007ff9064fa000 	C:\WINDOWS\WinSxS\amd64_microsoft.windows.common-controls_6595b64144ccf1df_6.0.14393.351_none_4213128bc687e6d3\COMCTL32.dll
0x00007ff90b270000 - 0x00007ff90b537000 	C:\WINDOWS\System32\combase.dll
0x00007ff90b140000 - 0x00007ff90b235000 	C:\WINDOWS\System32\ucrtbase.dll
0x00007ff90a910000 - 0x00007ff90a97a000 	C:\WINDOWS\System32\bcryptPrimitives.dll
0x00007ff90dda0000 - 0x00007ff90ddce000 	C:\WINDOWS\System32\IMM32.DLL
0x000000006a300000 - 0x000000006a3d2000 	C:\Program Files\Java\jdk1.8.0_45\jre\bin\msvcr100.dll
0x000000006a7c0000 - 0x000000006b043000 	C:\Program Files\Java\jdk1.8.0_45\jre\bin\server\jvm.dll
0x00007ff90b240000 - 0x00007ff90b263000 	C:\WINDOWS\System32\WINMM.dll
0x00007ff90a100000 - 0x00007ff90a12b000 	C:\WINDOWS\System32\WINMMBASE.dll
0x00007ff90a4c0000 - 0x00007ff90a502000 	C:\WINDOWS\System32\cfgmgr32.dll
0x00007ff90de90000 - 0x00007ff90de98000 	C:\WINDOWS\System32\PSAPI.DLL
0x00007ff8ffaa0000 - 0x00007ff8ffaa9000 	C:\WINDOWS\SYSTEM32\WSOCK32.dll
0x00007ff90d760000 - 0x00007ff90d7ca000 	C:\WINDOWS\System32\WS2_32.dll
0x00007ff906e90000 - 0x00007ff906e9a000 	C:\WINDOWS\SYSTEM32\VERSION.dll
0x000000006a7b0000 - 0x000000006a7bf000 	C:\Program Files\Java\jdk1.8.0_45\jre\bin\verify.dll
0x000000006a780000 - 0x000000006a7a9000 	C:\Program Files\Java\jdk1.8.0_45\jre\bin\java.dll
0x000000006a760000 - 0x000000006a776000 	C:\Program Files\Java\jdk1.8.0_45\jre\bin\zip.dll
0x00007ff90bea0000 - 0x00007ff90d3a9000 	C:\WINDOWS\System32\SHELL32.dll
0x00007ff90a9b0000 - 0x00007ff90b08a000 	C:\WINDOWS\System32\windows.storage.dll
0x00007ff90a510000 - 0x00007ff90a55c000 	C:\WINDOWS\System32\powrprof.dll
0x00007ff90be40000 - 0x00007ff90be92000 	C:\WINDOWS\System32\shlwapi.dll
0x00007ff90a0d0000 - 0x00007ff90a0df000 	C:\WINDOWS\System32\kernel.appcore.dll
0x00007ff90a1a0000 - 0x00007ff90a249000 	C:\WINDOWS\System32\shcore.dll
0x00007ff90a0e0000 - 0x00007ff90a0f4000 	C:\WINDOWS\System32\profapi.dll
0x00007ff8f99a0000 - 0x00007ff8f9b32000 	C:\WINDOWS\SYSTEM32\dbghelp.dll

VM Arguments:
jvm_args: -Djava.awt.headless=true -Xmx1024M -Dfile.encoding=GBK -Duser.country=CN -Duser.language=zh -Duser.variant 
java_command: com.android.dx.command.Main --dex --num-threads=4 --output D:\AndroidStudioProject\YuYuBuyer\app\build\intermediates\pre-dexed\debug\com.android.support-support-v4-24.0.0_9127eb1f53e280e02469b0b4a7ba0fbbaca40a9a.jar D:\AndroidStudioProject\YuYuBuyer\app\build\intermediates\exploded-aar\com.android.support\support-v4\24.0.0\jars\classes.jar
java_class_path (initial): D:\ruanjian\AndroidSdk\build-tools\24.0.0\lib\dx.jar
Launcher Type: SUN_STANDARD

Environment Variables:
JAVA_HOME=C:\Program Files\Java\jdk1.8.0_45
CLASSPATH=C:\Program Files\Java\jdk1.8.0_45\jre\lib;D:\ruanjian\Tomcat7.0\apache-tomcat-7.0.69-windows-x64\apache-tomcat-7.0.69\lib\jsp-api.jar;D:\ruanjian\Tomcat7.0\apache-tomcat-7.0.69-windows-x64\apache-tomcat-7.0.69\lib\servlet-api.jar;
PATH=C:\Program Files\Java\jdk1.8.0_45\bin;E:\adt-bundle-windows-x86_64-20130729\sdk\platform-tools;E:\adt-bundle-windows-x86_64-20130729\sdk\tools;C:\Program Files\Broadcom\Broadcom 802.11 Network Adapter;C:\ProgramData\Oracle\Java\javapath;C:\Windows\system32;C:\Windows;C:\Windows\System32\Wbem;C:\Windows\System32\WindowsPowerShell\v1.0\;C:\Program Files (x86)\NVIDIA Corporation\PhysX\Common;D:\ruanjian\Tomcat7.0\apache-tomcat-7.0.69-windows-x64\apache-tomcat-7.0.69\bin;D:\ruanjian\TortoiseGIT\bin;D:\ruanjian\NDK64\android-ndk-r9d-windows-x86\android-ndk-r9d;C:\WINDOWS\system32;C:\WINDOWS;C:\WINDOWS\System32\Wbem;C:\WINDOWS\System32\WindowsPowerShell\v1.0\;D:\ruanjian\AndroidStudio\gradle\gradle-2.10\bin;D:\ruanjian\Git\Git\bin;C:\Program Files\TortoiseSVN\bin;C:\Users\Administrator\AppData\Local\Microsoft\WindowsApps;
USERNAME=Administrator
OS=Windows_NT
PROCESSOR_IDENTIFIER=Intel64 Family 6 Model 60 Stepping 3, GenuineIntel



---------------  S Y S T E M  ---------------

OS: Windows 10.0 , 64 bit Build 14393 (10.0.14393.0)

CPU:total 4 (2 cores per cpu, 2 threads per core) family 6 model 60 stepping 3, cmov, cx8, fxsr, mmx, sse, sse2, sse3, ssse3, sse4.1, sse4.2, popcnt, avx, avx2, aes, clmul, erms, lzcnt, ht, tsc, tscinvbit, bmi1, bmi2

Memory: 4k page, physical 8268816k(1248296k free), swap 8268816k(5140k free)

vm_info: Java HotSpot(TM) 64-Bit Server VM (25.45-b02) for windows-amd64 JRE (1.8.0_45-b15), built on Apr 30 2015 12:40:44 by "java_re" with MS VC++ 10.0 (VS2010)

time: Mon Nov 07 18:25:22 2016
elapsed time: 9 seconds (0d 0h 0m 9s)

