#
# There is insufficient memory for the Java Runtime Environment to continue.
# Native memory allocation (malloc) failed to allocate 372080 bytes for Chunk::new
# Possible reasons:
#   The system is out of physical RAM or swap space
#   In 32 bit mode, the process size limit was hit
# Possible solutions:
#   Reduce memory load on the system
#   Increase physical memory or swap space
#   Check if swap backing store is full
#   Use 64 bit Java on a 64 bit OS
#   Decrease Java heap size (-Xmx/-Xms)
#   Decrease number of Java threads
#   Decrease Java thread stack sizes (-Xss)
#   Set larger code cache with -XX:ReservedCodeCacheSize=
# This output file may be truncated or incomplete.
#
#  Out of Memory Error (allocation.cpp:390), pid=13848, tid=2444
#
# JRE version: Java(TM) SE Runtime Environment (8.0_45-b15) (build 1.8.0_45-b15)
# Java VM: Java HotSpot(TM) 64-Bit Server VM (25.45-b02 mixed mode windows-amd64 compressed oops)
# Failed to write core dump. Minidumps are not enabled by default on client versions of Windows
#

---------------  T H R E A D  ---------------

Current thread (0x000000001544b000):  JavaThread "C2 CompilerThread0" daemon [_thread_in_native, id=2444, stack(0x0000000016950000,0x0000000016a50000)]

Stack: [0x0000000016950000,0x0000000016a50000]
Native frames: (J=compiled Java code, j=interpreted, Vv=VM code, C=native code)
V  [jvm.dll+0x32b57a]
V  [jvm.dll+0x279873]
V  [jvm.dll+0x27a509]
V  [jvm.dll+0x271825]
V  [jvm.dll+0xcb9e2]
V  [jvm.dll+0xcbeac]
V  [jvm.dll+0x4929e7]
V  [jvm.dll+0x45f8ca]
V  [jvm.dll+0x46a73b]
V  [jvm.dll+0x46cd52]
V  [jvm.dll+0x4500f2]
V  [jvm.dll+0xa4352]
V  [jvm.dll+0xa4c8f]
V  [jvm.dll+0x241984]
V  [jvm.dll+0x29853a]
C  [msvcr100.dll+0x21d9f]
C  [msvcr100.dll+0x21e3b]
C  [KERNEL32.DLL+0x8364]
C  [ntdll.dll+0x65e91]


Current CompileTask:
C2:  16729 2150       4       com.android.dx.ssa.SsaConverter::edgeSplitMoveExceptionsAndResults (157 bytes)


---------------  P R O C E S S  ---------------

Java Threads: ( => current thread )
  0x0000000016bfc000 JavaThread "pool-1-thread-4" [_thread_blocked, id=9288, stack(0x0000000017650000,0x0000000017750000)]
  0x0000000016bfb000 JavaThread "pool-1-thread-3" [_thread_blocked, id=12444, stack(0x0000000017550000,0x0000000017650000)]
  0x0000000016bf9800 JavaThread "pool-1-thread-2" [_thread_blocked, id=4964, stack(0x0000000017450000,0x0000000017550000)]
  0x0000000016bf7000 JavaThread "pool-2-thread-1" [_thread_blocked, id=13884, stack(0x0000000017350000,0x0000000017450000)]
  0x0000000016bf6000 JavaThread "pool-1-thread-1" [_thread_blocked, id=15244, stack(0x0000000017250000,0x0000000017350000)]
  0x0000000016aba000 JavaThread "Service Thread" daemon [_thread_blocked, id=14756, stack(0x0000000017050000,0x0000000017150000)]
  0x0000000016ab0800 JavaThread "C1 CompilerThread2" daemon [_thread_blocked, id=7012, stack(0x0000000016f50000,0x0000000017050000)]
  0x0000000016a50800 JavaThread "C2 CompilerThread1" daemon [_thread_in_native, id=14928, stack(0x0000000016e50000,0x0000000016f50000)]
=>0x000000001544b000 JavaThread "C2 CompilerThread0" daemon [_thread_in_native, id=2444, stack(0x0000000016950000,0x0000000016a50000)]
  0x0000000015449800 JavaThread "Attach Listener" daemon [_thread_blocked, id=3384, stack(0x0000000016850000,0x0000000016950000)]
  0x00000000153ff000 JavaThread "Signal Dispatcher" daemon [_thread_blocked, id=8072, stack(0x0000000016750000,0x0000000016850000)]
  0x0000000002d10800 JavaThread "Finalizer" daemon [_thread_blocked, id=4004, stack(0x0000000016650000,0x0000000016750000)]
  0x0000000002d0d800 JavaThread "Reference Handler" daemon [_thread_blocked, id=14936, stack(0x0000000016550000,0x0000000016650000)]
  0x0000000002c1e000 JavaThread "main" [_thread_in_native, id=12196, stack(0x0000000002a40000,0x0000000002b40000)]

Other Threads:
  0x00000000153b8000 VMThread [stack: 0x0000000016450000,0x0000000016550000] [id=14696]
  0x0000000016abb800 WatcherThread [stack: 0x0000000017150000,0x0000000017250000] [id=13332]

VM state:not at safepoint (normal execution)

VM Mutex/Monitor currently owned by a thread: None

Heap:
 PSYoungGen      total 147456K, used 44677K [0x00000000eab00000, 0x00000000f5100000, 0x0000000100000000)
  eden space 131072K, 21% used [0x00000000eab00000,0x00000000ec6a8078,0x00000000f2b00000)
  from space 16384K, 99% used [0x00000000f3d00000,0x00000000f4cf9548,0x00000000f4d00000)
  to   space 18432K, 0% used [0x00000000f2b00000,0x00000000f2b00000,0x00000000f3d00000)
 ParOldGen       total 87552K, used 28863K [0x00000000c0000000, 0x00000000c5580000, 0x00000000eab00000)
  object space 87552K, 32% used [0x00000000c0000000,0x00000000c1c2fc90,0x00000000c5580000)
 Metaspace       used 6360K, capacity 7216K, committed 7296K, reserved 1056768K
  class space    used 596K, capacity 616K, committed 640K, reserved 1048576K

Card table byte_map: [0x00000000120e0000,0x00000000122f0000] byte_map_base: 0x0000000011ae0000

Marking Bits: (ParMarkBitMap*) 0x000000006afc4040
 Begin Bits: [0x0000000012850000, 0x0000000013850000)
 End Bits:   [0x0000000013850000, 0x0000000014850000)

Polling page: 0x0000000002b40000

CodeCache: size=245760Kb used=10056Kb max_used=10075Kb free=235703Kb
 bounds [0x0000000002d20000, 0x0000000003710000, 0x0000000011d20000]
 total_blobs=2346 nmethods=2074 adapters=184
 compilation: enabled

Compilation events (10 events):
Event: 14.583 Thread 0x000000001544b000 nmethod 2145% 0x00000000036f8190 code [0x00000000036f83a0, 0x00000000036f97b0]
Event: 14.583 Thread 0x000000001544b000 2142       4       com.android.dx.cf.code.ByteBlockList::labelToBlock (46 bytes)
Event: 14.585 Thread 0x000000001544b000 nmethod 2142 0x00000000036e9e10 code [0x00000000036e9f60, 0x00000000036ea0b8]
Event: 15.241 Thread 0x000000001544b000 2148       4       java.util.TreeMap$ValueIterator::next (8 bytes)
Event: 15.243 Thread 0x000000001544b000 nmethod 2148 0x00000000036d1610 code [0x00000000036d1760, 0x00000000036d1898]
Event: 16.438 Thread 0x000000001544b000 2149       4       com.android.dx.ssa.SsaMethod::makeNewGotoBlock (52 bytes)
Event: 16.459 Thread 0x000000001544b000 nmethod 2149 0x00000000036da450 code [0x00000000036da640, 0x00000000036db538]
Event: 16.459 Thread 0x000000001544b000 2152       4       com.android.dx.ssa.SCCP::run (298 bytes)
Event: 16.597 Thread 0x000000001544b000 nmethod 2152 0x00000000036feb50 code [0x00000000036fef20, 0x0000000003701128]
Event: 16.597 Thread 0x000000001544b000 2150       4       com.android.dx.ssa.SsaConverter::edgeSplitMoveExceptionsAndResults (157 bytes)

GC Heap History (10 events):
Event: 2.908 GC heap before
{Heap before GC invocations=2 (full 0):
 PSYoungGen      total 38400K, used 38399K [0x00000000eab00000, 0x00000000ed580000, 0x0000000100000000)
  eden space 33280K, 100% used [0x00000000eab00000,0x00000000ecb80000,0x00000000ecb80000)
  from space 5120K, 99% used [0x00000000ecb80000,0x00000000ed07fda0,0x00000000ed080000)
  to   space 5120K, 0% used [0x00000000ed080000,0x00000000ed080000,0x00000000ed580000)
 ParOldGen       total 87552K, used 2070K [0x00000000c0000000, 0x00000000c5580000, 0x00000000eab00000)
  object space 87552K, 2% used [0x00000000c0000000,0x00000000c0205b40,0x00000000c5580000)
 Metaspace       used 6119K, capacity 7088K, committed 7296K, reserved 1056768K
  class space    used 591K, capacity 616K, committed 640K, reserved 1048576K
Event: 2.921 GC heap after
Heap after GC invocations=2 (full 0):
 PSYoungGen      total 38400K, used 5112K [0x00000000eab00000, 0x00000000ef600000, 0x0000000100000000)
  eden space 33280K, 0% used [0x00000000eab00000,0x00000000eab00000,0x00000000ecb80000)
  from space 5120K, 99% used [0x00000000ed080000,0x00000000ed57e220,0x00000000ed580000)
  to   space 5120K, 0% used [0x00000000ecb80000,0x00000000ecb80000,0x00000000ed080000)
 ParOldGen       total 87552K, used 7305K [0x00000000c0000000, 0x00000000c5580000, 0x00000000eab00000)
  object space 87552K, 8% used [0x00000000c0000000,0x00000000c07227c0,0x00000000c5580000)
 Metaspace       used 6119K, capacity 7088K, committed 7296K, reserved 1056768K
  class space    used 591K, capacity 616K, committed 640K, reserved 1048576K
}
Event: 4.982 GC heap before
{Heap before GC invocations=3 (full 0):
 PSYoungGen      total 38400K, used 38392K [0x00000000eab00000, 0x00000000ef600000, 0x0000000100000000)
  eden space 33280K, 100% used [0x00000000eab00000,0x00000000ecb80000,0x00000000ecb80000)
  from space 5120K, 99% used [0x00000000ed080000,0x00000000ed57e220,0x00000000ed580000)
  to   space 5120K, 0% used [0x00000000ecb80000,0x00000000ecb80000,0x00000000ed080000)
 ParOldGen       total 87552K, used 7305K [0x00000000c0000000, 0x00000000c5580000, 0x00000000eab00000)
  object space 87552K, 8% used [0x00000000c0000000,0x00000000c07227c0,0x00000000c5580000)
 Metaspace       used 6213K, capacity 7088K, committed 7296K, reserved 1056768K
  class space    used 592K, capacity 616K, committed 640K, reserved 1048576K
Event: 5.033 GC heap after
Heap after GC invocations=3 (full 0):
 PSYoungGen      total 38400K, used 5112K [0x00000000eab00000, 0x00000000ef600000, 0x0000000100000000)
  eden space 33280K, 0% used [0x00000000eab00000,0x00000000eab00000,0x00000000ecb80000)
  from space 5120K, 99% used [0x00000000ecb80000,0x00000000ed07e200,0x00000000ed080000)
  to   space 5120K, 0% used [0x00000000ef100000,0x00000000ef100000,0x00000000ef600000)
 ParOldGen       total 87552K, used 12502K [0x00000000c0000000, 0x00000000c5580000, 0x00000000eab00000)
  object space 87552K, 14% used [0x00000000c0000000,0x00000000c0c35860,0x00000000c5580000)
 Metaspace       used 6213K, capacity 7088K, committed 7296K, reserved 1056768K
  class space    used 592K, capacity 616K, committed 640K, reserved 1048576K
}
Event: 5.980 GC heap before
{Heap before GC invocations=4 (full 0):
 PSYoungGen      total 38400K, used 38392K [0x00000000eab00000, 0x00000000ef600000, 0x0000000100000000)
  eden space 33280K, 100% used [0x00000000eab00000,0x00000000ecb80000,0x00000000ecb80000)
  from space 5120K, 99% used [0x00000000ecb80000,0x00000000ed07e200,0x00000000ed080000)
  to   space 5120K, 0% used [0x00000000ef100000,0x00000000ef100000,0x00000000ef600000)
 ParOldGen       total 87552K, used 12502K [0x00000000c0000000, 0x00000000c5580000, 0x00000000eab00000)
  object space 87552K, 14% used [0x00000000c0000000,0x00000000c0c35860,0x00000000c5580000)
 Metaspace       used 6278K, capacity 7152K, committed 7296K, reserved 1056768K
  class space    used 592K, capacity 616K, committed 640K, reserved 1048576K
Event: 6.020 GC heap after
Heap after GC invocations=4 (full 0):
 PSYoungGen      total 71680K, used 5112K [0x00000000eab00000, 0x00000000ef600000, 0x0000000100000000)
  eden space 66560K, 0% used [0x00000000eab00000,0x00000000eab00000,0x00000000eec00000)
  from space 5120K, 99% used [0x00000000ef100000,0x00000000ef5fe220,0x00000000ef600000)
  to   space 5120K, 0% used [0x00000000eec00000,0x00000000eec00000,0x00000000ef100000)
 ParOldGen       total 87552K, used 17765K [0x00000000c0000000, 0x00000000c5580000, 0x00000000eab00000)
  object space 87552K, 20% used [0x00000000c0000000,0x00000000c1159700,0x00000000c5580000)
 Metaspace       used 6278K, capacity 7152K, committed 7296K, reserved 1056768K
  class space    used 592K, capacity 616K, committed 640K, reserved 1048576K
}
Event: 7.327 GC heap before
{Heap before GC invocations=5 (full 0):
 PSYoungGen      total 71680K, used 71672K [0x00000000eab00000, 0x00000000ef600000, 0x0000000100000000)
  eden space 66560K, 100% used [0x00000000eab00000,0x00000000eec00000,0x00000000eec00000)
  from space 5120K, 99% used [0x00000000ef100000,0x00000000ef5fe220,0x00000000ef600000)
  to   space 5120K, 0% used [0x00000000eec00000,0x00000000eec00000,0x00000000ef100000)
 ParOldGen       total 87552K, used 17765K [0x00000000c0000000, 0x00000000c5580000, 0x00000000eab00000)
  object space 87552K, 20% used [0x00000000c0000000,0x00000000c1159700,0x00000000c5580000)
 Metaspace       used 6326K, capacity 7216K, committed 7296K, reserved 1056768K
  class space    used 592K, capacity 616K, committed 640K, reserved 1048576K
Event: 7.528 GC heap after
Heap after GC invocations=5 (full 0):
 PSYoungGen      total 71680K, used 5115K [0x00000000eab00000, 0x00000000f4d00000, 0x0000000100000000)
  eden space 66560K, 0% used [0x00000000eab00000,0x00000000eab00000,0x00000000eec00000)
  from space 5120K, 99% used [0x00000000eec00000,0x00000000ef0fecb8,0x00000000ef100000)
  to   space 16384K, 0% used [0x00000000f3d00000,0x00000000f3d00000,0x00000000f4d00000)
 ParOldGen       total 87552K, used 28740K [0x00000000c0000000, 0x00000000c5580000, 0x00000000eab00000)
  object space 87552K, 32% used [0x00000000c0000000,0x00000000c1c11280,0x00000000c5580000)
 Metaspace       used 6326K, capacity 7216K, committed 7296K, reserved 1056768K
  class space    used 592K, capacity 616K, committed 640K, reserved 1048576K
}
Event: 8.349 GC heap before
{Heap before GC invocations=6 (full 0):
 PSYoungGen      total 71680K, used 71675K [0x00000000eab00000, 0x00000000f4d00000, 0x0000000100000000)
  eden space 66560K, 100% used [0x00000000eab00000,0x00000000eec00000,0x00000000eec00000)
  from space 5120K, 99% used [0x00000000eec00000,0x00000000ef0fecb8,0x00000000ef100000)
  to   space 16384K, 0% used [0x00000000f3d00000,0x00000000f3d00000,0x00000000f4d00000)
 ParOldGen       total 87552K, used 28740K [0x00000000c0000000, 0x00000000c5580000, 0x00000000eab00000)
  object space 87552K, 32% used [0x00000000c0000000,0x00000000c1c11280,0x00000000c5580000)
 Metaspace       used 6357K, capacity 7216K, committed 7296K, reserved 1056768K
  class space    used 595K, capacity 616K, committed 640K, reserved 1048576K
Event: 8.470 GC heap after
Heap after GC invocations=6 (full 0):
 PSYoungGen      total 147456K, used 16357K [0x00000000eab00000, 0x00000000f5100000, 0x0000000100000000)
  eden space 131072K, 0% used [0x00000000eab00000,0x00000000eab00000,0x00000000f2b00000)
  from space 16384K, 99% used [0x00000000f3d00000,0x00000000f4cf9548,0x00000000f4d00000)
  to   space 18432K, 0% used [0x00000000f2b00000,0x00000000f2b00000,0x00000000f3d00000)
 ParOldGen       total 87552K, used 28863K [0x00000000c0000000, 0x00000000c5580000, 0x00000000eab00000)
  object space 87552K, 32% used [0x00000000c0000000,0x00000000c1c2fc90,0x00000000c5580000)
 Metaspace       used 6357K, capacity 7216K, committed 7296K, reserved 1056768K
  class space    used 595K, capacity 616K, committed 640K, reserved 1048576K
}

Deoptimization events (10 events):
Event: 6.452 Thread 0x0000000016bf6000 Uncommon trap: reason=unstable_if action=reinterpret pc=0x0000000003398264 method=com.android.dx.ssa.SsaRenamer$BlockRenamer.addMapping(ILcom/android/dx/rop/code/RegisterSpec;)V @ 120
Event: 6.550 Thread 0x0000000016bf6000 Uncommon trap: reason=bimorphic action=maybe_recompile pc=0x0000000003077bdc method=java.util.HashMap.putVal(ILjava/lang/Object;Ljava/lang/Object;ZZ)Ljava/lang/Object; @ 91
Event: 6.613 Thread 0x0000000016bf9800 Uncommon trap: reason=bimorphic action=maybe_recompile pc=0x0000000003077bdc method=java.util.HashMap.putVal(ILjava/lang/Object;Ljava/lang/Object;ZZ)Ljava/lang/Object; @ 91
Event: 6.640 Thread 0x0000000016bf9800 Uncommon trap: reason=bimorphic action=maybe_recompile pc=0x00000000031f625c method=java.util.HashMap.getNode(ILjava/lang/Object;)Ljava/util/HashMap$Node; @ 126
Event: 7.532 Thread 0x0000000016bfb000 Uncommon trap: reason=unstable_if action=reinterpret pc=0x0000000003579008 method=com.android.dx.dex.code.RopTranslator.outputBlock(Lcom/android/dx/rop/code/BasicBlock;I)V @ 132
Event: 7.548 Thread 0x0000000016bf9800 Uncommon trap: reason=unstable_if action=reinterpret pc=0x0000000003319c0c method=com.android.dx.ssa.MoveParamCombiner$1.visitNonMoveInsn(Lcom/android/dx/ssa/NormalSsaInsn;)V @ 27
Event: 7.549 Thread 0x0000000016bf9800 Uncommon trap: reason=unstable_if action=reinterpret pc=0x000000000337cda0 method=com.android.dx.ssa.SsaRenamer$BlockRenamer.addMapping(ILcom/android/dx/rop/code/RegisterSpec;)V @ 120
Event: 7.551 Thread 0x0000000016bf6000 Uncommon trap: reason=class_check action=maybe_recompile pc=0x0000000003422c14 method=com.android.dx.cf.code.RopperMachine.run(Lcom/android/dx/cf/code/Frame;II)V @ 988
Event: 8.144 Thread 0x0000000016bf9800 Uncommon trap: reason=bimorphic action=maybe_recompile pc=0x000000000347b57c method=com.android.dx.cf.code.Merger.mergeType(Lcom/android/dx/rop/type/TypeBearer;Lcom/android/dx/rop/type/TypeBearer;)Lcom/android/dx/rop/type/TypeBearer; @ 21
Event: 8.342 Thread 0x0000000016bf6000 Uncommon trap: reason=bimorphic action=maybe_recompile pc=0x000000000347b58c method=com.android.dx.cf.code.Merger.mergeType(Lcom/android/dx/rop/type/TypeBearer;Lcom/android/dx/rop/type/TypeBearer;)Lcom/android/dx/rop/type/TypeBearer; @ 28

Internal exceptions (3 events):
Event: 0.482 Thread 0x0000000002c1e000 Exception <a 'java/lang/NoSuchMethodError': Method sun.misc.Unsafe.defineClass(Ljava/lang/String;[BII)Ljava/lang/Class; name or signature does not match> (0x00000000eab12f28) thrown at [C:\re\workspace\8-2-build-windows-amd64-cygwin\jdk8u45\3627\hotspot\sr4Á«¢N÷ﬁ?
Event: 0.482 Thread 0x0000000002c1e000 Exception <a 'java/lang/NoSuchMethodError': Method sun.misc.Unsafe.prefetchRead(Ljava/lang/Object;J)V name or signature does not match> (0x00000000eab131b8) thrown at [C:\re\workspace\8-2-build-windows-amd64-cygwin\jdk8u45\3627\hotspot\src\share\vm\prims\jUùû^Õ
Event: 2.100 Thread 0x0000000016bf6000 Implicit null exception at 0x000000000300aea2 to 0x000000000300afa5

Events (10 events):
Event: 8.487 Executing VM operation: RevokeBias
Event: 8.487 Executing VM operation: RevokeBias done
Event: 8.487 Executing VM operation: BulkRevokeBias
Event: 8.487 Executing VM operation: BulkRevokeBias done
Event: 9.182 loading class com/android/dx/cf/iface/ParseObserver
Event: 9.182 loading class com/android/dx/cf/iface/ParseObserver done
Event: 16.438 Thread 0x0000000016bfc000 DEOPT PACKING pc=0x00000000031aa5bd sp=0x000000001774eee0
Event: 16.438 Thread 0x0000000016bfc000 DEOPT UNPACKING pc=0x0000000002d6787f sp=0x000000001774ec18 mode 0
Event: 16.439 Thread 0x0000000016bfc000 DEOPT PACKING pc=0x00000000031fe92d sp=0x000000001774eec0
Event: 16.439 Thread 0x0000000016bfc000 DEOPT UNPACKING pc=0x0000000002d6787f sp=0x000000001774ec50 mode 0


Dynamic libraries:
0x00007ff6b1340000 - 0x00007ff6b1377000 	C:\Program Files\Java\jdk1.8.0_45\bin\java.exe
0x00007ff90dea0000 - 0x00007ff90e071000 	C:\WINDOWS\SYSTEM32\ntdll.dll
0x00007ff90d3b0000 - 0x00007ff90d45b000 	C:\WINDOWS\System32\KERNEL32.DLL
0x00007ff90a560000 - 0x00007ff90a77d000 	C:\WINDOWS\System32\KERNELBASE.dll
0x00007ff90ba40000 - 0x00007ff90bae2000 	C:\WINDOWS\System32\ADVAPI32.dll
0x00007ff90bd70000 - 0x00007ff90be0e000 	C:\WINDOWS\System32\msvcrt.dll
0x00007ff90b780000 - 0x00007ff90b7d9000 	C:\WINDOWS\System32\sechost.dll
0x00007ff90b540000 - 0x00007ff90b661000 	C:\WINDOWS\System32\RPCRT4.dll
0x00007ff90bbf0000 - 0x00007ff90bd55000 	C:\WINDOWS\System32\USER32.dll
0x00007ff90a990000 - 0x00007ff90a9ae000 	C:\WINDOWS\System32\win32u.dll
0x00007ff90b800000 - 0x00007ff90b834000 	C:\WINDOWS\System32\GDI32.dll
0x00007ff90a780000 - 0x00007ff90a902000 	C:\WINDOWS\System32\gdi32full.dll
0x00007ff906280000 - 0x00007ff9064fa000 	C:\WINDOWS\WinSxS\amd64_microsoft.windows.common-controls_6595b64144ccf1df_6.0.14393.351_none_4213128bc687e6d3\COMCTL32.dll
0x00007ff90b270000 - 0x00007ff90b537000 	C:\WINDOWS\System32\combase.dll
0x00007ff90b140000 - 0x00007ff90b235000 	C:\WINDOWS\System32\ucrtbase.dll
0x00007ff90a910000 - 0x00007ff90a97a000 	C:\WINDOWS\System32\bcryptPrimitives.dll
0x00007ff90dda0000 - 0x00007ff90ddce000 	C:\WINDOWS\System32\IMM32.DLL
0x000000006a300000 - 0x000000006a3d2000 	C:\Program Files\Java\jdk1.8.0_45\jre\bin\msvcr100.dll
0x000000006a7c0000 - 0x000000006b043000 	C:\Program Files\Java\jdk1.8.0_45\jre\bin\server\jvm.dll
0x00007ff90b240000 - 0x00007ff90b263000 	C:\WINDOWS\System32\WINMM.dll
0x00007ff90a100000 - 0x00007ff90a12b000 	C:\WINDOWS\System32\WINMMBASE.dll
0x00007ff90a4c0000 - 0x00007ff90a502000 	C:\WINDOWS\System32\cfgmgr32.dll
0x00007ff90de90000 - 0x00007ff90de98000 	C:\WINDOWS\System32\PSAPI.DLL
0x00007ff8ffaa0000 - 0x00007ff8ffaa9000 	C:\WINDOWS\SYSTEM32\WSOCK32.dll
0x00007ff90d760000 - 0x00007ff90d7ca000 	C:\WINDOWS\System32\WS2_32.dll
0x00007ff906e90000 - 0x00007ff906e9a000 	C:\WINDOWS\SYSTEM32\VERSION.dll
0x000000006a7b0000 - 0x000000006a7bf000 	C:\Program Files\Java\jdk1.8.0_45\jre\bin\verify.dll
0x000000006a780000 - 0x000000006a7a9000 	C:\Program Files\Java\jdk1.8.0_45\jre\bin\java.dll
0x000000006a760000 - 0x000000006a776000 	C:\Program Files\Java\jdk1.8.0_45\jre\bin\zip.dll
0x00007ff90bea0000 - 0x00007ff90d3a9000 	C:\WINDOWS\System32\SHELL32.dll
0x00007ff90a9b0000 - 0x00007ff90b08a000 	C:\WINDOWS\System32\windows.storage.dll
0x00007ff90a510000 - 0x00007ff90a55c000 	C:\WINDOWS\System32\powrprof.dll
0x00007ff90be40000 - 0x00007ff90be92000 	C:\WINDOWS\System32\shlwapi.dll
0x00007ff90a0d0000 - 0x00007ff90a0df000 	C:\WINDOWS\System32\kernel.appcore.dll
0x00007ff90a1a0000 - 0x00007ff90a249000 	C:\WINDOWS\System32\shcore.dll
0x00007ff90a0e0000 - 0x00007ff90a0f4000 	C:\WINDOWS\System32\profapi.dll
0x00007ff8f99a0000 - 0x00007ff8f9b32000 	C:\WINDOWS\SYSTEM32\dbghelp.dll

VM Arguments:
jvm_args: -Djava.awt.headless=true -Xmx1024M -Dfile.encoding=GBK -Duser.country=CN -Duser.language=zh -Duser.variant 
java_command: com.android.dx.command.Main --dex --num-threads=4 --output D:\AndroidStudioProject\YuYuBuyer\app\build\intermediates\pre-dexed\debug\debug_642bfe18ef9ae5461042f0ef0e42e6c9642af817.jar D:\AndroidStudioProject\YuYuBuyer\app\build\intermediates\classes\debug
java_class_path (initial): D:\ruanjian\AndroidSdk\build-tools\24.0.0\lib\dx.jar
Launcher Type: SUN_STANDARD

Environment Variables:
JAVA_HOME=C:\Program Files\Java\jdk1.8.0_45
CLASSPATH=C:\Program Files\Java\jdk1.8.0_45\jre\lib;D:\ruanjian\Tomcat7.0\apache-tomcat-7.0.69-windows-x64\apache-tomcat-7.0.69\lib\jsp-api.jar;D:\ruanjian\Tomcat7.0\apache-tomcat-7.0.69-windows-x64\apache-tomcat-7.0.69\lib\servlet-api.jar;
PATH=C:\Program Files\Java\jdk1.8.0_45\bin;E:\adt-bundle-windows-x86_64-20130729\sdk\platform-tools;E:\adt-bundle-windows-x86_64-20130729\sdk\tools;C:\Program Files\Broadcom\Broadcom 802.11 Network Adapter;C:\ProgramData\Oracle\Java\javapath;C:\Windows\system32;C:\Windows;C:\Windows\System32\Wbem;C:\Windows\System32\WindowsPowerShell\v1.0\;C:\Program Files (x86)\NVIDIA Corporation\PhysX\Common;D:\ruanjian\Tomcat7.0\apache-tomcat-7.0.69-windows-x64\apache-tomcat-7.0.69\bin;D:\ruanjian\TortoiseGIT\bin;D:\ruanjian\NDK64\android-ndk-r9d-windows-x86\android-ndk-r9d;C:\WINDOWS\system32;C:\WINDOWS;C:\WINDOWS\System32\Wbem;C:\WINDOWS\System32\WindowsPowerShell\v1.0\;D:\ruanjian\AndroidStudio\gradle\gradle-2.10\bin;D:\ruanjian\Git\Git\bin;C:\Program Files\TortoiseSVN\bin;C:\Users\Administrator\AppData\Local\Microsoft\WindowsApps;
USERNAME=Administrator
OS=Windows_NT
PROCESSOR_IDENTIFIER=Intel64 Family 6 Model 60 Stepping 3, GenuineIntel



---------------  S Y S T E M  ---------------

OS: Windows 10.0 , 64 bit Build 14393 (10.0.14393.0)

CPU:total 4 (2 cores per cpu, 2 threads per core) family 6 model 60 stepping 3, cmov, cx8, fxsr, mmx, sse, sse2, sse3, ssse3, sse4.1, sse4.2, popcnt, avx, avx2, aes, clmul, erms, lzcnt, ht, tsc, tscinvbit, bmi1, bmi2

Memory: 4k page, physical 8268816k(1229476k free), swap 8268816k(3032k free)

vm_info: Java HotSpot(TM) 64-Bit Server VM (25.45-b02) for windows-amd64 JRE (1.8.0_45-b15), built on Apr 30 2015 12:40:44 by "java_re" with MS VC++ 10.0 (VS2010)

time: Mon Nov 07 18:07:45 2016
elapsed time: 16 seconds (0d 0h 0m 16s)

