#
# There is insufficient memory for the Java Runtime Environment to continue.
# Native memory allocation (malloc) failed to allocate 962896 bytes for Chunk::new
# Possible reasons:
#   The system is out of physical RAM or swap space
#   In 32 bit mode, the process size limit was hit
# Possible solutions:
#   Reduce memory load on the system
#   Increase physical memory or swap space
#   Check if swap backing store is full
#   Use 64 bit Java on a 64 bit OS
#   Decrease Java heap size (-Xmx/-Xms)
#   Decrease number of Java threads
#   Decrease Java thread stack sizes (-Xss)
#   Set larger code cache with -XX:ReservedCodeCacheSize=
# This output file may be truncated or incomplete.
#
#  Out of Memory Error (allocation.cpp:390), pid=3908, tid=14380
#
# JRE version: Java(TM) SE Runtime Environment (8.0_45-b15) (build 1.8.0_45-b15)
# Java VM: Java HotSpot(TM) 64-Bit Server VM (25.45-b02 mixed mode windows-amd64 compressed oops)
# Failed to write core dump. Minidumps are not enabled by default on client versions of Windows
#

---------------  T H R E A D  ---------------

Current thread (0x00000000166e0800):  JavaThread "C2 CompilerThread1" daemon [_thread_in_native, id=14380, stack(0x0000000016ae0000,0x0000000016be0000)]

Stack: [0x0000000016ae0000,0x0000000016be0000]
Native frames: (J=compiled Java code, j=interpreted, Vv=VM code, C=native code)
V  [jvm.dll+0x32b57a]
V  [jvm.dll+0x279873]
V  [jvm.dll+0x27a509]
V  [jvm.dll+0x271825]
V  [jvm.dll+0xcb9e2]
V  [jvm.dll+0xcbeac]
V  [jvm.dll+0x476ef2]
V  [jvm.dll+0x4b955f]
V  [jvm.dll+0x46bf81]
V  [jvm.dll+0x46ccbe]
V  [jvm.dll+0x4500f2]
V  [jvm.dll+0xa4352]
V  [jvm.dll+0xa4c8f]
V  [jvm.dll+0x241984]
V  [jvm.dll+0x29853a]
C  [msvcr100.dll+0x21d9f]
C  [msvcr100.dll+0x21e3b]
C  [KERNEL32.DLL+0x8364]
C  [ntdll.dll+0x65e91]


Current CompileTask:
C2:   9947 1882       4       com.android.dx.ssa.LocalVariableExtractor::processBlock (383 bytes)


---------------  P R O C E S S  ---------------

Java Threads: ( => current thread )
  0x0000000016974000 JavaThread "pool-1-thread-4" [_thread_in_vm, id=9260, stack(0x00000000172e0000,0x00000000173e0000)]
  0x0000000016971800 JavaThread "pool-1-thread-3" [_thread_blocked, id=8636, stack(0x00000000171e0000,0x00000000172e0000)]
  0x00000000169a9800 JavaThread "pool-1-thread-2" [_thread_in_vm, id=14532, stack(0x00000000170e0000,0x00000000171e0000)]
  0x00000000169b3000 JavaThread "pool-2-thread-1" [_thread_blocked, id=15192, stack(0x0000000016fe0000,0x00000000170e0000)]
  0x00000000169af800 JavaThread "pool-1-thread-1" [_thread_in_Java, id=11880, stack(0x0000000016ee0000,0x0000000016fe0000)]
  0x000000001676b800 JavaThread "Service Thread" daemon [_thread_blocked, id=7688, stack(0x0000000016ce0000,0x0000000016de0000)]
  0x00000000166e9800 JavaThread "C1 CompilerThread2" daemon [_thread_blocked, id=14672, stack(0x0000000016be0000,0x0000000016ce0000)]
=>0x00000000166e0800 JavaThread "C2 CompilerThread1" daemon [_thread_in_native, id=14380, stack(0x0000000016ae0000,0x0000000016be0000)]
  0x00000000150eb800 JavaThread "C2 CompilerThread0" daemon [_thread_blocked, id=6448, stack(0x00000000165e0000,0x00000000166e0000)]
  0x00000000150ea800 JavaThread "Attach Listener" daemon [_thread_blocked, id=5632, stack(0x00000000164e0000,0x00000000165e0000)]
  0x000000001509e000 JavaThread "Signal Dispatcher" daemon [_thread_blocked, id=6140, stack(0x00000000163e0000,0x00000000164e0000)]
  0x00000000029b1000 JavaThread "Finalizer" daemon [_thread_blocked, id=14424, stack(0x00000000162e0000,0x00000000163e0000)]
  0x00000000029ae800 JavaThread "Reference Handler" daemon [_thread_blocked, id=8112, stack(0x00000000161e0000,0x00000000162e0000)]
  0x00000000028be000 JavaThread "main" [_thread_blocked, id=11420, stack(0x0000000002710000,0x0000000002810000)]

Other Threads:
  0x0000000015057000 VMThread [stack: 0x00000000160e0000,0x00000000161e0000] [id=7584]
  0x000000001677d800 WatcherThread [stack: 0x0000000016de0000,0x0000000016ee0000] [id=6316]

VM state:synchronizing (normal execution)

VM Mutex/Monitor currently owned by a thread:  ([mutex/lock_event])
[0x00000000028bca50] Safepoint_lock - owner thread: 0x0000000015057000
[0x00000000028bced0] Threads_lock - owner thread: 0x0000000015057000
[0x00000000028bd750] Heap_lock - owner thread: 0x00000000028be000

Heap:
 PSYoungGen      total 38400K, used 38375K [0x00000000eab00000, 0x00000000ef600000, 0x0000000100000000)
  eden space 33280K, 100% used [0x00000000eab00000,0x00000000ecb80000,0x00000000ecb80000)
  from space 5120K, 99% used [0x00000000ecb80000,0x00000000ed079c28,0x00000000ed080000)
  to   space 5120K, 0% used [0x00000000ef100000,0x00000000ef100000,0x00000000ef600000)
 ParOldGen       total 87552K, used 11172K [0x00000000c0000000, 0x00000000c5580000, 0x00000000eab00000)
  object space 87552K, 12% used [0x00000000c0000000,0x00000000c0ae9240,0x00000000c5580000)
 Metaspace       used 6397K, capacity 7192K, committed 7424K, reserved 1056768K
  class space    used 614K, capacity 656K, committed 768K, reserved 1048576K

Card table byte_map: [0x0000000011d80000,0x0000000011f90000] byte_map_base: 0x0000000011780000

Marking Bits: (ParMarkBitMap*) 0x0000000055e04040
 Begin Bits: [0x00000000124f0000, 0x00000000134f0000)
 End Bits:   [0x00000000134f0000, 0x00000000144f0000)

Polling page: 0x00000000022f0000

CodeCache: size=245760Kb used=8364Kb max_used=8364Kb free=237395Kb
 bounds [0x00000000029c0000, 0x0000000003200000, 0x00000000119c0000]
 total_blobs=2162 nmethods=1890 adapters=184
 compilation: enabled

Compilation events (10 events):
Event: 9.645 Thread 0x00000000150eb800 nmethod 1784 0x0000000003047b10 code [0x0000000003047c40, 0x0000000003047cb8]
Event: 9.645 Thread 0x00000000150eb800 1804       4       com.android.dx.rop.code.RegisterSpecList::set (7 bytes)
Event: 9.646 Thread 0x00000000150eb800 nmethod 1804 0x00000000031d77d0 code [0x00000000031d7920, 0x00000000031d7a38]
Event: 9.646 Thread 0x00000000150eb800 1660       4       com.android.dx.ssa.SsaInsn::<init> (29 bytes)
Event: 9.647 Thread 0x00000000150eb800 nmethod 1660 0x000000000308ded0 code [0x000000000308e000, 0x000000000308e098]
Event: 9.647 Thread 0x00000000150eb800 1638       4       com.android.dx.ssa.back.LivenessAnalyzer::<init> (55 bytes)
Event: 9.651 Thread 0x00000000150eb800 nmethod 1638 0x00000000031d5550 code [0x00000000031d56c0, 0x00000000031d5a98]
Event: 9.651 Thread 0x00000000150eb800 1885   !   4       com.android.dx.ssa.LocalVariableInfo::setStarts (40 bytes)
Event: 9.651 Thread 0x00000000150eb800 nmethod 1885 0x00000000031d51d0 code [0x00000000031d5320, 0x00000000031d5418]
Event: 9.651 Thread 0x00000000150eb800 1768       4       com.android.dx.dex.code.RopTranslator::outputBlock (202 bytes)

GC Heap History (6 events):
Event: 3.662 GC heap before
{Heap before GC invocations=1 (full 0):
 PSYoungGen      total 38400K, used 33280K [0x00000000eab00000, 0x00000000ed580000, 0x0000000100000000)
  eden space 33280K, 100% used [0x00000000eab00000,0x00000000ecb80000,0x00000000ecb80000)
  from space 5120K, 0% used [0x00000000ed080000,0x00000000ed080000,0x00000000ed580000)
  to   space 5120K, 0% used [0x00000000ecb80000,0x00000000ecb80000,0x00000000ed080000)
 ParOldGen       total 87552K, used 0K [0x00000000c0000000, 0x00000000c5580000, 0x00000000eab00000)
  object space 87552K, 0% used [0x00000000c0000000,0x00000000c0000000,0x00000000c5580000)
 Metaspace       used 6053K, capacity 6960K, committed 7040K, reserved 1056768K
  class space    used 593K, capacity 616K, committed 640K, reserved 1048576K
Event: 3.672 GC heap after
Heap after GC invocations=1 (full 0):
 PSYoungGen      total 38400K, used 5094K [0x00000000eab00000, 0x00000000ed580000, 0x0000000100000000)
  eden space 33280K, 0% used [0x00000000eab00000,0x00000000eab00000,0x00000000ecb80000)
  from space 5120K, 99% used [0x00000000ecb80000,0x00000000ed079bd0,0x00000000ed080000)
  to   space 5120K, 0% used [0x00000000ed080000,0x00000000ed080000,0x00000000ed580000)
 ParOldGen       total 87552K, used 1548K [0x00000000c0000000, 0x00000000c5580000, 0x00000000eab00000)
  object space 87552K, 1% used [0x00000000c0000000,0x00000000c0183390,0x00000000c5580000)
 Metaspace       used 6053K, capacity 6960K, committed 7040K, reserved 1056768K
  class space    used 593K, capacity 616K, committed 640K, reserved 1048576K
}
Event: 6.773 GC heap before
{Heap before GC invocations=2 (full 0):
 PSYoungGen      total 38400K, used 38374K [0x00000000eab00000, 0x00000000ed580000, 0x0000000100000000)
  eden space 33280K, 100% used [0x00000000eab00000,0x00000000ecb80000,0x00000000ecb80000)
  from space 5120K, 99% used [0x00000000ecb80000,0x00000000ed079bd0,0x00000000ed080000)
  to   space 5120K, 0% used [0x00000000ed080000,0x00000000ed080000,0x00000000ed580000)
 ParOldGen       total 87552K, used 1548K [0x00000000c0000000, 0x00000000c5580000, 0x00000000eab00000)
  object space 87552K, 1% used [0x00000000c0000000,0x00000000c0183390,0x00000000c5580000)
 Metaspace       used 6295K, capacity 7128K, committed 7424K, reserved 1056768K
  class space    used 614K, capacity 656K, committed 768K, reserved 1048576K
Event: 7.592 GC heap after
Heap after GC invocations=2 (full 0):
 PSYoungGen      total 38400K, used 5098K [0x00000000eab00000, 0x00000000ef600000, 0x0000000100000000)
  eden space 33280K, 0% used [0x00000000eab00000,0x00000000eab00000,0x00000000ecb80000)
  from space 5120K, 99% used [0x00000000ed080000,0x00000000ed57a8e0,0x00000000ed580000)
  to   space 5120K, 0% used [0x00000000ecb80000,0x00000000ecb80000,0x00000000ed080000)
 ParOldGen       total 87552K, used 6117K [0x00000000c0000000, 0x00000000c5580000, 0x00000000eab00000)
  object space 87552K, 6% used [0x00000000c0000000,0x00000000c05f9440,0x00000000c5580000)
 Metaspace       used 6295K, capacity 7128K, committed 7424K, reserved 1056768K
  class space    used 614K, capacity 656K, committed 768K, reserved 1048576K
}
Event: 8.268 GC heap before
{Heap before GC invocations=3 (full 0):
 PSYoungGen      total 38400K, used 38378K [0x00000000eab00000, 0x00000000ef600000, 0x0000000100000000)
  eden space 33280K, 100% used [0x00000000eab00000,0x00000000ecb80000,0x00000000ecb80000)
  from space 5120K, 99% used [0x00000000ed080000,0x00000000ed57a8e0,0x00000000ed580000)
  to   space 5120K, 0% used [0x00000000ecb80000,0x00000000ecb80000,0x00000000ed080000)
 ParOldGen       total 87552K, used 6117K [0x00000000c0000000, 0x00000000c5580000, 0x00000000eab00000)
  object space 87552K, 6% used [0x00000000c0000000,0x00000000c05f9440,0x00000000c5580000)
 Metaspace       used 6360K, capacity 7128K, committed 7424K, reserved 1056768K
  class space    used 614K, capacity 656K, committed 768K, reserved 1048576K
Event: 9.391 GC heap after
Heap after GC invocations=3 (full 0):
 PSYoungGen      total 38400K, used 5095K [0x00000000eab00000, 0x00000000ef600000, 0x0000000100000000)
  eden space 33280K, 0% used [0x00000000eab00000,0x00000000eab00000,0x00000000ecb80000)
  from space 5120K, 99% used [0x00000000ecb80000,0x00000000ed079c28,0x00000000ed080000)
  to   space 5120K, 0% used [0x00000000ef100000,0x00000000ef100000,0x00000000ef600000)
 ParOldGen       total 87552K, used 11172K [0x00000000c0000000, 0x00000000c5580000, 0x00000000eab00000)
  object space 87552K, 12% used [0x00000000c0000000,0x00000000c0ae9240,0x00000000c5580000)
 Metaspace       used 6360K, capacity 7128K, committed 7424K, reserved 1056768K
  class space    used 614K, capacity 656K, committed 768K, reserved 1048576K
}

Deoptimization events (10 events):
Event: 6.149 Thread 0x0000000016971800 Uncommon trap: reason=bimorphic action=maybe_recompile pc=0x00000000030618a8 method=com.android.dx.cf.code.RopperMachine.run(Lcom/android/dx/cf/code/Frame;II)V @ 310
Event: 6.179 Thread 0x00000000169a9800 Uncommon trap: reason=unstable_if action=reinterpret pc=0x0000000002ec255c method=java.util.HashMap.putVal(ILjava/lang/Object;Ljava/lang/Object;ZZ)Ljava/lang/Object; @ 162
Event: 6.184 Thread 0x00000000169a9800 Uncommon trap: reason=unstable_if action=reinterpret pc=0x0000000002eb4c90 method=java.util.HashMap.getNode(ILjava/lang/Object;)Ljava/util/HashMap$Node; @ 84
Event: 6.769 Thread 0x00000000169a9800 Uncommon trap: reason=unstable_if action=reinterpret pc=0x0000000002edcb60 method=java.util.HashMap.getNode(ILjava/lang/Object;)Ljava/util/HashMap$Node; @ 84
Event: 8.026 Thread 0x00000000169a9800 Uncommon trap: reason=unstable_if action=reinterpret pc=0x0000000002f11e14 method=java.util.HashMap.putVal(ILjava/lang/Object;Ljava/lang/Object;ZZ)Ljava/lang/Object; @ 162
Event: 8.042 Thread 0x00000000169a9800 Uncommon trap: reason=unstable_if action=reinterpret pc=0x0000000002f1b854 method=java.util.HashMap.putVal(ILjava/lang/Object;Ljava/lang/Object;ZZ)Ljava/lang/Object; @ 162
Event: 8.067 Thread 0x0000000016974000 Uncommon trap: reason=unstable_if action=reinterpret pc=0x00000000030512f8 method=com.android.dx.util.BitIntSet.has(I)Z @ 8
Event: 8.075 Thread 0x0000000016974000 Uncommon trap: reason=unstable_if action=reinterpret pc=0x0000000002fd9290 method=java.util.HashMap.resize()[Ljava/util/HashMap$Node; @ 206
Event: 8.085 Thread 0x0000000016974000 Uncommon trap: reason=unstable_if action=reinterpret pc=0x0000000002f5e18c method=com.android.dx.ssa.SCCP.simulateBranch(Lcom/android/dx/ssa/SsaInsn;)V @ 64
Event: 9.560 Thread 0x00000000169af800 Uncommon trap: reason=unstable_if action=reinterpret pc=0x0000000003151360 method=com.android.dx.cf.code.ByteCatchList.listFor(I)Lcom/android/dx/cf/code/ByteCatchList; @ 47

Internal exceptions (7 events):
Event: 0.053 Thread 0x00000000028be000 Exception <a 'java/lang/NoSuchMethodError': Method sun.misc.Unsafe.defineClass(Ljava/lang/String;[BII)Ljava/lang/Class; name or signature does not match> (0x00000000eab12f28) thrown at [C:\re\workspace\8-2-build-windows-amd64-cygwin\jdk8u45\3627\hotspot\sr	˘ñÅß´?
Event: 0.053 Thread 0x00000000028be000 Exception <a 'java/lang/NoSuchMethodError': Method sun.misc.Unsafe.prefetchRead(Ljava/lang/Object;J)V name or signature does not match> (0x00000000eab131b8) thrown at [C:\re\workspace\8-2-build-windows-amd64-cygwin\jdk8u45\3627\hotspot\src\share\vm\prims\j(Bπﬂgìˇ?
Event: 1.973 Thread 0x00000000028be000 Implicit null exception at 0x0000000002d39263 to 0x0000000002d3c20d
Event: 1.974 Thread 0x00000000028be000 Implicit null exception at 0x0000000002d019ea to 0x0000000002d044b9
Event: 6.181 Thread 0x00000000169a9800 Exception <a 'java/lang/ArrayIndexOutOfBoundsException': 18> (0x00000000ec9e2178) thrown at [C:\re\workspace\8-2-build-windows-amd64-cygwin\jdk8u45\3627\hotspot\src\share\vm\interpreter\interpreterRuntime.cpp, line 366]
Event: 6.181 Thread 0x00000000169a9800 Exception <a 'java/lang/ArrayIndexOutOfBoundsException': 145> (0x00000000ec9e3c48) thrown at [C:\re\workspace\8-2-build-windows-amd64-cygwin\jdk8u45\3627\hotspot\src\share\vm\interpreter\interpreterRuntime.cpp, line 366]
Event: 6.182 Thread 0x00000000169a9800 Exception <a 'java/lang/ArrayIndexOutOfBoundsException'> (0x00000000ec9e4e80) thrown at [C:\re\workspace\8-2-build-windows-amd64-cygwin\jdk8u45\3627\hotspot\src\share\vm\runtime\sharedRuntime.cpp, line 605]

Events (10 events):
Event: 9.448 Thread 0x00000000169af800 DEOPT UNPACKING pc=0x0000000002a0787f sp=0x0000000016fdeb10 mode 0
Event: 9.550 Thread 0x0000000016974000 DEOPT PACKING pc=0x0000000002c59a39 sp=0x00000000173de730
Event: 9.550 Thread 0x0000000016974000 DEOPT UNPACKING pc=0x0000000002a0787f sp=0x00000000173de460 mode 0
Event: 9.560 Thread 0x00000000169af800 Uncommon trap: trap_request=0xffffff65 fr.pc=0x0000000003151360
Event: 9.560 Thread 0x00000000169af800 DEOPT PACKING pc=0x0000000003151360 sp=0x0000000016fdebd0
Event: 9.560 Thread 0x00000000169af800 DEOPT UNPACKING pc=0x0000000002a0582a sp=0x0000000016fdea40 mode 2
Event: 9.596 Thread 0x00000000028be000 DEOPT PACKING pc=0x0000000003179da1 sp=0x000000000280e960
Event: 9.596 Thread 0x00000000028be000 DEOPT UNPACKING pc=0x0000000002a0787f sp=0x000000000280e720 mode 0
Event: 9.597 Thread 0x00000000169a9800 DEOPT PACKING pc=0x0000000002c59a39 sp=0x00000000171de840
Event: 9.597 Thread 0x00000000169a9800 DEOPT UNPACKING pc=0x0000000002a0787f sp=0x00000000171de570 mode 0


Dynamic libraries:
0x00007ff75d6f0000 - 0x00007ff75d727000 	C:\Program Files\Java\jdk1.8.0_45\bin\java.exe
0x00007ffc328c0000 - 0x00007ffc32a91000 	C:\WINDOWS\SYSTEM32\ntdll.dll
0x00007ffc32430000 - 0x00007ffc324db000 	C:\WINDOWS\System32\KERNEL32.DLL
0x00007ffc2f520000 - 0x00007ffc2f73d000 	C:\WINDOWS\System32\KERNELBASE.dll
0x00007ffc2ffa0000 - 0x00007ffc30042000 	C:\WINDOWS\System32\ADVAPI32.dll
0x00007ffc324e0000 - 0x00007ffc3257e000 	C:\WINDOWS\System32\msvcrt.dll
0x00007ffc30520000 - 0x00007ffc30579000 	C:\WINDOWS\System32\sechost.dll
0x00007ffc30850000 - 0x00007ffc30971000 	C:\WINDOWS\System32\RPCRT4.dll
0x00007ffc306e0000 - 0x00007ffc30845000 	C:\WINDOWS\System32\USER32.dll
0x00007ffc2f8d0000 - 0x00007ffc2f8ee000 	C:\WINDOWS\System32\win32u.dll
0x00007ffc31e90000 - 0x00007ffc31ec4000 	C:\WINDOWS\System32\GDI32.dll
0x00007ffc2f740000 - 0x00007ffc2f8c2000 	C:\WINDOWS\System32\gdi32full.dll
0x00007ffc2a8f0000 - 0x00007ffc2ab6a000 	C:\WINDOWS\WinSxS\amd64_microsoft.windows.common-controls_6595b64144ccf1df_6.0.14393.351_none_4213128bc687e6d3\COMCTL32.dll
0x00007ffc32140000 - 0x00007ffc32407000 	C:\WINDOWS\System32\combase.dll
0x00007ffc2f8f0000 - 0x00007ffc2f9e5000 	C:\WINDOWS\System32\ucrtbase.dll
0x00007ffc2ecb0000 - 0x00007ffc2ed1a000 	C:\WINDOWS\System32\bcryptPrimitives.dll
0x00007ffc2fc90000 - 0x00007ffc2fcbe000 	C:\WINDOWS\System32\IMM32.DLL
0x0000000055030000 - 0x0000000055102000 	C:\Program Files\Java\jdk1.8.0_45\jre\bin\msvcr100.dll
0x0000000055600000 - 0x0000000055e83000 	C:\Program Files\Java\jdk1.8.0_45\jre\bin\server\jvm.dll
0x00007ffc2f9f0000 - 0x00007ffc2fa13000 	C:\WINDOWS\System32\WINMM.dll
0x00007ffc2eaf0000 - 0x00007ffc2eb1b000 	C:\WINDOWS\System32\WINMMBASE.dll
0x00007ffc2eb60000 - 0x00007ffc2eba2000 	C:\WINDOWS\System32\cfgmgr32.dll
0x00007ffc326f0000 - 0x00007ffc326f8000 	C:\WINDOWS\System32\PSAPI.DLL
0x00007ffc25420000 - 0x00007ffc25429000 	C:\WINDOWS\SYSTEM32\WSOCK32.dll
0x00007ffc32580000 - 0x00007ffc325ea000 	C:\WINDOWS\System32\WS2_32.dll
0x00007ffc2b740000 - 0x00007ffc2b74a000 	C:\WINDOWS\SYSTEM32\VERSION.dll
0x00000000555f0000 - 0x00000000555ff000 	C:\Program Files\Java\jdk1.8.0_45\jre\bin\verify.dll
0x00000000555c0000 - 0x00000000555e9000 	C:\Program Files\Java\jdk1.8.0_45\jre\bin\java.dll
0x00000000555a0000 - 0x00000000555b6000 	C:\Program Files\Java\jdk1.8.0_45\jre\bin\zip.dll
0x00007ffc30980000 - 0x00007ffc31e89000 	C:\WINDOWS\System32\SHELL32.dll
0x00007ffc2ee40000 - 0x00007ffc2f51a000 	C:\WINDOWS\System32\windows.storage.dll
0x00007ffc2ec60000 - 0x00007ffc2ecac000 	C:\WINDOWS\System32\powrprof.dll
0x00007ffc32070000 - 0x00007ffc320c2000 	C:\WINDOWS\System32\shlwapi.dll
0x00007ffc2eb20000 - 0x00007ffc2eb2f000 	C:\WINDOWS\System32\kernel.appcore.dll
0x00007ffc2ebb0000 - 0x00007ffc2ec59000 	C:\WINDOWS\System32\shcore.dll
0x00007ffc2eb30000 - 0x00007ffc2eb44000 	C:\WINDOWS\System32\profapi.dll
0x00007ffc20a40000 - 0x00007ffc20bd2000 	C:\WINDOWS\SYSTEM32\dbghelp.dll

VM Arguments:
jvm_args: -Djava.awt.headless=true -Xmx1024M -Dfile.encoding=GBK -Duser.country=CN -Duser.language=zh -Duser.variant 
java_command: com.android.dx.command.Main --dex --num-threads=4 --output D:\AndroidStudioProject\YuYuBuyer\app\build\intermediates\pre-dexed\debug\glide-3.7.0_1f3ddf859a86296da03fddcf50d19f29d652df81.jar C:\Users\Administrator\.gradle\caches\modules-2\files-2.1\com.github.bumptech.glide\glide\3.7.0\9e9eeaf9948ee4d6c3ab354e8dc14368f16994a4\glide-3.7.0.jar
java_class_path (initial): D:\ruanjian\AndroidSdk\build-tools\24.0.0\lib\dx.jar
Launcher Type: SUN_STANDARD

Environment Variables:
JAVA_HOME=C:\Program Files\Java\jdk1.8.0_45
CLASSPATH=C:\Program Files\Java\jdk1.8.0_45\jre\lib;D:\ruanjian\Tomcat7.0\apache-tomcat-7.0.69-windows-x64\apache-tomcat-7.0.69\lib\jsp-api.jar;D:\ruanjian\Tomcat7.0\apache-tomcat-7.0.69-windows-x64\apache-tomcat-7.0.69\lib\servlet-api.jar;
PATH=C:\Program Files\Java\jdk1.8.0_45\bin;E:\adt-bundle-windows-x86_64-20130729\sdk\platform-tools;E:\adt-bundle-windows-x86_64-20130729\sdk\tools;C:\Program Files\Broadcom\Broadcom 802.11 Network Adapter;C:\ProgramData\Oracle\Java\javapath;C:\Windows\system32;C:\Windows;C:\Windows\System32\Wbem;C:\Windows\System32\WindowsPowerShell\v1.0\;C:\Program Files (x86)\NVIDIA Corporation\PhysX\Common;D:\ruanjian\Tomcat7.0\apache-tomcat-7.0.69-windows-x64\apache-tomcat-7.0.69\bin;D:\ruanjian\TortoiseGIT\bin;D:\ruanjian\NDK64\android-ndk-r9d-windows-x86\android-ndk-r9d;C:\WINDOWS\system32;C:\WINDOWS;C:\WINDOWS\System32\Wbem;C:\WINDOWS\System32\WindowsPowerShell\v1.0\;D:\ruanjian\AndroidStudio\gradle\gradle-2.10\bin;D:\ruanjian\Git\Git\bin;C:\Program Files\TortoiseSVN\bin;C:\Users\Administrator\AppData\Local\Microsoft\WindowsApps;
USERNAME=Administrator
OS=Windows_NT
PROCESSOR_IDENTIFIER=Intel64 Family 6 Model 60 Stepping 3, GenuineIntel



---------------  S Y S T E M  ---------------

OS: Windows 10.0 , 64 bit Build 14393 (10.0.14393.0)

CPU:total 4 (2 cores per cpu, 2 threads per core) family 6 model 60 stepping 3, cmov, cx8, fxsr, mmx, sse, sse2, sse3, ssse3, sse4.1, sse4.2, popcnt, avx, avx2, aes, clmul, erms, lzcnt, ht, tsc, tscinvbit, bmi1, bmi2

Memory: 4k page, physical 8268816k(1618096k free), swap 8268816k(3288k free)

vm_info: Java HotSpot(TM) 64-Bit Server VM (25.45-b02) for windows-amd64 JRE (1.8.0_45-b15), built on Apr 30 2015 12:40:44 by "java_re" with MS VC++ 10.0 (VS2010)

time: Wed Nov 02 14:58:42 2016
elapsed time: 10 seconds (0d 0h 0m 10s)

