#
# There is insufficient memory for the Java Runtime Environment to continue.
# Native memory allocation (malloc) failed to allocate 260496 bytes for Chunk::new
# Possible reasons:
#   The system is out of physical RAM or swap space
#   In 32 bit mode, the process size limit was hit
# Possible solutions:
#   Reduce memory load on the system
#   Increase physical memory or swap space
#   Check if swap backing store is full
#   Use 64 bit Java on a 64 bit OS
#   Decrease Java heap size (-Xmx/-Xms)
#   Decrease number of Java threads
#   Decrease Java thread stack sizes (-Xss)
#   Set larger code cache with -XX:ReservedCodeCacheSize=
# This output file may be truncated or incomplete.
#
#  Out of Memory Error (allocation.cpp:390), pid=11156, tid=14428
#
# JRE version: Java(TM) SE Runtime Environment (8.0_45-b15) (build 1.8.0_45-b15)
# Java VM: Java HotSpot(TM) 64-Bit Server VM (25.45-b02 mixed mode windows-amd64 compressed oops)
# Failed to write core dump. Minidumps are not enabled by default on client versions of Windows
#

---------------  T H R E A D  ---------------

Current thread (0x000000001544e000):  JavaThread "C2 CompilerThread1" daemon [_thread_in_native, id=14428, stack(0x0000000016e40000,0x0000000016f40000)]

Stack: [0x0000000016e40000,0x0000000016f40000]
Native frames: (J=compiled Java code, j=interpreted, Vv=VM code, C=native code)
V  [jvm.dll+0x32b57a]
V  [jvm.dll+0x279873]
V  [jvm.dll+0x27a509]
V  [jvm.dll+0x271825]
V  [jvm.dll+0xcb9e2]
V  [jvm.dll+0xcbeac]
V  [WINMMBASE.dll+0x49298c]
V  [verify.dll+0x45f6ff]
V  [jvm.dll+0x46a73b]
V  [jvm.dll+0x46cd52]
V  [jvm.dll+0x4500f2]
V  [jvm.dll+0xa4352]
V  [jvm.dll+0xa4c8f]
V  [jvm.dll+0x241984]
V  [jvm.dll+0x29853a]
C  [msvcr100.dll+0x21d9f]
C  [msvcr100.dll+0x21e3b]
C  [KERNEL32.DLL+0x8364]
C  [ntdll.dll+0x65e91]


Current CompileTask:
C2:   9994 1864       4       com.android.dx.dex.code.RopTranslator::outputBlock (202 bytes)


---------------  P R O C E S S  ---------------

Java Threads: ( => current thread )
  0x0000000017281800 JavaThread "pool-1-thread-4" [_thread_in_Java, id=11224, stack(0x0000000017e40000,0x0000000017f40000)]
  0x000000001727e800 JavaThread "pool-1-thread-3" [_thread_in_Java, id=11108, stack(0x0000000017d40000,0x0000000017e40000)]
  0x000000001727c800 JavaThread "pool-1-thread-2" [_thread_in_Java, id=10816, stack(0x0000000017c40000,0x0000000017d40000)]
  0x0000000017279000 JavaThread "pool-2-thread-1" [_thread_blocked, id=8588, stack(0x0000000017b40000,0x0000000017c40000)]
  0x0000000017270000 JavaThread "pool-1-thread-1" [_thread_in_Java, id=9120, stack(0x0000000017a40000,0x0000000017b40000)]
  0x0000000016aa2000 JavaThread "Service Thread" daemon [_thread_blocked, id=15184, stack(0x0000000017040000,0x0000000017140000)]
  0x0000000016a98000 JavaThread "C1 CompilerThread2" daemon [_thread_in_native, id=2224, stack(0x0000000016f40000,0x0000000017040000)]
=>0x000000001544e000 JavaThread "C2 CompilerThread1" daemon [_thread_in_native, id=14428, stack(0x0000000016e40000,0x0000000016f40000)]
  0x000000001544a800 JavaThread "C2 CompilerThread0" daemon [_thread_in_native, id=4152, stack(0x0000000016940000,0x0000000016a40000)]
  0x0000000015449000 JavaThread "Attach Listener" daemon [_thread_blocked, id=5352, stack(0x0000000016840000,0x0000000016940000)]
  0x00000000153fe000 JavaThread "Signal Dispatcher" daemon [_thread_blocked, id=796, stack(0x0000000016740000,0x0000000016840000)]
  0x0000000002d16800 JavaThread "Finalizer" daemon [_thread_blocked, id=1472, stack(0x0000000016640000,0x0000000016740000)]
  0x0000000002d0d800 JavaThread "Reference Handler" daemon [_thread_blocked, id=7816, stack(0x0000000016540000,0x0000000016640000)]
  0x0000000000dbe000 JavaThread "main" [_thread_in_Java, id=8396, stack(0x0000000002b20000,0x0000000002c20000)]

Other Threads:
  0x00000000153b8000 VMThread [stack: 0x0000000016440000,0x0000000016540000] [id=11308]
  0x0000000016aa3800 WatcherThread [stack: 0x0000000017140000,0x0000000017240000] [id=11184]

VM state:not at safepoint (normal execution)

VM Mutex/Monitor currently owned by a thread: None

Heap:
 PSYoungGen      total 71680K, used 35473K [0x00000000eab00000, 0x00000000f3700000, 0x0000000100000000)
  eden space 66560K, 45% used [0x00000000eab00000,0x00000000ec8a8170,0x00000000eec00000)
  from space 5120K, 99% used [0x00000000eec00000,0x00000000ef0fc2b8,0x00000000ef100000)
  to   space 5120K, 0% used [0x00000000f3200000,0x00000000f3200000,0x00000000f3700000)
 ParOldGen       total 87552K, used 12163K [0x00000000c0000000, 0x00000000c5580000, 0x00000000eab00000)
  object space 87552K, 13% used [0x00000000c0000000,0x00000000c0be0e38,0x00000000c5580000)
 Metaspace       used 6296K, capacity 7152K, committed 7296K, reserved 1056768K
  class space    used 598K, capacity 616K, committed 640K, reserved 1048576K

Card table byte_map: [0x00000000120e0000,0x00000000122f0000] byte_map_base: 0x0000000011ae0000

Marking Bits: (ParMarkBitMap*) 0x0000000055e04040
 Begin Bits: [0x0000000012850000, 0x0000000013850000)
 End Bits:   [0x0000000013850000, 0x0000000014850000)

Polling page: 0x0000000000d40000

CodeCache: size=245760Kb used=8241Kb max_used=8241Kb free=237518Kb
 bounds [0x0000000002d20000, 0x0000000003540000, 0x0000000011d20000]
 total_blobs=2161 nmethods=1890 adapters=184
 compilation: enabled

Compilation events (10 events):
Event: 9.774 Thread 0x000000001544e000 nmethod 1803 0x00000000034ea350 code [0x00000000034ea580, 0x00000000034ebc48]
Event: 9.774 Thread 0x000000001544e000 1814       4       java.util.HashMap::hash (20 bytes)
Event: 9.775 Thread 0x000000001544e000 nmethod 1814 0x00000000034f1d10 code [0x00000000034f1e60, 0x00000000034f1f18]
Event: 9.775 Thread 0x000000001544e000 1793       4       com.android.dx.rop.code.BasicBlock::hasExceptionHandlers (26 bytes)
Event: 9.776 Thread 0x000000001544e000 nmethod 1793 0x00000000034dcd90 code [0x00000000034dcee0, 0x00000000034dd038]
Event: 9.803 Thread 0x0000000016a98000 1863       3       com.android.dx.util.IntList::binarysearch (124 bytes)
Event: 9.804 Thread 0x0000000016a98000 nmethod 1863 0x00000000034db210 code [0x00000000034db3a0, 0x00000000034db850]
Event: 9.805 Thread 0x000000001544e000 1864       4       com.android.dx.dex.code.RopTranslator::outputBlock (202 bytes)
Event: 9.835 Thread 0x0000000016a98000 1870   !   3       java.util.zip.ZipFile$ZipFileInflaterInputStream::close (67 bytes)
Event: 9.835 Thread 0x0000000016a98000 nmethod 1870 0x00000000034da490 code [0x00000000034da660, 0x00000000034dae58]

GC Heap History (6 events):
Event: 2.194 GC heap before
{Heap before GC invocations=1 (full 0):
 PSYoungGen      total 38400K, used 33280K [0x00000000eab00000, 0x00000000ed580000, 0x0000000100000000)
  eden space 33280K, 100% used [0x00000000eab00000,0x00000000ecb80000,0x00000000ecb80000)
  from space 5120K, 0% used [0x00000000ed080000,0x00000000ed080000,0x00000000ed580000)
  to   space 5120K, 0% used [0x00000000ecb80000,0x00000000ecb80000,0x00000000ed080000)
 ParOldGen       total 87552K, used 0K [0x00000000c0000000, 0x00000000c5580000, 0x00000000eab00000)
  object space 87552K, 0% used [0x00000000c0000000,0x00000000c0000000,0x00000000c5580000)
 Metaspace       used 5834K, capacity 6768K, committed 7040K, reserved 1056768K
  class space    used 595K, capacity 616K, committed 640K, reserved 1048576K
Event: 2.481 GC heap after
Heap after GC invocations=1 (full 0):
 PSYoungGen      total 38400K, used 4892K [0x00000000eab00000, 0x00000000ef600000, 0x0000000100000000)
  eden space 33280K, 0% used [0x00000000eab00000,0x00000000eab00000,0x00000000ecb80000)
  from space 5120K, 95% used [0x00000000ecb80000,0x00000000ed047260,0x00000000ed080000)
  to   space 5120K, 0% used [0x00000000ef100000,0x00000000ef100000,0x00000000ef600000)
 ParOldGen       total 87552K, used 8K [0x00000000c0000000, 0x00000000c5580000, 0x00000000eab00000)
  object space 87552K, 0% used [0x00000000c0000000,0x00000000c0002000,0x00000000c5580000)
 Metaspace       used 5834K, capacity 6768K, committed 7040K, reserved 1056768K
  class space    used 595K, capacity 616K, committed 640K, reserved 1048576K
}
Event: 4.209 GC heap before
{Heap before GC invocations=2 (full 0):
 PSYoungGen      total 38400K, used 38172K [0x00000000eab00000, 0x00000000ef600000, 0x0000000100000000)
  eden space 33280K, 100% used [0x00000000eab00000,0x00000000ecb80000,0x00000000ecb80000)
  from space 5120K, 95% used [0x00000000ecb80000,0x00000000ed047260,0x00000000ed080000)
  to   space 5120K, 0% used [0x00000000ef100000,0x00000000ef100000,0x00000000ef600000)
 ParOldGen       total 87552K, used 8K [0x00000000c0000000, 0x00000000c5580000, 0x00000000eab00000)
  object space 87552K, 0% used [0x00000000c0000000,0x00000000c0002000,0x00000000c5580000)
 Metaspace       used 6125K, capacity 7024K, committed 7296K, reserved 1056768K
  class space    used 597K, capacity 616K, committed 640K, reserved 1048576K
Event: 4.611 GC heap after
Heap after GC invocations=2 (full 0):
 PSYoungGen      total 71680K, used 5108K [0x00000000eab00000, 0x00000000ef600000, 0x0000000100000000)
  eden space 66560K, 0% used [0x00000000eab00000,0x00000000eab00000,0x00000000eec00000)
  from space 5120K, 99% used [0x00000000ef100000,0x00000000ef5fd0d8,0x00000000ef600000)
  to   space 5120K, 0% used [0x00000000eec00000,0x00000000eec00000,0x00000000ef100000)
 ParOldGen       total 87552K, used 3376K [0x00000000c0000000, 0x00000000c5580000, 0x00000000eab00000)
  object space 87552K, 3% used [0x00000000c0000000,0x00000000c034c368,0x00000000c5580000)
 Metaspace       used 6125K, capacity 7024K, committed 7296K, reserved 1056768K
  class space    used 597K, capacity 616K, committed 640K, reserved 1048576K
}
Event: 9.413 GC heap before
{Heap before GC invocations=3 (full 0):
 PSYoungGen      total 71680K, used 71668K [0x00000000eab00000, 0x00000000ef600000, 0x0000000100000000)
  eden space 66560K, 100% used [0x00000000eab00000,0x00000000eec00000,0x00000000eec00000)
  from space 5120K, 99% used [0x00000000ef100000,0x00000000ef5fd0d8,0x00000000ef600000)
  to   space 5120K, 0% used [0x00000000eec00000,0x00000000eec00000,0x00000000ef100000)
 ParOldGen       total 87552K, used 3376K [0x00000000c0000000, 0x00000000c5580000, 0x00000000eab00000)
  object space 87552K, 3% used [0x00000000c0000000,0x00000000c034c368,0x00000000c5580000)
 Metaspace       used 6260K, capacity 7088K, committed 7296K, reserved 1056768K
  class space    used 598K, capacity 616K, committed 640K, reserved 1048576K
Event: 9.660 GC heap after
Heap after GC invocations=3 (full 0):
 PSYoungGen      total 71680K, used 5104K [0x00000000eab00000, 0x00000000f3700000, 0x0000000100000000)
  eden space 66560K, 0% used [0x00000000eab00000,0x00000000eab00000,0x00000000eec00000)
  from space 5120K, 99% used [0x00000000eec00000,0x00000000ef0fc2b8,0x00000000ef100000)
  to   space 5120K, 0% used [0x00000000f3200000,0x00000000f3200000,0x00000000f3700000)
 ParOldGen       total 87552K, used 12163K [0x00000000c0000000, 0x00000000c5580000, 0x00000000eab00000)
  object space 87552K, 13% used [0x00000000c0000000,0x00000000c0be0e38,0x00000000c5580000)
 Metaspace       used 6260K, capacity 7088K, committed 7296K, reserved 1056768K
  class space    used 598K, capacity 616K, committed 640K, reserved 1048576K
}

Deoptimization events (10 events):
Event: 9.254 Thread 0x0000000017270000 Uncommon trap: reason=class_check action=maybe_recompile pc=0x00000000031d5e04 method=java.util.HashMap.putVal(ILjava/lang/Object;Ljava/lang/Object;ZZ)Ljava/lang/Object; @ 203
Event: 9.254 Thread 0x0000000017270000 Uncommon trap: reason=bimorphic action=maybe_recompile pc=0x0000000003029458 method=java.util.HashMap.getNode(ILjava/lang/Object;)Ljava/util/HashMap$Node; @ 126
Event: 9.254 Thread 0x0000000017270000 Uncommon trap: reason=class_check action=maybe_recompile pc=0x00000000031d5e04 method=java.util.HashMap.putVal(ILjava/lang/Object;Ljava/lang/Object;ZZ)Ljava/lang/Object; @ 203
Event: 9.254 Thread 0x0000000017270000 Uncommon trap: reason=bimorphic action=maybe_recompile pc=0x00000000030401e4 method=java.util.HashMap.getNode(ILjava/lang/Object;)Ljava/util/HashMap$Node; @ 126
Event: 9.254 Thread 0x0000000017270000 Uncommon trap: reason=bimorphic action=maybe_recompile pc=0x00000000030401e4 method=java.util.HashMap.getNode(ILjava/lang/Object;)Ljava/util/HashMap$Node; @ 126
Event: 9.254 Thread 0x0000000017270000 Uncommon trap: reason=class_check action=maybe_recompile pc=0x00000000031d5e04 method=java.util.HashMap.putVal(ILjava/lang/Object;Ljava/lang/Object;ZZ)Ljava/lang/Object; @ 203
Event: 9.254 Thread 0x0000000017270000 Uncommon trap: reason=bimorphic action=maybe_recompile pc=0x0000000003029458 method=java.util.HashMap.getNode(ILjava/lang/Object;)Ljava/util/HashMap$Node; @ 126
Event: 9.284 Thread 0x0000000017270000 Uncommon trap: reason=unstable_if action=reinterpret pc=0x0000000003305edc method=com.android.dx.ssa.SCCP.simulateBranch(Lcom/android/dx/ssa/SsaInsn;)V @ 64
Event: 9.284 Thread 0x0000000017270000 Uncommon trap: reason=unstable_if action=reinterpret pc=0x000000000330288c method=com.android.dx.ssa.LiteralOpUpgrader$1.visitNonMoveInsn(Lcom/android/dx/ssa/NormalSsaInsn;)V @ 55
Event: 9.284 Thread 0x0000000017270000 Uncommon trap: reason=unstable_if action=reinterpret pc=0x000000000316f55c method=com.android.dx.ssa.SsaMethod.updateOneDefinition(Lcom/android/dx/ssa/SsaInsn;Lcom/android/dx/rop/code/RegisterSpec;)V @ 4

Internal exceptions (3 events):
Event: 0.050 Thread 0x0000000000dbe000 Exception <a 'java/lang/NoSuchMethodError': Method sun.misc.Unsafe.defineClass(Ljava/lang/String;[BII)Ljava/lang/Class; name or signature does not match> (0x00000000eab12f28) thrown at [C:\re\workspace\8-2-build-windows-amd64-cygwin\jdk8u45\3627\hotspot\srpÅ∞ê‘í©?
Event: 0.050 Thread 0x0000000000dbe000 Exception <a 'java/lang/NoSuchMethodError': Method sun.misc.Unsafe.prefetchRead(Ljava/lang/Object;J)V name or signature does not match> (0x00000000eab131b8) thrown at [C:\re\workspace\8-2-build-windows-amd64-cygwin\jdk8u45\3627\hotspot\src\share\vm\prims\jF∏ ¡MÚ@
Event: 2.618 Thread 0x000000001727e800 Implicit null exception at 0x0000000003037c62 to 0x0000000003037d65

Events (10 events):
Event: 9.284 Thread 0x0000000017270000 DEOPT PACKING pc=0x000000000316f55c sp=0x0000000017b3e620
Event: 9.284 Thread 0x0000000017270000 DEOPT UNPACKING pc=0x0000000002d6582a sp=0x0000000017b3e5c8 mode 2
Event: 9.324 Thread 0x0000000017281800 DEOPT PACKING pc=0x0000000003180e53 sp=0x0000000017f3e9b0
Event: 9.324 Thread 0x0000000017281800 DEOPT UNPACKING pc=0x0000000002d6787f sp=0x0000000017f3e7c0 mode 0
Event: 9.334 Thread 0x0000000017281800 DEOPT PACKING pc=0x00000000030f614f sp=0x0000000017f3e8f0
Event: 9.334 Thread 0x0000000017281800 DEOPT UNPACKING pc=0x0000000002d6787f sp=0x0000000017f3e6a0 mode 0
Event: 9.413 Executing VM operation: ParallelGCFailedAllocation
Event: 9.660 Executing VM operation: ParallelGCFailedAllocation done
Event: 9.829 Thread 0x000000001727e800 DEOPT PACKING pc=0x00000000030f614f sp=0x0000000017e3e970
Event: 9.829 Thread 0x000000001727e800 DEOPT UNPACKING pc=0x0000000002d6787f sp=0x0000000017e3e720 mode 0


Dynamic libraries:
0x00007ff75d6f0000 - 0x00007ff75d727000 	C:\Program Files\Java\jdk1.8.0_45\bin\java.exe
0x00007ffc328c0000 - 0x00007ffc32a91000 	C:\WINDOWS\SYSTEM32\ntdll.dll
0x00007ffc32430000 - 0x00007ffc324db000 	C:\WINDOWS\System32\KERNEL32.DLL
0x00007ffc2f520000 - 0x00007ffc2f73d000 	C:\WINDOWS\System32\KERNELBASE.dll
0x00007ffc2ffa0000 - 0x00007ffc30042000 	C:\WINDOWS\System32\ADVAPI32.dll
0x00007ffc324e0000 - 0x00007ffc3257e000 	C:\WINDOWS\System32\msvcrt.dll
0x00007ffc30520000 - 0x00007ffc30579000 	C:\WINDOWS\System32\sechost.dll
0x00007ffc30850000 - 0x00007ffc30971000 	C:\WINDOWS\System32\RPCRT4.dll
0x00007ffc306e0000 - 0x00007ffc30845000 	C:\WINDOWS\System32\USER32.dll
0x00007ffc2f8d0000 - 0x00007ffc2f8ee000 	C:\WINDOWS\System32\win32u.dll
0x00007ffc31e90000 - 0x00007ffc31ec4000 	C:\WINDOWS\System32\GDI32.dll
0x00007ffc2f740000 - 0x00007ffc2f8c2000 	C:\WINDOWS\System32\gdi32full.dll
0x00007ffc2a8f0000 - 0x00007ffc2ab6a000 	C:\WINDOWS\WinSxS\amd64_microsoft.windows.common-controls_6595b64144ccf1df_6.0.14393.351_none_4213128bc687e6d3\COMCTL32.dll
0x00007ffc32140000 - 0x00007ffc32407000 	C:\WINDOWS\System32\combase.dll
0x00007ffc2f8f0000 - 0x00007ffc2f9e5000 	C:\WINDOWS\System32\ucrtbase.dll
0x00007ffc2ecb0000 - 0x00007ffc2ed1a000 	C:\WINDOWS\System32\bcryptPrimitives.dll
0x00007ffc2fc90000 - 0x00007ffc2fcbe000 	C:\WINDOWS\System32\IMM32.DLL
0x0000000055030000 - 0x0000000055102000 	C:\Program Files\Java\jdk1.8.0_45\jre\bin\msvcr100.dll
0x0000000055600000 - 0x0000000055e83000 	C:\Program Files\Java\jdk1.8.0_45\jre\bin\server\jvm.dll
0x00007ffc2f9f0000 - 0x00007ffc2fa13000 	C:\WINDOWS\System32\WINMM.dll
0x00007ffc2eaf0000 - 0x00007ffc2eb1b000 	C:\WINDOWS\System32\WINMMBASE.dll
0x00007ffc2eb60000 - 0x00007ffc2eba2000 	C:\WINDOWS\System32\cfgmgr32.dll
0x00007ffc326f0000 - 0x00007ffc326f8000 	C:\WINDOWS\System32\PSAPI.DLL
0x00007ffc25420000 - 0x00007ffc25429000 	C:\WINDOWS\SYSTEM32\WSOCK32.dll
0x00007ffc32580000 - 0x00007ffc325ea000 	C:\WINDOWS\System32\WS2_32.dll
0x00007ffc2b740000 - 0x00007ffc2b74a000 	C:\WINDOWS\SYSTEM32\VERSION.dll
0x00000000555f0000 - 0x00000000555ff000 	C:\Program Files\Java\jdk1.8.0_45\jre\bin\verify.dll
0x00000000555c0000 - 0x00000000555e9000 	C:\Program Files\Java\jdk1.8.0_45\jre\bin\java.dll
0x00000000555a0000 - 0x00000000555b6000 	C:\Program Files\Java\jdk1.8.0_45\jre\bin\zip.dll
0x00007ffc30980000 - 0x00007ffc31e89000 	C:\WINDOWS\System32\SHELL32.dll
0x00007ffc2ee40000 - 0x00007ffc2f51a000 	C:\WINDOWS\System32\windows.storage.dll
0x00007ffc2ec60000 - 0x00007ffc2ecac000 	C:\WINDOWS\System32\powrprof.dll
0x00007ffc32070000 - 0x00007ffc320c2000 	C:\WINDOWS\System32\shlwapi.dll
0x00007ffc2eb20000 - 0x00007ffc2eb2f000 	C:\WINDOWS\System32\kernel.appcore.dll
0x00007ffc2ebb0000 - 0x00007ffc2ec59000 	C:\WINDOWS\System32\shcore.dll
0x00007ffc2eb30000 - 0x00007ffc2eb44000 	C:\WINDOWS\System32\profapi.dll
0x00007ffc20a40000 - 0x00007ffc20bd2000 	C:\WINDOWS\SYSTEM32\dbghelp.dll

VM Arguments:
jvm_args: -Djava.awt.headless=true -Xmx1024M -Dfile.encoding=GBK -Duser.country=CN -Duser.language=zh -Duser.variant 
java_command: com.android.dx.command.Main --dex --num-threads=4 --output D:\AndroidStudioProject\YuYuBuyer\app\build\intermediates\pre-dexed\debug\com.android.support-support-v4-24.0.0_9127eb1f53e280e02469b0b4a7ba0fbbaca40a9a.jar D:\AndroidStudioProject\YuYuBuyer\app\build\intermediates\exploded-aar\com.android.support\support-v4\24.0.0\jars\classes.jar
java_class_path (initial): D:\ruanjian\AndroidSdk\build-tools\24.0.0\lib\dx.jar
Launcher Type: SUN_STANDARD

Environment Variables:
JAVA_HOME=C:\Program Files\Java\jdk1.8.0_45
CLASSPATH=C:\Program Files\Java\jdk1.8.0_45\jre\lib;D:\ruanjian\Tomcat7.0\apache-tomcat-7.0.69-windows-x64\apache-tomcat-7.0.69\lib\jsp-api.jar;D:\ruanjian\Tomcat7.0\apache-tomcat-7.0.69-windows-x64\apache-tomcat-7.0.69\lib\servlet-api.jar;
PATH=C:\Program Files\Java\jdk1.8.0_45\bin;E:\adt-bundle-windows-x86_64-20130729\sdk\platform-tools;E:\adt-bundle-windows-x86_64-20130729\sdk\tools;C:\Program Files\Broadcom\Broadcom 802.11 Network Adapter;C:\ProgramData\Oracle\Java\javapath;C:\Windows\system32;C:\Windows;C:\Windows\System32\Wbem;C:\Windows\System32\WindowsPowerShell\v1.0\;C:\Program Files (x86)\NVIDIA Corporation\PhysX\Common;D:\ruanjian\Tomcat7.0\apache-tomcat-7.0.69-windows-x64\apache-tomcat-7.0.69\bin;D:\ruanjian\TortoiseGIT\bin;D:\ruanjian\NDK64\android-ndk-r9d-windows-x86\android-ndk-r9d;C:\WINDOWS\system32;C:\WINDOWS;C:\WINDOWS\System32\Wbem;C:\WINDOWS\System32\WindowsPowerShell\v1.0\;D:\ruanjian\AndroidStudio\gradle\gradle-2.10\bin;D:\ruanjian\Git\Git\bin;C:\Program Files\TortoiseSVN\bin;C:\Users\Administrator\AppData\Local\Microsoft\WindowsApps;
USERNAME=Administrator
OS=Windows_NT
PROCESSOR_IDENTIFIER=Intel64 Family 6 Model 60 Stepping 3, GenuineIntel



---------------  S Y S T E M  ---------------

OS: Windows 10.0 , 64 bit Build 14393 (10.0.14393.0)

CPU:total 4 (2 cores per cpu, 2 threads per core) family 6 model 60 stepping 3, cmov, cx8, fxsr, mmx, sse, sse2, sse3, ssse3, sse4.1, sse4.2, popcnt, avx, avx2, aes, clmul, erms, lzcnt, ht, tsc, tscinvbit, bmi1, bmi2

Memory: 4k page, physical 8268816k(1618232k free), swap 8268816k(3288k free)

vm_info: Java HotSpot(TM) 64-Bit Server VM (25.45-b02) for windows-amd64 JRE (1.8.0_45-b15), built on Apr 30 2015 12:40:44 by "java_re" with MS VC++ 10.0 (VS2010)

time: Wed Nov 02 14:58:42 2016
elapsed time: 10 seconds (0d 0h 0m 10s)

