#
# There is insufficient memory for the Java Runtime Environment to continue.
# Native memory allocation (malloc) failed to allocate 527984 bytes for Chunk::new
# Possible reasons:
#   The system is out of physical RAM or swap space
#   In 32 bit mode, the process size limit was hit
# Possible solutions:
#   Reduce memory load on the system
#   Increase physical memory or swap space
#   Check if swap backing store is full
#   Use 64 bit Java on a 64 bit OS
#   Decrease Java heap size (-Xmx/-Xms)
#   Decrease number of Java threads
#   Decrease Java thread stack sizes (-Xss)
#   Set larger code cache with -XX:ReservedCodeCacheSize=
# This output file may be truncated or incomplete.
#
#  Out of Memory Error (allocation.cpp:390), pid=3712, tid=13724
#
# JRE version: Java(TM) SE Runtime Environment (8.0_45-b15) (build 1.8.0_45-b15)
# Java VM: Java HotSpot(TM) 64-Bit Server VM (25.45-b02 mixed mode windows-amd64 compressed oops)
# Failed to write core dump. Minidumps are not enabled by default on client versions of Windows
#

---------------  T H R E A D  ---------------

Current thread (0x0000000015abb800):  JavaThread "C2 CompilerThread0" daemon [_thread_in_native, id=13724, stack(0x0000000016fb0000,0x00000000170b0000)]

Stack: [0x0000000016fb0000,0x00000000170b0000]
Native frames: (J=compiled Java code, j=interpreted, Vv=VM code, C=native code)
V  [jvm.dll+0x32b57a]
V  [jvm.dll+0x279873]
V  [jvm.dll+0x27a509]
V  [jvm.dll+0x271825]
V  [jvm.dll+0xcb9e2]
V  [jvm.dll+0xcbeac]
V  [jvm.dll+0x4929e7]
V  [jvm.dll+0x45f6ff]
V  [jvm.dll+0x46a73b]
V  [jvm.dll+0x46cd52]
V  [jvm.dll+0x4500f2]
V  [jvm.dll+0xa4352]
V  [jvm.dll+0xa4c8f]
V  [jvm.dll+0x241984]
V  [jvm.dll+0x29853a]
C  [msvcr100.dll+0x21d9f]
C  [msvcr100.dll+0x21e3b]
C  [KERNEL32.DLL+0x8364]
C  [ntdll.dll+0x65e91]


Current CompileTask:
C2:  20477 2176   !   4       com.android.dx.cf.code.Ropper::doit (126 bytes)


---------------  P R O C E S S  ---------------

Java Threads: ( => current thread )
  0x000000001721e800 JavaThread "pool-1-thread-4" [_thread_blocked, id=9252, stack(0x0000000017cb0000,0x0000000017db0000)]
  0x000000001721c800 JavaThread "pool-1-thread-3" [_thread_blocked, id=14864, stack(0x0000000017bb0000,0x0000000017cb0000)]
  0x000000001720d000 JavaThread "pool-1-thread-2" [_thread_blocked, id=8904, stack(0x0000000017ab0000,0x0000000017bb0000)]
  0x000000001720c000 JavaThread "pool-2-thread-1" [_thread_blocked, id=12436, stack(0x00000000179b0000,0x0000000017ab0000)]
  0x0000000017207000 JavaThread "pool-1-thread-1" [_thread_blocked, id=14052, stack(0x00000000178b0000,0x00000000179b0000)]
  0x000000001714b800 JavaThread "Service Thread" daemon [_thread_blocked, id=14060, stack(0x00000000176b0000,0x00000000177b0000)]
  0x00000000170d7000 JavaThread "C1 CompilerThread2" daemon [_thread_blocked, id=13076, stack(0x00000000175b0000,0x00000000176b0000)]
  0x00000000170b0800 JavaThread "C2 CompilerThread1" daemon [_thread_in_native, id=2344, stack(0x00000000174b0000,0x00000000175b0000)]
=>0x0000000015abb800 JavaThread "C2 CompilerThread0" daemon [_thread_in_native, id=13724, stack(0x0000000016fb0000,0x00000000170b0000)]
  0x0000000015a70000 JavaThread "Attach Listener" daemon [_thread_blocked, id=13832, stack(0x0000000016eb0000,0x0000000016fb0000)]
  0x0000000015a6f000 JavaThread "Signal Dispatcher" daemon [_thread_blocked, id=14652, stack(0x0000000016db0000,0x0000000016eb0000)]
  0x0000000002fe6800 JavaThread "Finalizer" daemon [_thread_blocked, id=12004, stack(0x0000000016cb0000,0x0000000016db0000)]
  0x0000000002fdd800 JavaThread "Reference Handler" daemon [_thread_blocked, id=8800, stack(0x0000000016bb0000,0x0000000016cb0000)]
  0x00000000034ee000 JavaThread "main" [_thread_in_native, id=9220, stack(0x00000000016a0000,0x00000000017a0000)]

Other Threads:
  0x0000000015a28000 VMThread [stack: 0x0000000016ab0000,0x0000000016bb0000] [id=13348]
  0x000000001714c800 WatcherThread [stack: 0x00000000177b0000,0x00000000178b0000] [id=652]

VM state:not at safepoint (normal execution)

VM Mutex/Monitor currently owned by a thread: None

Heap:
 PSYoungGen      total 57856K, used 11808K [0x00000000eab00000, 0x00000000f5200000, 0x0000000100000000)
  eden space 52736K, 12% used [0x00000000eab00000,0x00000000eb18d6d0,0x00000000ede80000)
  from space 5120K, 99% used [0x00000000ef100000,0x00000000ef5faac0,0x00000000ef600000)
  to   space 18944K, 0% used [0x00000000ede80000,0x00000000ede80000,0x00000000ef100000)
 ParOldGen       total 87552K, used 40084K [0x00000000c0000000, 0x00000000c5580000, 0x00000000eab00000)
  object space 87552K, 45% used [0x00000000c0000000,0x00000000c27250c8,0x00000000c5580000)
 Metaspace       used 6377K, capacity 7216K, committed 7296K, reserved 1056768K
  class space    used 596K, capacity 616K, committed 640K, reserved 1048576K

Card table byte_map: [0x00000000128b0000,0x0000000012ac0000] byte_map_base: 0x00000000122b0000

Marking Bits: (ParMarkBitMap*) 0x000000006afc4040
 Begin Bits: [0x0000000012ec0000, 0x0000000013ec0000)
 End Bits:   [0x0000000013ec0000, 0x0000000014ec0000)

Polling page: 0x00000000017a0000

CodeCache: size=245760Kb used=8963Kb max_used=10153Kb free=236796Kb
 bounds [0x00000000034f0000, 0x0000000003ef0000, 0x00000000124f0000]
 total_blobs=2070 nmethods=1798 adapters=184
 compilation: enabled

Compilation events (10 events):
Event: 19.861 Thread 0x0000000015abb800 nmethod 2171 0x00000000037a2510 code [0x00000000037a2660, 0x00000000037a2758]
Event: 19.884 Thread 0x0000000015abb800 2172 % !   4       com.android.dx.cf.cst.ConstantPoolParser::determineOffsets @ 5 (285 bytes)
Event: 19.937 Thread 0x0000000015abb800 nmethod 2172% 0x00000000038264d0 code [0x00000000038267a0, 0x0000000003826cf8]
Event: 19.937 Thread 0x0000000015abb800 2173 %     4       com.android.dx.cf.cst.ConstantPoolParser::parse @ 96 (365 bytes)
Event: 19.940 Thread 0x0000000015abb800 nmethod 2173% 0x0000000003787b50 code [0x0000000003787ca0, 0x0000000003787e88]
Event: 19.941 Thread 0x00000000170d7000 2174       3       com.android.dx.ssa.PhiInsn::updateSourcesToDefinitions (68 bytes)
Event: 19.942 Thread 0x00000000170d7000 nmethod 2174 0x0000000003af3550 code [0x0000000003af3760, 0x0000000003af42f8]
Event: 20.008 Thread 0x0000000015abb800 2175   !   4       com.android.dx.cf.direct.AttributeListParser::parse (323 bytes)
Event: 20.012 Thread 0x0000000015abb800 nmethod 2175 0x0000000003c38c50 code [0x0000000003c38dc0, 0x0000000003c39188]
Event: 20.012 Thread 0x0000000015abb800 2176   !   4       com.android.dx.cf.code.Ropper::doit (126 bytes)

GC Heap History (10 events):
Event: 13.066 GC heap before
{Heap before GC invocations=2 (full 0):
 PSYoungGen      total 38400K, used 38371K [0x00000000eab00000, 0x00000000ed580000, 0x0000000100000000)
  eden space 33280K, 100% used [0x00000000eab00000,0x00000000ecb80000,0x00000000ecb80000)
  from space 5120K, 99% used [0x00000000ecb80000,0x00000000ed078dd8,0x00000000ed080000)
  to   space 5120K, 0% used [0x00000000ed080000,0x00000000ed080000,0x00000000ed580000)
 ParOldGen       total 87552K, used 1947K [0x00000000c0000000, 0x00000000c5580000, 0x00000000eab00000)
  object space 87552K, 2% used [0x00000000c0000000,0x00000000c01e6d70,0x00000000c5580000)
 Metaspace       used 6126K, capacity 7088K, committed 7296K, reserved 1056768K
  class space    used 591K, capacity 616K, committed 640K, reserved 1048576K
Event: 13.098 GC heap after
Heap after GC invocations=2 (full 0):
 PSYoungGen      total 38400K, used 5091K [0x00000000eab00000, 0x00000000ed580000, 0x0000000100000000)
  eden space 33280K, 0% used [0x00000000eab00000,0x00000000eab00000,0x00000000ecb80000)
  from space 5120K, 99% used [0x00000000ed080000,0x00000000ed578dc8,0x00000000ed580000)
  to   space 5120K, 0% used [0x00000000ecb80000,0x00000000ecb80000,0x00000000ed080000)
 ParOldGen       total 87552K, used 7075K [0x00000000c0000000, 0x00000000c5580000, 0x00000000eab00000)
  object space 87552K, 8% used [0x00000000c0000000,0x00000000c06e8d90,0x00000000c5580000)
 Metaspace       used 6126K, capacity 7088K, committed 7296K, reserved 1056768K
  class space    used 591K, capacity 616K, committed 640K, reserved 1048576K
}
Event: 14.240 GC heap before
{Heap before GC invocations=3 (full 0):
 PSYoungGen      total 38400K, used 38371K [0x00000000eab00000, 0x00000000ed580000, 0x0000000100000000)
  eden space 33280K, 100% used [0x00000000eab00000,0x00000000ecb80000,0x00000000ecb80000)
  from space 5120K, 99% used [0x00000000ed080000,0x00000000ed578dc8,0x00000000ed580000)
  to   space 5120K, 0% used [0x00000000ecb80000,0x00000000ecb80000,0x00000000ed080000)
 ParOldGen       total 87552K, used 7075K [0x00000000c0000000, 0x00000000c5580000, 0x00000000eab00000)
  object space 87552K, 8% used [0x00000000c0000000,0x00000000c06e8d90,0x00000000c5580000)
 Metaspace       used 6229K, capacity 7152K, committed 7296K, reserved 1056768K
  class space    used 593K, capacity 616K, committed 640K, reserved 1048576K
Event: 14.280 GC heap after
Heap after GC invocations=3 (full 0):
 PSYoungGen      total 38400K, used 5091K [0x00000000eab00000, 0x00000000ef600000, 0x0000000100000000)
  eden space 33280K, 0% used [0x00000000eab00000,0x00000000eab00000,0x00000000ecb80000)
  from space 5120K, 99% used [0x00000000ecb80000,0x00000000ed078ef0,0x00000000ed080000)
  to   space 5120K, 0% used [0x00000000ef100000,0x00000000ef100000,0x00000000ef600000)
 ParOldGen       total 87552K, used 12411K [0x00000000c0000000, 0x00000000c5580000, 0x00000000eab00000)
  object space 87552K, 14% used [0x00000000c0000000,0x00000000c0c1eeb8,0x00000000c5580000)
 Metaspace       used 6229K, capacity 7152K, committed 7296K, reserved 1056768K
  class space    used 593K, capacity 616K, committed 640K, reserved 1048576K
}
Event: 15.847 GC heap before
{Heap before GC invocations=4 (full 0):
 PSYoungGen      total 38400K, used 38371K [0x00000000eab00000, 0x00000000ef600000, 0x0000000100000000)
  eden space 33280K, 100% used [0x00000000eab00000,0x00000000ecb80000,0x00000000ecb80000)
  from space 5120K, 99% used [0x00000000ecb80000,0x00000000ed078ef0,0x00000000ed080000)
  to   space 5120K, 0% used [0x00000000ef100000,0x00000000ef100000,0x00000000ef600000)
 ParOldGen       total 87552K, used 12411K [0x00000000c0000000, 0x00000000c5580000, 0x00000000eab00000)
  object space 87552K, 14% used [0x00000000c0000000,0x00000000c0c1eeb8,0x00000000c5580000)
 Metaspace       used 6279K, capacity 7152K, committed 7296K, reserved 1056768K
  class space    used 593K, capacity 616K, committed 640K, reserved 1048576K
Event: 15.865 GC heap after
Heap after GC invocations=4 (full 0):
 PSYoungGen      total 71680K, used 5112K [0x00000000eab00000, 0x00000000ef600000, 0x0000000100000000)
  eden space 66560K, 0% used [0x00000000eab00000,0x00000000eab00000,0x00000000eec00000)
  from space 5120K, 99% used [0x00000000ef100000,0x00000000ef5fe1f0,0x00000000ef600000)
  to   space 5120K, 0% used [0x00000000eec00000,0x00000000eec00000,0x00000000ef100000)
 ParOldGen       total 87552K, used 17759K [0x00000000c0000000, 0x00000000c5580000, 0x00000000eab00000)
  object space 87552K, 20% used [0x00000000c0000000,0x00000000c1157d00,0x00000000c5580000)
 Metaspace       used 6279K, capacity 7152K, committed 7296K, reserved 1056768K
  class space    used 593K, capacity 616K, committed 640K, reserved 1048576K
}
Event: 17.237 GC heap before
{Heap before GC invocations=5 (full 0):
 PSYoungGen      total 71680K, used 71672K [0x00000000eab00000, 0x00000000ef600000, 0x0000000100000000)
  eden space 66560K, 100% used [0x00000000eab00000,0x00000000eec00000,0x00000000eec00000)
  from space 5120K, 99% used [0x00000000ef100000,0x00000000ef5fe1f0,0x00000000ef600000)
  to   space 5120K, 0% used [0x00000000eec00000,0x00000000eec00000,0x00000000ef100000)
 ParOldGen       total 87552K, used 17759K [0x00000000c0000000, 0x00000000c5580000, 0x00000000eab00000)
  object space 87552K, 20% used [0x00000000c0000000,0x00000000c1157d00,0x00000000c5580000)
 Metaspace       used 6336K, capacity 7216K, committed 7296K, reserved 1056768K
  class space    used 593K, capacity 616K, committed 640K, reserved 1048576K
Event: 17.277 GC heap after
Heap after GC invocations=5 (full 0):
 PSYoungGen      total 71680K, used 5088K [0x00000000eab00000, 0x00000000ef600000, 0x0000000100000000)
  eden space 66560K, 0% used [0x00000000eab00000,0x00000000eab00000,0x00000000eec00000)
  from space 5120K, 99% used [0x00000000eec00000,0x00000000ef0f80c8,0x00000000ef100000)
  to   space 5120K, 0% used [0x00000000ef100000,0x00000000ef100000,0x00000000ef600000)
 ParOldGen       total 87552K, used 28768K [0x00000000c0000000, 0x00000000c5580000, 0x00000000eab00000)
  object space 87552K, 32% used [0x00000000c0000000,0x00000000c1c18170,0x00000000c5580000)
 Metaspace       used 6336K, capacity 7216K, committed 7296K, reserved 1056768K
  class space    used 593K, capacity 616K, committed 640K, reserved 1048576K
}
Event: 19.888 GC heap before
{Heap before GC invocations=6 (full 0):
 PSYoungGen      total 71680K, used 71648K [0x00000000eab00000, 0x00000000ef600000, 0x0000000100000000)
  eden space 66560K, 100% used [0x00000000eab00000,0x00000000eec00000,0x00000000eec00000)
  from space 5120K, 99% used [0x00000000eec00000,0x00000000ef0f80c8,0x00000000ef100000)
  to   space 5120K, 0% used [0x00000000ef100000,0x00000000ef100000,0x00000000ef600000)
 ParOldGen       total 87552K, used 28768K [0x00000000c0000000, 0x00000000c5580000, 0x00000000eab00000)
  object space 87552K, 32% used [0x00000000c0000000,0x00000000c1c18170,0x00000000c5580000)
 Metaspace       used 6377K, capacity 7216K, committed 7296K, reserved 1056768K
  class space    used 596K, capacity 616K, committed 640K, reserved 1048576K
Event: 19.937 GC heap after
Heap after GC invocations=6 (full 0):
 PSYoungGen      total 57856K, used 5098K [0x00000000eab00000, 0x00000000f5200000, 0x0000000100000000)
  eden space 52736K, 0% used [0x00000000eab00000,0x00000000eab00000,0x00000000ede80000)
  from space 5120K, 99% used [0x00000000ef100000,0x00000000ef5faac0,0x00000000ef600000)
  to   space 18944K, 0% used [0x00000000ede80000,0x00000000ede80000,0x00000000ef100000)
 ParOldGen       total 87552K, used 40084K [0x00000000c0000000, 0x00000000c5580000, 0x00000000eab00000)
  object space 87552K, 45% used [0x00000000c0000000,0x00000000c27250c8,0x00000000c5580000)
 Metaspace       used 6377K, capacity 7216K, committed 7296K, reserved 1056768K
  class space    used 596K, capacity 616K, committed 640K, reserved 1048576K
}

Deoptimization events (10 events):
Event: 16.709 Thread 0x000000001721e800 Uncommon trap: reason=unstable_if action=reinterpret pc=0x0000000003aec760 method=com.android.dx.ssa.SsaRenamer$BlockRenamer.addMapping(ILcom/android/dx/rop/code/RegisterSpec;)V @ 120
Event: 16.880 Thread 0x000000001721c800 Uncommon trap: reason=bimorphic action=maybe_recompile pc=0x00000000037b04c8 method=java.util.HashMap.putVal(ILjava/lang/Object;Ljava/lang/Object;ZZ)Ljava/lang/Object; @ 91
Event: 16.949 Thread 0x0000000017207000 Uncommon trap: reason=bimorphic action=maybe_recompile pc=0x00000000037b04c8 method=java.util.HashMap.putVal(ILjava/lang/Object;Ljava/lang/Object;ZZ)Ljava/lang/Object; @ 91
Event: 16.975 Thread 0x0000000017207000 Uncommon trap: reason=bimorphic action=maybe_recompile pc=0x0000000003925fdc method=java.util.HashMap.getNode(ILjava/lang/Object;)Ljava/util/HashMap$Node; @ 126
Event: 17.277 Thread 0x000000001721c800 Uncommon trap: reason=unstable_if action=reinterpret pc=0x0000000003b5bfc4 method=com.android.dx.dex.code.RopTranslator.outputBlock(Lcom/android/dx/rop/code/BasicBlock;I)V @ 132
Event: 17.391 Thread 0x000000001721e800 Uncommon trap: reason=unstable_if action=reinterpret pc=0x0000000003adc34c method=com.android.dx.ssa.MoveParamCombiner$1.visitNonMoveInsn(Lcom/android/dx/ssa/NormalSsaInsn;)V @ 27
Event: 17.398 Thread 0x000000001720d000 Uncommon trap: reason=bimorphic action=maybe_recompile pc=0x0000000003d6276c method=com.android.dx.cf.code.RopperMachine.run(Lcom/android/dx/cf/code/Frame;II)V @ 988
Event: 19.055 Thread 0x0000000017207000 Uncommon trap: reason=bimorphic action=maybe_recompile pc=0x0000000003777308 method=com.android.dx.cf.code.Merger.mergeType(Lcom/android/dx/rop/type/TypeBearer;Lcom/android/dx/rop/type/TypeBearer;)Lcom/android/dx/rop/type/TypeBearer; @ 21
Event: 19.372 Thread 0x000000001721c800 Uncommon trap: reason=unstable_if action=reinterpret pc=0x0000000003af5dcc method=com.android.dx.rop.code.Insn.contentEquals(Lcom/android/dx/rop/code/Insn;)Z @ 47
Event: 19.422 Thread 0x000000001721c800 Uncommon trap: reason=bimorphic action=maybe_recompile pc=0x0000000003777164 method=com.android.dx.cf.code.Merger.mergeType(Lcom/android/dx/rop/type/TypeBearer;Lcom/android/dx/rop/type/TypeBearer;)Lcom/android/dx/rop/type/TypeBearer; @ 28

Internal exceptions (5 events):
Event: 0.043 Thread 0x00000000034ee000 Exception <a 'java/lang/NoSuchMethodError': Method sun.misc.Unsafe.defineClass(Ljava/lang/String;[BII)Ljava/lang/Class; name or signature does not match> (0x00000000eab12f28) thrown at [C:\re\workspace\8-2-build-windows-amd64-cygwin\jdk8u45\3627\hotspot\sr¡ıÃ‚fH¶?
Event: 0.044 Thread 0x00000000034ee000 Exception <a 'java/lang/NoSuchMethodError': Method sun.misc.Unsafe.prefetchRead(Ljava/lang/Object;J)V name or signature does not match> (0x00000000eab131b8) thrown at [C:\re\workspace\8-2-build-windows-amd64-cygwin\jdk8u45\3627\hotspot\src\share\vm\prims\j[wˇìk›@
Event: 4.716 Thread 0x000000001721e800 Implicit null exception at 0x000000000380b0e2 to 0x000000000380b1e5
Event: 15.623 Thread 0x000000001721e800 Implicit null exception at 0x0000000003cad1bb to 0x0000000003cb2629
Event: 15.629 Thread 0x000000001721e800 Implicit null exception at 0x0000000003d40f75 to 0x0000000003d429b5

Events (10 events):
Event: 19.418 Thread 0x000000001721c800 DEOPT UNPACKING pc=0x000000000353787f sp=0x0000000017caec80 mode 0
Event: 19.422 Thread 0x000000001721c800 Uncommon trap: trap_request=0xffffffc6 fr.pc=0x0000000003777164
Event: 19.422 Thread 0x000000001721c800 DEOPT PACKING pc=0x0000000003777164 sp=0x0000000017caec70
Event: 19.422 Thread 0x000000001721c800 DEOPT UNPACKING pc=0x000000000353582a sp=0x0000000017caea50 mode 2
Event: 19.430 Thread 0x000000001721c800 DEOPT PACKING pc=0x000000000394212d sp=0x0000000017caef90
Event: 19.430 Thread 0x000000001721c800 DEOPT UNPACKING pc=0x000000000353787f sp=0x0000000017caecf8 mode 0
Event: 19.844 Thread 0x000000001721c800 DEOPT PACKING pc=0x00000000037b3bd1 sp=0x0000000017caef20
Event: 19.844 Thread 0x000000001721c800 DEOPT UNPACKING pc=0x000000000353787f sp=0x0000000017caec80 mode 0
Event: 19.888 Executing VM operation: ParallelGCFailedAllocation
Event: 19.937 Executing VM operation: ParallelGCFailedAllocation done


Dynamic libraries:
0x00007ff6b1340000 - 0x00007ff6b1377000 	C:\Program Files\Java\jdk1.8.0_45\bin\java.exe
0x00007ff90dea0000 - 0x00007ff90e071000 	C:\WINDOWS\SYSTEM32\ntdll.dll
0x00007ff90d3b0000 - 0x00007ff90d45b000 	C:\WINDOWS\System32\KERNEL32.DLL
0x00007ff90a560000 - 0x00007ff90a77d000 	C:\WINDOWS\System32\KERNELBASE.dll
0x00007ff90ba40000 - 0x00007ff90bae2000 	C:\WINDOWS\System32\ADVAPI32.dll
0x00007ff90bd70000 - 0x00007ff90be0e000 	C:\WINDOWS\System32\msvcrt.dll
0x00007ff90b780000 - 0x00007ff90b7d9000 	C:\WINDOWS\System32\sechost.dll
0x00007ff90b540000 - 0x00007ff90b661000 	C:\WINDOWS\System32\RPCRT4.dll
0x00007ff90bbf0000 - 0x00007ff90bd55000 	C:\WINDOWS\System32\USER32.dll
0x00007ff90a990000 - 0x00007ff90a9ae000 	C:\WINDOWS\System32\win32u.dll
0x00007ff90b800000 - 0x00007ff90b834000 	C:\WINDOWS\System32\GDI32.dll
0x00007ff90a780000 - 0x00007ff90a902000 	C:\WINDOWS\System32\gdi32full.dll
0x00007ff906280000 - 0x00007ff9064fa000 	C:\WINDOWS\WinSxS\amd64_microsoft.windows.common-controls_6595b64144ccf1df_6.0.14393.351_none_4213128bc687e6d3\COMCTL32.dll
0x00007ff90b270000 - 0x00007ff90b537000 	C:\WINDOWS\System32\combase.dll
0x00007ff90b140000 - 0x00007ff90b235000 	C:\WINDOWS\System32\ucrtbase.dll
0x00007ff90a910000 - 0x00007ff90a97a000 	C:\WINDOWS\System32\bcryptPrimitives.dll
0x00007ff90dda0000 - 0x00007ff90ddce000 	C:\WINDOWS\System32\IMM32.DLL
0x000000006a300000 - 0x000000006a3d2000 	C:\Program Files\Java\jdk1.8.0_45\jre\bin\msvcr100.dll
0x000000006a7c0000 - 0x000000006b043000 	C:\Program Files\Java\jdk1.8.0_45\jre\bin\server\jvm.dll
0x00007ff90b240000 - 0x00007ff90b263000 	C:\WINDOWS\System32\WINMM.dll
0x00007ff90a100000 - 0x00007ff90a12b000 	C:\WINDOWS\System32\WINMMBASE.dll
0x00007ff90a4c0000 - 0x00007ff90a502000 	C:\WINDOWS\System32\cfgmgr32.dll
0x00007ff90de90000 - 0x00007ff90de98000 	C:\WINDOWS\System32\PSAPI.DLL
0x00007ff8ffaa0000 - 0x00007ff8ffaa9000 	C:\WINDOWS\SYSTEM32\WSOCK32.dll
0x00007ff906e90000 - 0x00007ff906e9a000 	C:\WINDOWS\SYSTEM32\VERSION.dll
0x00007ff90d760000 - 0x00007ff90d7ca000 	C:\WINDOWS\System32\WS2_32.dll
0x000000006a7b0000 - 0x000000006a7bf000 	C:\Program Files\Java\jdk1.8.0_45\jre\bin\verify.dll
0x000000006a780000 - 0x000000006a7a9000 	C:\Program Files\Java\jdk1.8.0_45\jre\bin\java.dll
0x000000006a760000 - 0x000000006a776000 	C:\Program Files\Java\jdk1.8.0_45\jre\bin\zip.dll
0x00007ff90bea0000 - 0x00007ff90d3a9000 	C:\WINDOWS\System32\SHELL32.dll
0x00007ff90a9b0000 - 0x00007ff90b08a000 	C:\WINDOWS\System32\windows.storage.dll
0x00007ff90a510000 - 0x00007ff90a55c000 	C:\WINDOWS\System32\powrprof.dll
0x00007ff90be40000 - 0x00007ff90be92000 	C:\WINDOWS\System32\shlwapi.dll
0x00007ff90a0d0000 - 0x00007ff90a0df000 	C:\WINDOWS\System32\kernel.appcore.dll
0x00007ff90a1a0000 - 0x00007ff90a249000 	C:\WINDOWS\System32\shcore.dll
0x00007ff90a0e0000 - 0x00007ff90a0f4000 	C:\WINDOWS\System32\profapi.dll
0x00007ff8f99a0000 - 0x00007ff8f9b32000 	C:\WINDOWS\SYSTEM32\dbghelp.dll

VM Arguments:
jvm_args: -Djava.awt.headless=true -Xmx1024M -Dfile.encoding=GBK -Duser.country=CN -Duser.language=zh -Duser.variant 
java_command: com.android.dx.command.Main --dex --num-threads=4 --output D:\AndroidStudioProject\YuYuBuyer\app\build\intermediates\pre-dexed\debug\debug_642bfe18ef9ae5461042f0ef0e42e6c9642af817.jar D:\AndroidStudioProject\YuYuBuyer\app\build\intermediates\classes\debug
java_class_path (initial): D:\ruanjian\AndroidSdk\build-tools\24.0.0\lib\dx.jar
Launcher Type: SUN_STANDARD

Environment Variables:
JAVA_HOME=C:\Program Files\Java\jdk1.8.0_45
CLASSPATH=C:\Program Files\Java\jdk1.8.0_45\jre\lib;D:\ruanjian\Tomcat7.0\apache-tomcat-7.0.69-windows-x64\apache-tomcat-7.0.69\lib\jsp-api.jar;D:\ruanjian\Tomcat7.0\apache-tomcat-7.0.69-windows-x64\apache-tomcat-7.0.69\lib\servlet-api.jar;
PATH=C:\Program Files\Java\jdk1.8.0_45\bin;E:\adt-bundle-windows-x86_64-20130729\sdk\platform-tools;E:\adt-bundle-windows-x86_64-20130729\sdk\tools;C:\Program Files\Broadcom\Broadcom 802.11 Network Adapter;C:\ProgramData\Oracle\Java\javapath;C:\Windows\system32;C:\Windows;C:\Windows\System32\Wbem;C:\Windows\System32\WindowsPowerShell\v1.0\;C:\Program Files (x86)\NVIDIA Corporation\PhysX\Common;D:\ruanjian\Tomcat7.0\apache-tomcat-7.0.69-windows-x64\apache-tomcat-7.0.69\bin;D:\ruanjian\TortoiseGIT\bin;D:\ruanjian\NDK64\android-ndk-r9d-windows-x86\android-ndk-r9d;C:\WINDOWS\system32;C:\WINDOWS;C:\WINDOWS\System32\Wbem;C:\WINDOWS\System32\WindowsPowerShell\v1.0\;D:\ruanjian\AndroidStudio\gradle\gradle-2.10\bin;D:\ruanjian\Git\Git\bin;C:\Program Files\TortoiseSVN\bin;C:\Users\Administrator\AppData\Local\Microsoft\WindowsApps;
USERNAME=Administrator
OS=Windows_NT
PROCESSOR_IDENTIFIER=Intel64 Family 6 Model 60 Stepping 3, GenuineIntel



---------------  S Y S T E M  ---------------

OS: Windows 10.0 , 64 bit Build 14393 (10.0.14393.0)

CPU:total 4 (2 cores per cpu, 2 threads per core) family 6 model 60 stepping 3, cmov, cx8, fxsr, mmx, sse, sse2, sse3, ssse3, sse4.1, sse4.2, popcnt, avx, avx2, aes, clmul, erms, lzcnt, ht, tsc, tscinvbit, bmi1, bmi2

Memory: 4k page, physical 8268816k(1051712k free), swap 8268816k(6596k free)

vm_info: Java HotSpot(TM) 64-Bit Server VM (25.45-b02) for windows-amd64 JRE (1.8.0_45-b15), built on Apr 30 2015 12:40:44 by "java_re" with MS VC++ 10.0 (VS2010)

time: Mon Nov 07 18:00:52 2016
elapsed time: 20 seconds (0d 0h 0m 20s)

