#
# There is insufficient memory for the Java Runtime Environment to continue.
# Native memory allocation (malloc) failed to allocate 32744 bytes for ChunkPool::allocate
# Possible reasons:
#   The system is out of physical RAM or swap space
#   In 32 bit mode, the process size limit was hit
# Possible solutions:
#   Reduce memory load on the system
#   Increase physical memory or swap space
#   Check if swap backing store is full
#   Use 64 bit Java on a 64 bit OS
#   Decrease Java heap size (-Xmx/-Xms)
#   Decrease number of Java threads
#   Decrease Java thread stack sizes (-Xss)
#   Set larger code cache with -XX:ReservedCodeCacheSize=
# This output file may be truncated or incomplete.
#
#  Out of Memory Error (allocation.cpp:273), pid=8428, tid=3776
#
# JRE version: Java(TM) SE Runtime Environment (8.0_45-b15) (build 1.8.0_45-b15)
# Java VM: Java HotSpot(TM) 64-Bit Server VM (25.45-b02 mixed mode windows-amd64 compressed oops)
# Failed to write core dump. Minidumps are not enabled by default on client versions of Windows
#

---------------  T H R E A D  ---------------

Current thread (0x00000000168d9000):  JavaThread "C1 CompilerThread2" daemon [_thread_in_native, id=3776, stack(0x0000000016da0000,0x0000000016ea0000)]

Stack: [0x0000000016da0000,0x0000000016ea0000]
Native frames: (J=compiled Java code, j=interpreted, Vv=VM code, C=native code)
V  [jvm.dll+0x32b57a]


Current CompileTask:
C1:   5705  198   !   3       com.android.dx.cf.cst.ConstantPoolParser::parse0 (731 bytes)


---------------  P R O C E S S  ---------------

Java Threads: ( => current thread )
  0x0000000016a25000 JavaThread "pool-1-thread-2" [_thread_blocked, id=14492, stack(0x00000000172a0000,0x00000000173a0000)]
  0x0000000016a22000 JavaThread "pool-2-thread-1" [_thread_in_native, id=8092, stack(0x00000000171a0000,0x00000000172a0000)]
  0x0000000016a21000 JavaThread "pool-1-thread-1" [_thread_in_native, id=14232, stack(0x00000000170a0000,0x00000000171a0000)]
  0x0000000016939000 JavaThread "Service Thread" daemon [_thread_blocked, id=11288, stack(0x0000000016ea0000,0x0000000016fa0000)]
=>0x00000000168d9000 JavaThread "C1 CompilerThread2" daemon [_thread_in_native, id=3776, stack(0x0000000016da0000,0x0000000016ea0000)]
  0x000000001529e000 JavaThread "C2 CompilerThread1" daemon [_thread_blocked, id=14516, stack(0x0000000016ca0000,0x0000000016da0000)]
  0x000000001529a800 JavaThread "C2 CompilerThread0" daemon [_thread_blocked, id=13860, stack(0x00000000167a0000,0x00000000168a0000)]
  0x0000000015299000 JavaThread "Attach Listener" daemon [_thread_blocked, id=15012, stack(0x00000000166a0000,0x00000000167a0000)]
  0x000000001524e000 JavaThread "Signal Dispatcher" daemon [_thread_blocked, id=12888, stack(0x00000000165a0000,0x00000000166a0000)]
  0x0000000002b60800 JavaThread "Finalizer" daemon [_thread_blocked, id=8332, stack(0x00000000164a0000,0x00000000165a0000)]
  0x0000000002b5d800 JavaThread "Reference Handler" daemon [_thread_blocked, id=14452, stack(0x00000000163a0000,0x00000000164a0000)]
  0x00000000026ce000 JavaThread "main" [_thread_in_native, id=12608, stack(0x0000000002560000,0x0000000002660000)]

Other Threads:
  0x0000000015208000 VMThread [stack: 0x00000000162a0000,0x00000000163a0000] [id=5808]
  0x0000000016943800 WatcherThread [stack: 0x0000000016fa0000,0x00000000170a0000] [id=14212]

VM state:not at safepoint (normal execution)

VM Mutex/Monitor currently owned by a thread: None

Heap:
 PSYoungGen      total 38400K, used 6685K [0x00000000eab00000, 0x00000000ed580000, 0x0000000100000000)
  eden space 33280K, 20% used [0x00000000eab00000,0x00000000eb187490,0x00000000ecb80000)
  from space 5120K, 0% used [0x00000000ed080000,0x00000000ed080000,0x00000000ed580000)
  to   space 5120K, 0% used [0x00000000ecb80000,0x00000000ecb80000,0x00000000ed080000)
 ParOldGen       total 87552K, used 0K [0x00000000c0000000, 0x00000000c5580000, 0x00000000eab00000)
  object space 87552K, 0% used [0x00000000c0000000,0x00000000c0000000,0x00000000c5580000)
 Metaspace       used 4138K, capacity 5328K, committed 5504K, reserved 1056768K
  class space    used 463K, capacity 520K, committed 640K, reserved 1048576K

Card table byte_map: [0x0000000011f30000,0x0000000012140000] byte_map_base: 0x0000000011930000

Marking Bits: (ParMarkBitMap*) 0x000000006afc4040
 Begin Bits: [0x00000000126a0000, 0x00000000136a0000)
 End Bits:   [0x00000000136a0000, 0x00000000146a0000)

Polling page: 0x0000000000e10000

CodeCache: size=245760Kb used=1431Kb max_used=1441Kb free=244328Kb
 bounds [0x0000000002b70000, 0x0000000002de0000, 0x0000000011b70000]
 total_blobs=466 nmethods=204 adapters=175
 compilation: enabled

Compilation events (10 events):
Event: 5.621 Thread 0x000000001529e000  197       4       com.android.dx.util.ByteArray::checkOffsets (66 bytes)
Event: 5.621 Thread 0x00000000168d9000 nmethod 195 0x0000000002cd3050 code [0x0000000002cd31a0, 0x0000000002cd3330]
Event: 5.621 Thread 0x00000000168d9000  196       1       com.android.dx.util.ByteArray::size (5 bytes)
Event: 5.621 Thread 0x00000000168d9000 nmethod 196 0x0000000002cd3390 code [0x0000000002cd34e0, 0x0000000002cd35f0]
Event: 5.621 Thread 0x00000000168d9000  192   !   3       java.util.zip.ZipFile$ZipFileInputStream::close (110 bytes)
Event: 5.622 Thread 0x000000001529e000 nmethod 197 0x0000000002cd6310 code [0x0000000002cd6440, 0x0000000002cd64f8]
Event: 5.622 Thread 0x00000000168d9000 nmethod 192 0x0000000002cd55d0 code [0x0000000002cd5780, 0x0000000002cd5f98]
Event: 5.622 Thread 0x00000000168d9000  198   !   3       com.android.dx.cf.cst.ConstantPoolParser::parse0 (731 bytes)
Event: 5.623 Thread 0x000000001529a800  202       4       com.android.dx.util.ByteArray::getUnsignedByte (14 bytes)
Event: 5.623 Thread 0x000000001529a800 nmethod 202 0x0000000002cd3990 code [0x0000000002cd3ae0, 0x0000000002cd3bf8]

GC Heap History (0 events):
No events

Deoptimization events (0 events):
No events

Internal exceptions (2 events):
Event: 0.661 Thread 0x00000000026ce000 Exception <a 'java/lang/NoSuchMethodError': Method sun.misc.Unsafe.defineClass(Ljava/lang/String;[BII)Ljava/lang/Class; name or signature does not match> (0x00000000eab12f28) thrown at [C:\re\workspace\8-2-build-windows-amd64-cygwin\jdk8u45\3627\hotspot\sr<½aµ<)å?
Event: 0.661 Thread 0x00000000026ce000 Exception <a 'java/lang/NoSuchMethodError': Method sun.misc.Unsafe.prefetchRead(Ljava/lang/Object;J)V name or signature does not match> (0x00000000eab131b8) thrown at [C:\re\workspace\8-2-build-windows-amd64-cygwin\jdk8u45\3627\hotspot\src\share\vm\prims\j

Events (10 events):
Event: 5.612 loading class java/util/concurrent/ThreadPoolExecutor$Worker done
Event: 5.612 Thread 0x0000000016a21000 Thread added: 0x0000000016a21000
Event: 5.612 loading class com/android/dx/command/dexer/Main$ClassDefItemConsumer
Event: 5.612 loading class com/android/dx/command/dexer/Main$ClassDefItemConsumer done
Event: 5.613 Thread 0x0000000016a22000 Thread added: 0x0000000016a22000
Event: 5.620 Thread 0x0000000016a25000 Thread added: 0x0000000016a25000
Event: 5.624 loading class com/android/dx/cf/attrib/RawAttribute
Event: 5.624 loading class com/android/dx/cf/attrib/RawAttribute done
Event: 5.624 loading class com/android/dx/cf/code/ByteCatchList$Item
Event: 5.624 loading class com/android/dx/cf/code/ByteCatchList$Item done


Dynamic libraries:
0x00007ff6b1340000 - 0x00007ff6b1377000 	C:\Program Files\Java\jdk1.8.0_45\bin\java.exe
0x00007ff90dea0000 - 0x00007ff90e071000 	C:\WINDOWS\SYSTEM32\ntdll.dll
0x00007ff90d3b0000 - 0x00007ff90d45b000 	C:\WINDOWS\System32\KERNEL32.DLL
0x00007ff90a560000 - 0x00007ff90a77d000 	C:\WINDOWS\System32\KERNELBASE.dll
0x00007ff90ba40000 - 0x00007ff90bae2000 	C:\WINDOWS\System32\ADVAPI32.dll
0x00007ff90bd70000 - 0x00007ff90be0e000 	C:\WINDOWS\System32\msvcrt.dll
0x00007ff90b780000 - 0x00007ff90b7d9000 	C:\WINDOWS\System32\sechost.dll
0x00007ff90b540000 - 0x00007ff90b661000 	C:\WINDOWS\System32\RPCRT4.dll
0x00007ff90bbf0000 - 0x00007ff90bd55000 	C:\WINDOWS\System32\USER32.dll
0x00007ff90a990000 - 0x00007ff90a9ae000 	C:\WINDOWS\System32\win32u.dll
0x00007ff90b800000 - 0x00007ff90b834000 	C:\WINDOWS\System32\GDI32.dll
0x00007ff90a780000 - 0x00007ff90a902000 	C:\WINDOWS\System32\gdi32full.dll
0x00007ff906280000 - 0x00007ff9064fa000 	C:\WINDOWS\WinSxS\amd64_microsoft.windows.common-controls_6595b64144ccf1df_6.0.14393.351_none_4213128bc687e6d3\COMCTL32.dll
0x00007ff90b270000 - 0x00007ff90b537000 	C:\WINDOWS\System32\combase.dll
0x00007ff90b140000 - 0x00007ff90b235000 	C:\WINDOWS\System32\ucrtbase.dll
0x00007ff90a910000 - 0x00007ff90a97a000 	C:\WINDOWS\System32\bcryptPrimitives.dll
0x00007ff90dda0000 - 0x00007ff90ddce000 	C:\WINDOWS\System32\IMM32.DLL
0x000000006a300000 - 0x000000006a3d2000 	C:\Program Files\Java\jdk1.8.0_45\jre\bin\msvcr100.dll
0x000000006a7c0000 - 0x000000006b043000 	C:\Program Files\Java\jdk1.8.0_45\jre\bin\server\jvm.dll
0x00007ff90b240000 - 0x00007ff90b263000 	C:\WINDOWS\System32\WINMM.dll
0x00007ff90a100000 - 0x00007ff90a12b000 	C:\WINDOWS\System32\WINMMBASE.dll
0x00007ff90a4c0000 - 0x00007ff90a502000 	C:\WINDOWS\System32\cfgmgr32.dll
0x00007ff90de90000 - 0x00007ff90de98000 	C:\WINDOWS\System32\PSAPI.DLL
0x00007ff8ffaa0000 - 0x00007ff8ffaa9000 	C:\WINDOWS\SYSTEM32\WSOCK32.dll
0x00007ff90d760000 - 0x00007ff90d7ca000 	C:\WINDOWS\System32\WS2_32.dll
0x00007ff906e90000 - 0x00007ff906e9a000 	C:\WINDOWS\SYSTEM32\VERSION.dll
0x000000006a7b0000 - 0x000000006a7bf000 	C:\Program Files\Java\jdk1.8.0_45\jre\bin\verify.dll
0x000000006a780000 - 0x000000006a7a9000 	C:\Program Files\Java\jdk1.8.0_45\jre\bin\java.dll
0x000000006a760000 - 0x000000006a776000 	C:\Program Files\Java\jdk1.8.0_45\jre\bin\zip.dll
0x00007ff90bea0000 - 0x00007ff90d3a9000 	C:\WINDOWS\System32\SHELL32.dll
0x00007ff90a9b0000 - 0x00007ff90b08a000 	C:\WINDOWS\System32\windows.storage.dll
0x00007ff90a510000 - 0x00007ff90a55c000 	C:\WINDOWS\System32\powrprof.dll
0x00007ff90be40000 - 0x00007ff90be92000 	C:\WINDOWS\System32\shlwapi.dll
0x00007ff90a0d0000 - 0x00007ff90a0df000 	C:\WINDOWS\System32\kernel.appcore.dll
0x00007ff90a1a0000 - 0x00007ff90a249000 	C:\WINDOWS\System32\shcore.dll
0x00007ff90a0e0000 - 0x00007ff90a0f4000 	C:\WINDOWS\System32\profapi.dll
0x00007ff8f99a0000 - 0x00007ff8f9b32000 	C:\WINDOWS\SYSTEM32\dbghelp.dll

VM Arguments:
jvm_args: -Djava.awt.headless=true -Xmx1024M -Dfile.encoding=GBK -Duser.country=CN -Duser.language=zh -Duser.variant 
java_command: com.android.dx.command.Main --dex --num-threads=4 --output D:\AndroidStudioProject\YuYuBuyer\app\build\intermediates\pre-dexed\debug\com.android.support-support-vector-drawable-24.0.0_e24628d12334274159948913af7c07fffcb00321.jar D:\AndroidStudioProject\YuYuBuyer\app\build\intermediates\exploded-aar\com.android.support\support-vector-drawable\24.0.0\jars\classes.jar
java_class_path (initial): D:\ruanjian\AndroidSdk\build-tools\24.0.0\lib\dx.jar
Launcher Type: SUN_STANDARD

Environment Variables:
JAVA_HOME=C:\Program Files\Java\jdk1.8.0_45
CLASSPATH=C:\Program Files\Java\jdk1.8.0_45\jre\lib;D:\ruanjian\Tomcat7.0\apache-tomcat-7.0.69-windows-x64\apache-tomcat-7.0.69\lib\jsp-api.jar;D:\ruanjian\Tomcat7.0\apache-tomcat-7.0.69-windows-x64\apache-tomcat-7.0.69\lib\servlet-api.jar;
PATH=C:\Program Files\Java\jdk1.8.0_45\bin;E:\adt-bundle-windows-x86_64-20130729\sdk\platform-tools;E:\adt-bundle-windows-x86_64-20130729\sdk\tools;C:\Program Files\Broadcom\Broadcom 802.11 Network Adapter;C:\ProgramData\Oracle\Java\javapath;C:\Windows\system32;C:\Windows;C:\Windows\System32\Wbem;C:\Windows\System32\WindowsPowerShell\v1.0\;C:\Program Files (x86)\NVIDIA Corporation\PhysX\Common;D:\ruanjian\Tomcat7.0\apache-tomcat-7.0.69-windows-x64\apache-tomcat-7.0.69\bin;D:\ruanjian\TortoiseGIT\bin;D:\ruanjian\NDK64\android-ndk-r9d-windows-x86\android-ndk-r9d;C:\WINDOWS\system32;C:\WINDOWS;C:\WINDOWS\System32\Wbem;C:\WINDOWS\System32\WindowsPowerShell\v1.0\;D:\ruanjian\AndroidStudio\gradle\gradle-2.10\bin;D:\ruanjian\Git\Git\bin;C:\Program Files\TortoiseSVN\bin;C:\Users\Administrator\AppData\Local\Microsoft\WindowsApps;
USERNAME=Administrator
OS=Windows_NT
PROCESSOR_IDENTIFIER=Intel64 Family 6 Model 60 Stepping 3, GenuineIntel



---------------  S Y S T E M  ---------------

OS: Windows 10.0 , 64 bit Build 14393 (10.0.14393.0)

CPU:total 4 (2 cores per cpu, 2 threads per core) family 6 model 60 stepping 3, cmov, cx8, fxsr, mmx, sse, sse2, sse3, ssse3, sse4.1, sse4.2, popcnt, avx, avx2, aes, clmul, erms, lzcnt, ht, tsc, tscinvbit, bmi1, bmi2

Memory: 4k page, physical 8268816k(1229172k free), swap 8268816k(1780k free)

vm_info: Java HotSpot(TM) 64-Bit Server VM (25.45-b02) for windows-amd64 JRE (1.8.0_45-b15), built on Apr 30 2015 12:40:44 by "java_re" with MS VC++ 10.0 (VS2010)

time: Mon Nov 07 18:07:45 2016
elapsed time: 5 seconds (0d 0h 0m 5s)

