#
# There is insufficient memory for the Java Runtime Environment to continue.
# Native memory allocation (malloc) failed to allocate 74048 bytes for Chunk::new
# Possible reasons:
#   The system is out of physical RAM or swap space
#   In 32 bit mode, the process size limit was hit
# Possible solutions:
#   Reduce memory load on the system
#   Increase physical memory or swap space
#   Check if swap backing store is full
#   Use 64 bit Java on a 64 bit OS
#   Decrease Java heap size (-Xmx/-Xms)
#   Decrease number of Java threads
#   Decrease Java thread stack sizes (-Xss)
#   Set larger code cache with -XX:ReservedCodeCacheSize=
# This output file may be truncated or incomplete.
#
#  Out of Memory Error (allocation.cpp:390), pid=10136, tid=6968
#
# JRE version: Java(TM) SE Runtime Environment (8.0_45-b15) (build 1.8.0_45-b15)
# Java VM: Java HotSpot(TM) 64-Bit Server VM (25.45-b02 mixed mode windows-amd64 compressed oops)
# Failed to write core dump. Minidumps are not enabled by default on client versions of Windows
#

---------------  T H R E A D  ---------------

Current thread (0x000000001563e000):  JavaThread "C2 CompilerThread1" daemon [_thread_in_native, id=6968, stack(0x0000000017050000,0x0000000017150000)]

Stack: [0x0000000017050000,0x0000000017150000]
Native frames: (J=compiled Java code, j=interpreted, Vv=VM code, C=native code)
V  [jvm.dll+0x32b57a]


Current CompileTask:
C2:   9296 2048       4       com.android.dx.rop.cst.CstBaseMethodRef::getPrototype (41 bytes)


---------------  P R O C E S S  ---------------

Java Threads: ( => current thread )
  0x0000000016eba800 JavaThread "pool-2-thread-4" [_thread_blocked, id=13916, stack(0x0000000017850000,0x0000000017950000)]
  0x0000000016de4000 JavaThread "pool-2-thread-3" [_thread_blocked, id=12952, stack(0x0000000017750000,0x0000000017850000)]
  0x0000000016de3800 JavaThread "pool-2-thread-2" [_thread_blocked, id=7400, stack(0x0000000017650000,0x0000000017750000)]
  0x0000000016dc7000 JavaThread "pool-3-thread-1" [_thread_blocked, id=1276, stack(0x0000000017550000,0x0000000017650000)]
  0x0000000016dc6800 JavaThread "pool-2-thread-1" [_thread_blocked, id=7820, stack(0x0000000017450000,0x0000000017550000)]
  0x0000000016cb1800 JavaThread "Service Thread" daemon [_thread_blocked, id=6716, stack(0x0000000017250000,0x0000000017350000)]
  0x0000000016cab800 JavaThread "C1 CompilerThread2" daemon [_thread_blocked, id=9292, stack(0x0000000017150000,0x0000000017250000)]
=>0x000000001563e000 JavaThread "C2 CompilerThread1" daemon [_thread_in_native, id=6968, stack(0x0000000017050000,0x0000000017150000)]
  0x000000001563a000 JavaThread "C2 CompilerThread0" daemon [_thread_in_native, id=8156, stack(0x0000000016b50000,0x0000000016c50000)]
  0x00000000155ef000 JavaThread "Attach Listener" daemon [_thread_blocked, id=11872, stack(0x0000000016a50000,0x0000000016b50000)]
  0x00000000155ee000 JavaThread "Signal Dispatcher" daemon [_thread_blocked, id=1128, stack(0x0000000016950000,0x0000000016a50000)]
  0x0000000002f01000 JavaThread "Finalizer" daemon [_thread_blocked, id=2404, stack(0x0000000016850000,0x0000000016950000)]
  0x0000000002efe800 JavaThread "Reference Handler" daemon [_thread_blocked, id=5948, stack(0x0000000016750000,0x0000000016850000)]
  0x0000000002e0e000 JavaThread "main" [_thread_in_native, id=1656, stack(0x0000000002c50000,0x0000000002d50000)]

Other Threads:
  0x00000000155a7000 VMThread [stack: 0x0000000016650000,0x0000000016750000] [id=8028]
  0x0000000016cb3000 WatcherThread [stack: 0x0000000017350000,0x0000000017450000] [id=9280]

VM state:not at safepoint (normal execution)

VM Mutex/Monitor currently owned by a thread: None

Heap:
 PSYoungGen      total 138240K, used 43551K [0x00000000eab00000, 0x00000000f3700000, 0x0000000100000000)
  eden space 133120K, 28% used [0x00000000eab00000,0x00000000ed08ee30,0x00000000f2d00000)
  from space 5120K, 99% used [0x00000000f3200000,0x00000000f36f9100,0x00000000f3700000)
  to   space 5120K, 0% used [0x00000000f2d00000,0x00000000f2d00000,0x00000000f3200000)
 ParOldGen       total 87552K, used 28485K [0x00000000c0000000, 0x00000000c5580000, 0x00000000eab00000)
  object space 87552K, 32% used [0x00000000c0000000,0x00000000c1bd1620,0x00000000c5580000)
 Metaspace       used 6212K, capacity 7088K, committed 7296K, reserved 1056768K
  class space    used 592K, capacity 616K, committed 640K, reserved 1048576K

Card table byte_map: [0x00000000122d0000,0x00000000124e0000] byte_map_base: 0x0000000011cd0000

Marking Bits: (ParMarkBitMap*) 0x000000005df04040
 Begin Bits: [0x0000000012a40000, 0x0000000013a40000)
 End Bits:   [0x0000000013a40000, 0x0000000014a40000)

Polling page: 0x0000000002d50000

CodeCache: size=245760Kb used=9238Kb max_used=9238Kb free=236522Kb
 bounds [0x0000000002f10000, 0x0000000003820000, 0x0000000011f10000]
 total_blobs=2261 nmethods=1990 adapters=184
 compilation: enabled

Compilation events (10 events):
Event: 8.992 Thread 0x0000000016cab800 nmethod 2040 0x0000000003814910 code [0x0000000003814a80, 0x0000000003814e38]
Event: 8.993 Thread 0x0000000016cab800 2044   !   3       java.util.concurrent.FutureTask::run (126 bytes)
Event: 8.994 Thread 0x0000000016cab800 nmethod 2044 0x0000000003813b50 code [0x0000000003813d40, 0x00000000038145a8]
Event: 8.994 Thread 0x0000000016cab800 2046       3       com.android.dx.command.dexer.Main::access$1802 (6 bytes)
Event: 8.994 Thread 0x0000000016cab800 nmethod 2046 0x0000000003813810 code [0x0000000003813960, 0x0000000003813ab0]
Event: 8.994 Thread 0x0000000016cab800 2045       1       com.android.dx.dex.file.ClassDefItem::getThisClass (5 bytes)
Event: 8.994 Thread 0x0000000016cab800 nmethod 2045 0x0000000003813550 code [0x00000000038136a0, 0x00000000038137b0]
Event: 9.042 Thread 0x0000000016cab800 2047       1       com.android.dx.cf.attrib.AttSourceFile::byteLength (3 bytes)
Event: 9.042 Thread 0x0000000016cab800 nmethod 2047 0x0000000003813290 code [0x00000000038133e0, 0x00000000038134f0]
Event: 9.048 Thread 0x000000001563e000 2048       4       com.android.dx.rop.cst.CstBaseMethodRef::getPrototype (41 bytes)

GC Heap History (8 events):
Event: 2.273 GC heap before
{Heap before GC invocations=1 (full 0):
 PSYoungGen      total 38400K, used 33280K [0x00000000eab00000, 0x00000000ed580000, 0x0000000100000000)
  eden space 33280K, 100% used [0x00000000eab00000,0x00000000ecb80000,0x00000000ecb80000)
  from space 5120K, 0% used [0x00000000ed080000,0x00000000ed080000,0x00000000ed580000)
  to   space 5120K, 0% used [0x00000000ecb80000,0x00000000ecb80000,0x00000000ed080000)
 ParOldGen       total 87552K, used 0K [0x00000000c0000000, 0x00000000c5580000, 0x00000000eab00000)
  object space 87552K, 0% used [0x00000000c0000000,0x00000000c0000000,0x00000000c5580000)
 Metaspace       used 5869K, capacity 6896K, committed 7040K, reserved 1056768K
  class space    used 586K, capacity 616K, committed 640K, reserved 1048576K
Event: 2.490 GC heap after
Heap after GC invocations=1 (full 0):
 PSYoungGen      total 38400K, used 5117K [0x00000000eab00000, 0x00000000ef600000, 0x0000000100000000)
  eden space 33280K, 0% used [0x00000000eab00000,0x00000000eab00000,0x00000000ecb80000)
  from space 5120K, 99% used [0x00000000ecb80000,0x00000000ed07f758,0x00000000ed080000)
  to   space 5120K, 0% used [0x00000000ef100000,0x00000000ef100000,0x00000000ef600000)
 ParOldGen       total 87552K, used 1765K [0x00000000c0000000, 0x00000000c5580000, 0x00000000eab00000)
  object space 87552K, 2% used [0x00000000c0000000,0x00000000c01b9768,0x00000000c5580000)
 Metaspace       used 5869K, capacity 6896K, committed 7040K, reserved 1056768K
  class space    used 586K, capacity 616K, committed 640K, reserved 1048576K
}
Event: 3.177 GC heap before
{Heap before GC invocations=2 (full 0):
 PSYoungGen      total 38400K, used 38397K [0x00000000eab00000, 0x00000000ef600000, 0x0000000100000000)
  eden space 33280K, 100% used [0x00000000eab00000,0x00000000ecb80000,0x00000000ecb80000)
  from space 5120K, 99% used [0x00000000ecb80000,0x00000000ed07f758,0x00000000ed080000)
  to   space 5120K, 0% used [0x00000000ef100000,0x00000000ef100000,0x00000000ef600000)
 ParOldGen       total 87552K, used 1765K [0x00000000c0000000, 0x00000000c5580000, 0x00000000eab00000)
  object space 87552K, 2% used [0x00000000c0000000,0x00000000c01b9768,0x00000000c5580000)
 Metaspace       used 6033K, capacity 6960K, committed 7040K, reserved 1056768K
  class space    used 592K, capacity 616K, committed 640K, reserved 1048576K
Event: 3.534 GC heap after
Heap after GC invocations=2 (full 0):
 PSYoungGen      total 71680K, used 5099K [0x00000000eab00000, 0x00000000ef600000, 0x0000000100000000)
  eden space 66560K, 0% used [0x00000000eab00000,0x00000000eab00000,0x00000000eec00000)
  from space 5120K, 99% used [0x00000000ef100000,0x00000000ef5face0,0x00000000ef600000)
  to   space 5120K, 0% used [0x00000000eec00000,0x00000000eec00000,0x00000000ef100000)
 ParOldGen       total 87552K, used 7566K [0x00000000c0000000, 0x00000000c5580000, 0x00000000eab00000)
  object space 87552K, 8% used [0x00000000c0000000,0x00000000c0763a78,0x00000000c5580000)
 Metaspace       used 6033K, capacity 6960K, committed 7040K, reserved 1056768K
  class space    used 592K, capacity 616K, committed 640K, reserved 1048576K
}
Event: 5.986 GC heap before
{Heap before GC invocations=3 (full 0):
 PSYoungGen      total 71680K, used 71659K [0x00000000eab00000, 0x00000000ef600000, 0x0000000100000000)
  eden space 66560K, 100% used [0x00000000eab00000,0x00000000eec00000,0x00000000eec00000)
  from space 5120K, 99% used [0x00000000ef100000,0x00000000ef5face0,0x00000000ef600000)
  to   space 5120K, 0% used [0x00000000eec00000,0x00000000eec00000,0x00000000ef100000)
 ParOldGen       total 87552K, used 7566K [0x00000000c0000000, 0x00000000c5580000, 0x00000000eab00000)
  object space 87552K, 8% used [0x00000000c0000000,0x00000000c0763a78,0x00000000c5580000)
 Metaspace       used 6148K, capacity 7088K, committed 7296K, reserved 1056768K
  class space    used 592K, capacity 616K, committed 640K, reserved 1048576K
Event: 6.335 GC heap after
Heap after GC invocations=3 (full 0):
 PSYoungGen      total 71680K, used 5088K [0x00000000eab00000, 0x00000000f3700000, 0x0000000100000000)
  eden space 66560K, 0% used [0x00000000eab00000,0x00000000eab00000,0x00000000eec00000)
  from space 5120K, 99% used [0x00000000eec00000,0x00000000ef0f8010,0x00000000ef100000)
  to   space 5120K, 0% used [0x00000000f3200000,0x00000000f3200000,0x00000000f3700000)
 ParOldGen       total 87552K, used 18263K [0x00000000c0000000, 0x00000000c5580000, 0x00000000eab00000)
  object space 87552K, 20% used [0x00000000c0000000,0x00000000c11d5c10,0x00000000c5580000)
 Metaspace       used 6148K, capacity 7088K, committed 7296K, reserved 1056768K
  class space    used 592K, capacity 616K, committed 640K, reserved 1048576K
}
Event: 8.522 GC heap before
{Heap before GC invocations=4 (full 0):
 PSYoungGen      total 71680K, used 71648K [0x00000000eab00000, 0x00000000f3700000, 0x0000000100000000)
  eden space 66560K, 100% used [0x00000000eab00000,0x00000000eec00000,0x00000000eec00000)
  from space 5120K, 99% used [0x00000000eec00000,0x00000000ef0f8010,0x00000000ef100000)
  to   space 5120K, 0% used [0x00000000f3200000,0x00000000f3200000,0x00000000f3700000)
 ParOldGen       total 87552K, used 18263K [0x00000000c0000000, 0x00000000c5580000, 0x00000000eab00000)
  object space 87552K, 20% used [0x00000000c0000000,0x00000000c11d5c10,0x00000000c5580000)
 Metaspace       used 6185K, capacity 7088K, committed 7296K, reserved 1056768K
  class space    used 592K, capacity 616K, committed 640K, reserved 1048576K
Event: 8.629 GC heap after
Heap after GC invocations=4 (full 0):
 PSYoungGen      total 138240K, used 5092K [0x00000000eab00000, 0x00000000f3700000, 0x0000000100000000)
  eden space 133120K, 0% used [0x00000000eab00000,0x00000000eab00000,0x00000000f2d00000)
  from space 5120K, 99% used [0x00000000f3200000,0x00000000f36f9100,0x00000000f3700000)
  to   space 5120K, 0% used [0x00000000f2d00000,0x00000000f2d00000,0x00000000f3200000)
 ParOldGen       total 87552K, used 28485K [0x00000000c0000000, 0x00000000c5580000, 0x00000000eab00000)
  object space 87552K, 32% used [0x00000000c0000000,0x00000000c1bd1620,0x00000000c5580000)
 Metaspace       used 6185K, capacity 7088K, committed 7296K, reserved 1056768K
  class space    used 592K, capacity 616K, committed 640K, reserved 1048576K
}

Deoptimization events (10 events):
Event: 7.267 Thread 0x0000000016dc6800 Uncommon trap: reason=bimorphic action=maybe_recompile pc=0x0000000003591978 method=com.android.dx.rop.code.Rops.opMoveResultPseudo(Lcom/android/dx/rop/type/TypeBearer;)Lcom/android/dx/rop/code/Rop; @ 7
Event: 7.416 Thread 0x0000000016eba800 Uncommon trap: reason=bimorphic action=maybe_recompile pc=0x0000000003591978 method=com.android.dx.rop.code.Rops.opMoveResultPseudo(Lcom/android/dx/rop/type/TypeBearer;)Lcom/android/dx/rop/code/Rop; @ 7
Event: 7.445 Thread 0x0000000016de3800 Uncommon trap: reason=unstable_if action=reinterpret pc=0x000000000333f0ec method=com.android.dx.rop.code.RegisterSpec.equals(ILcom/android/dx/rop/type/TypeBearer;Lcom/android/dx/rop/code/LocalItem;)Z @ 24
Event: 8.258 Thread 0x0000000016de4000 Uncommon trap: reason=bimorphic action=maybe_recompile pc=0x0000000003591978 method=com.android.dx.rop.code.Rops.opMoveResultPseudo(Lcom/android/dx/rop/type/TypeBearer;)Lcom/android/dx/rop/code/Rop; @ 7
Event: 8.766 Thread 0x0000000016de4000 Uncommon trap: reason=class_check action=maybe_recompile pc=0x00000000035f9968 method=com.android.dx.cf.code.BytecodeArray.parseInstruction(ILcom/android/dx/cf/code/BytecodeArray$Visitor;)I @ 1747
Event: 8.918 Thread 0x0000000016eba800 Uncommon trap: reason=unstable_if action=reinterpret pc=0x00000000034293f8 method=com.android.dx.util.BitIntSet.has(I)Z @ 8
Event: 8.918 Thread 0x0000000016eba800 Uncommon trap: reason=unstable_if action=reinterpret pc=0x000000000376bc08 method=com.android.dx.util.BitIntSet.has(I)Z @ 8
Event: 8.944 Thread 0x0000000016de3800 Uncommon trap: reason=unstable_if action=reinterpret pc=0x00000000036f2d2c method=com.android.dx.cf.code.LocalVariableList$Item.matchesPcAndIndex(II)Z @ 26
Event: 8.945 Thread 0x0000000016de3800 Uncommon trap: reason=unstable_if action=reinterpret pc=0x0000000003613ae8 method=com.android.dx.ssa.DeadCodeRemover.isCircularNoSideEffect(ILjava/util/BitSet;)Z @ 9
Event: 8.949 Thread 0x0000000016de3800 Uncommon trap: reason=unstable_if action=reinterpret pc=0x000000000341d7ac method=com.android.dx.util.BitIntSet.has(I)Z @ 8

Internal exceptions (3 events):
Event: 0.048 Thread 0x0000000002e0e000 Exception <a 'java/lang/NoSuchMethodError': Method sun.misc.Unsafe.defineClass(Ljava/lang/String;[BII)Ljava/lang/Class; name or signature does not match> (0x00000000eab12f28) thrown at [C:\re\workspace\8-2-build-windows-amd64-cygwin\jdk8u45\3627\hotspot\srQŽM(w½¨?
Event: 0.048 Thread 0x0000000002e0e000 Exception <a 'java/lang/NoSuchMethodError': Method sun.misc.Unsafe.prefetchRead(Ljava/lang/Object;J)V name or signature does not match> (0x00000000eab131b8) thrown at [C:\re\workspace\8-2-build-windows-amd64-cygwin\jdk8u45\3627\hotspot\src\share\vm\prims\j¤ã™	Úý?
Event: 1.866 Thread 0x0000000016de3800 Implicit null exception at 0x00000000033925ac to 0x0000000003394b15

Events (10 events):
Event: 8.918 Thread 0x0000000016eba800 DEOPT UNPACKING pc=0x0000000002f5582a sp=0x000000001794e868 mode 2
Event: 8.944 Thread 0x0000000016de3800 Uncommon trap: trap_request=0xffffff65 fr.pc=0x00000000036f2d2c
Event: 8.944 Thread 0x0000000016de3800 DEOPT PACKING pc=0x00000000036f2d2c sp=0x000000001774ea80
Event: 8.944 Thread 0x0000000016de3800 DEOPT UNPACKING pc=0x0000000002f5582a sp=0x000000001774e960 mode 2
Event: 8.945 Thread 0x0000000016de3800 Uncommon trap: trap_request=0xffffff65 fr.pc=0x0000000003613ae8
Event: 8.945 Thread 0x0000000016de3800 DEOPT PACKING pc=0x0000000003613ae8 sp=0x000000001774e9d0
Event: 8.945 Thread 0x0000000016de3800 DEOPT UNPACKING pc=0x0000000002f5582a sp=0x000000001774e938 mode 2
Event: 8.949 Thread 0x0000000016de3800 Uncommon trap: trap_request=0xffffff65 fr.pc=0x000000000341d7ac
Event: 8.949 Thread 0x0000000016de3800 DEOPT PACKING pc=0x000000000341d7ac sp=0x000000001774e9a0
Event: 8.949 Thread 0x0000000016de3800 DEOPT UNPACKING pc=0x0000000002f5582a sp=0x000000001774e808 mode 2


Dynamic libraries:
0x00007ff720ff0000 - 0x00007ff721027000 	C:\Program Files\Java\jdk1.8.0_45\bin\java.exe
0x00007ffdb5350000 - 0x00007ffdb5521000 	C:\WINDOWS\SYSTEM32\ntdll.dll
0x00007ffdb45c0000 - 0x00007ffdb466b000 	C:\WINDOWS\System32\KERNEL32.DLL
0x00007ffdb16b0000 - 0x00007ffdb18cd000 	C:\WINDOWS\System32\KERNELBASE.dll
0x00007ffdb5200000 - 0x00007ffdb52a2000 	C:\WINDOWS\System32\ADVAPI32.dll
0x00007ffdb52b0000 - 0x00007ffdb534e000 	C:\WINDOWS\System32\msvcrt.dll
0x00007ffdb4490000 - 0x00007ffdb44e9000 	C:\WINDOWS\System32\sechost.dll
0x00007ffdb4f10000 - 0x00007ffdb5031000 	C:\WINDOWS\System32\RPCRT4.dll
0x00007ffdb4280000 - 0x00007ffdb43e5000 	C:\WINDOWS\System32\USER32.dll
0x00007ffdb1b40000 - 0x00007ffdb1b5e000 	C:\WINDOWS\System32\win32u.dll
0x00007ffdb4d20000 - 0x00007ffdb4d54000 	C:\WINDOWS\System32\GDI32.dll
0x00007ffdb1b60000 - 0x00007ffdb1ce2000 	C:\WINDOWS\System32\gdi32full.dll
0x00007ffdada60000 - 0x00007ffdadcd9000 	C:\WINDOWS\WinSxS\amd64_microsoft.windows.common-controls_6595b64144ccf1df_6.0.14393.0_none_2d0f50fcbdb171b8\COMCTL32.dll
0x00007ffdb47e0000 - 0x00007ffdb4aa7000 	C:\WINDOWS\System32\combase.dll
0x00007ffdb25d0000 - 0x00007ffdb26c5000 	C:\WINDOWS\System32\ucrtbase.dll
0x00007ffdb2560000 - 0x00007ffdb25ca000 	C:\WINDOWS\System32\bcryptPrimitives.dll
0x00007ffdb4ab0000 - 0x00007ffdb4ade000 	C:\WINDOWS\System32\IMM32.DLL
0x000000005d620000 - 0x000000005d6f2000 	C:\Program Files\Java\jdk1.8.0_45\jre\bin\msvcr100.dll
0x000000005d700000 - 0x000000005df83000 	C:\Program Files\Java\jdk1.8.0_45\jre\bin\server\jvm.dll
0x00007ffdb24d0000 - 0x00007ffdb24f3000 	C:\WINDOWS\System32\WINMM.dll
0x00007ffdb15a0000 - 0x00007ffdb15cb000 	C:\WINDOWS\System32\WINMMBASE.dll
0x00007ffdb1cf0000 - 0x00007ffdb1d32000 	C:\WINDOWS\System32\cfgmgr32.dll
0x00007ffdb47d0000 - 0x00007ffdb47d8000 	C:\WINDOWS\System32\PSAPI.DLL
0x00007ffda8c20000 - 0x00007ffda8c29000 	C:\WINDOWS\SYSTEM32\WSOCK32.dll
0x00007ffdb4b00000 - 0x00007ffdb4b6a000 	C:\WINDOWS\System32\WS2_32.dll
0x00007ffdade00000 - 0x00007ffdade0a000 	C:\WINDOWS\SYSTEM32\VERSION.dll
0x000000005d610000 - 0x000000005d61f000 	C:\Program Files\Java\jdk1.8.0_45\jre\bin\verify.dll
0x000000005d5e0000 - 0x000000005d609000 	C:\Program Files\Java\jdk1.8.0_45\jre\bin\java.dll
0x000000005d5c0000 - 0x000000005d5d6000 	C:\Program Files\Java\jdk1.8.0_45\jre\bin\zip.dll
0x00007ffdb2d70000 - 0x00007ffdb4278000 	C:\WINDOWS\System32\SHELL32.dll
0x00007ffdb1d40000 - 0x00007ffdb241a000 	C:\WINDOWS\System32\windows.storage.dll
0x00007ffdb26d0000 - 0x00007ffdb271c000 	C:\WINDOWS\System32\powrprof.dll
0x00007ffdb2b50000 - 0x00007ffdb2ba2000 	C:\WINDOWS\System32\shlwapi.dll
0x00007ffdb1580000 - 0x00007ffdb158f000 	C:\WINDOWS\System32\kernel.appcore.dll
0x00007ffdb15f0000 - 0x00007ffdb1699000 	C:\WINDOWS\System32\shcore.dll
0x00007ffdb15d0000 - 0x00007ffdb15e4000 	C:\WINDOWS\System32\profapi.dll

VM Arguments:
jvm_args: -Djava.awt.headless=true -Xmx1024M -Dfile.encoding=GBK -Duser.country=CN -Duser.language=zh -Duser.variant 
java_command: com.android.dx.command.Main --dex --force-jumbo --num-threads=4 --multi-dex --output D:\AndroidStudioProject\YuYuBuyer\app\build\intermediates\transforms\dex\debug\folders\1000\5\slice_5 D:\AndroidStudioProject\YuYuBuyer\app\build\intermediates\transforms\instantRunSlicer\debug\folders\1\5\slice_5
java_class_path (initial): D:\ruanjian\AndroidSdk\build-tools\24.0.0\lib\dx.jar
Launcher Type: SUN_STANDARD

Environment Variables:
JAVA_HOME=C:\Program Files\Java\jdk1.8.0_45
CLASSPATH=C:\Program Files\Java\jdk1.8.0_45\jre\lib;D:\ruanjian\Tomcat7.0\apache-tomcat-7.0.69-windows-x64\apache-tomcat-7.0.69\lib\jsp-api.jar;D:\ruanjian\Tomcat7.0\apache-tomcat-7.0.69-windows-x64\apache-tomcat-7.0.69\lib\servlet-api.jar;
PATH=C:\Program Files\Java\jdk1.8.0_45\bin;E:\adt-bundle-windows-x86_64-20130729\sdk\platform-tools;E:\adt-bundle-windows-x86_64-20130729\sdk\tools;C:\Program Files\Broadcom\Broadcom 802.11 Network Adapter;C:\ProgramData\Oracle\Java\javapath;C:\Windows\system32;C:\Windows;C:\Windows\System32\Wbem;C:\Windows\System32\WindowsPowerShell\v1.0\;C:\Program Files (x86)\NVIDIA Corporation\PhysX\Common;D:\ruanjian\Tomcat7.0\apache-tomcat-7.0.69-windows-x64\apache-tomcat-7.0.69\bin;D:\ruanjian\TortoiseGIT\bin;D:\ruanjian\NDK64\android-ndk-r9d-windows-x86\android-ndk-r9d;C:\WINDOWS\system32;C:\WINDOWS;C:\WINDOWS\System32\Wbem;C:\WINDOWS\System32\WindowsPowerShell\v1.0\;D:\ruanjian\AndroidStudio\gradle\gradle-2.10\bin;D:\ruanjian\Git\Git\bin;C:\Program Files\TortoiseSVN\bin;C:\Users\Administrator\AppData\Local\Microsoft\WindowsApps;
USERNAME=Administrator
OS=Windows_NT
PROCESSOR_IDENTIFIER=Intel64 Family 6 Model 60 Stepping 3, GenuineIntel



---------------  S Y S T E M  ---------------

OS: Windows 10.0 , 64 bit Build 14393 (10.0.14393.0)

CPU:total 4 (2 cores per cpu, 2 threads per core) family 6 model 60 stepping 3, cmov, cx8, fxsr, mmx, sse, sse2, sse3, ssse3, sse4.1, sse4.2, popcnt, avx, avx2, aes, clmul, erms, lzcnt, ht, tsc, tscinvbit, bmi1, bmi2

Memory: 4k page, physical 8268816k(1137020k free), swap 8268816k(736k free)

vm_info: Java HotSpot(TM) 64-Bit Server VM (25.45-b02) for windows-amd64 JRE (1.8.0_45-b15), built on Apr 30 2015 12:40:44 by "java_re" with MS VC++ 10.0 (VS2010)

time: Tue Oct 18 18:19:55 2016
elapsed time: 9 seconds (0d 0h 0m 9s)

