#
# There is insufficient memory for the Java Runtime Environment to continue.
# Native memory allocation (malloc) failed to allocate 32744 bytes for ChunkPool::allocate
# Possible reasons:
#   The system is out of physical RAM or swap space
#   In 32 bit mode, the process size limit was hit
# Possible solutions:
#   Reduce memory load on the system
#   Increase physical memory or swap space
#   Check if swap backing store is full
#   Use 64 bit Java on a 64 bit OS
#   Decrease Java heap size (-Xmx/-Xms)
#   Decrease number of Java threads
#   Decrease Java thread stack sizes (-Xss)
#   Set larger code cache with -XX:ReservedCodeCacheSize=
# This output file may be truncated or incomplete.
#
#  Out of Memory Error (allocation.cpp:273), pid=752, tid=12904
#
# JRE version: Java(TM) SE Runtime Environment (8.0_45-b15) (build 1.8.0_45-b15)
# Java VM: Java HotSpot(TM) 64-Bit Server VM (25.45-b02 mixed mode windows-amd64 compressed oops)
# Failed to write core dump. Minidumps are not enabled by default on client versions of Windows
#

---------------  T H R E A D  ---------------

Current thread (0x0000000016d54800):  JavaThread "C1 CompilerThread2" daemon [_thread_in_native, id=12904, stack(0x00000000171f0000,0x00000000172f0000)]

Stack: [0x00000000171f0000,0x00000000172f0000]
Native frames: (J=compiled Java code, j=interpreted, Vv=VM code, C=native code)
V  [jvm.dll+0x32b57a]


Current CompileTask:
C1:    215   24       3       java.io.DataInputStream::readUTF (501 bytes)


---------------  P R O C E S S  ---------------

Java Threads: ( => current thread )
  0x0000000016d59800 JavaThread "Service Thread" daemon [_thread_blocked, id=8068, stack(0x00000000172f0000,0x00000000173f0000)]
=>0x0000000016d54800 JavaThread "C1 CompilerThread2" daemon [_thread_in_native, id=12904, stack(0x00000000171f0000,0x00000000172f0000)]
  0x0000000016cf0800 JavaThread "C2 CompilerThread1" daemon [_thread_blocked, id=14092, stack(0x00000000170f0000,0x00000000171f0000)]
  0x00000000156eb000 JavaThread "C2 CompilerThread0" daemon [_thread_blocked, id=14208, stack(0x0000000016bf0000,0x0000000016cf0000)]
  0x00000000156a0000 JavaThread "Attach Listener" daemon [_thread_blocked, id=12192, stack(0x0000000016af0000,0x0000000016bf0000)]
  0x000000001569f000 JavaThread "Signal Dispatcher" daemon [_thread_blocked, id=15020, stack(0x00000000169f0000,0x0000000016af0000)]
  0x0000000002fb0800 JavaThread "Finalizer" daemon [_thread_blocked, id=15136, stack(0x00000000168f0000,0x00000000169f0000)]
  0x0000000002fad800 JavaThread "Reference Handler" daemon [_thread_blocked, id=15276, stack(0x00000000167f0000,0x00000000168f0000)]
  0x00000000029ce000 JavaThread "main" [_thread_in_native, id=1336, stack(0x0000000002dc0000,0x0000000002ec0000)]

Other Threads:
  0x0000000015658000 VMThread [stack: 0x00000000166f0000,0x00000000167f0000] [id=9672]
  0x0000000016d5b000 WatcherThread [stack: 0x00000000173f0000,0x00000000174f0000] [id=14060]

VM state:not at safepoint (normal execution)

VM Mutex/Monitor currently owned by a thread: None

Heap:
 PSYoungGen      total 38400K, used 2662K [0x00000000eab00000, 0x00000000ed580000, 0x0000000100000000)
  eden space 33280K, 8% used [0x00000000eab00000,0x00000000ead99b10,0x00000000ecb80000)
  from space 5120K, 0% used [0x00000000ed080000,0x00000000ed080000,0x00000000ed580000)
  to   space 5120K, 0% used [0x00000000ecb80000,0x00000000ecb80000,0x00000000ed080000)
 ParOldGen       total 87552K, used 0K [0x00000000c0000000, 0x00000000c5580000, 0x00000000eab00000)
  object space 87552K, 0% used [0x00000000c0000000,0x00000000c0000000,0x00000000c5580000)
 Metaspace       used 2647K, capacity 4480K, committed 4480K, reserved 1056768K
  class space    used 282K, capacity 384K, committed 384K, reserved 1048576K

Card table byte_map: [0x0000000012380000,0x0000000012590000] byte_map_base: 0x0000000011d80000

Marking Bits: (ParMarkBitMap*) 0x000000006afc4040
 Begin Bits: [0x0000000012af0000, 0x0000000013af0000)
 End Bits:   [0x0000000013af0000, 0x0000000014af0000)

Polling page: 0x00000000011f0000

CodeCache: size=245760Kb used=1102Kb max_used=1102Kb free=244657Kb
 bounds [0x0000000002fc0000, 0x0000000003230000, 0x0000000011fc0000]
 total_blobs=264 nmethods=23 adapters=155
 compilation: enabled

Compilation events (10 events):
Event: 0.169 Thread 0x0000000016d54800 nmethod 19 0x00000000030cca10 code [0x00000000030ccb60, 0x00000000030ccc70]
Event: 0.170 Thread 0x0000000016d54800   20       3       java.lang.Math::min (11 bytes)
Event: 0.170 Thread 0x0000000016d54800 nmethod 20 0x00000000030cc6d0 code [0x00000000030cc820, 0x00000000030cc9b0]
Event: 0.210 Thread 0x0000000016d54800   21       3       java.lang.String::<init> (62 bytes)
Event: 0.211 Thread 0x0000000016d54800 nmethod 21 0x00000000030d2650 code [0x00000000030d2800, 0x00000000030d2c38]
Event: 0.211 Thread 0x0000000016d54800   22       3       java.io.BufferedInputStream::getBufIfOpen (21 bytes)
Event: 0.211 Thread 0x0000000016d54800 nmethod 22 0x00000000030d2e50 code [0x00000000030d2fc0, 0x00000000030d31e8]
Event: 0.211 Thread 0x0000000016d54800   23  s    3       java.io.BufferedInputStream::read (49 bytes)
Event: 0.211 Thread 0x0000000016d54800 nmethod 23 0x00000000030d32d0 code [0x00000000030d3460, 0x00000000030d3998]
Event: 0.211 Thread 0x0000000016d54800   24       3       java.io.DataInputStream::readUTF (501 bytes)

GC Heap History (0 events):
No events

Deoptimization events (0 events):
No events

Internal exceptions (2 events):
Event: 0.067 Thread 0x00000000029ce000 Exception <a 'java/lang/NoSuchMethodError': Method sun.misc.Unsafe.defineClass(Ljava/lang/String;[BII)Ljava/lang/Class; name or signature does not match> (0x00000000eab12f28) thrown at [C:\re\workspace\8-2-build-windows-amd64-cygwin\jdk8u45\3627\hotspot\srç"≠€æH±?
Event: 0.068 Thread 0x00000000029ce000 Exception <a 'java/lang/NoSuchMethodError': Method sun.misc.Unsafe.prefetchRead(Ljava/lang/Object;J)V name or signature does not match> (0x00000000eab131b8) thrown at [C:\re\workspace\8-2-build-windows-amd64-cygwin\jdk8u45\3627\hotspot\src\share\vm\prims\j

Events (10 events):
Event: 0.198 loading class sun/util/calendar/ZoneInfo
Event: 0.198 loading class sun/util/calendar/ZoneInfo done
Event: 0.198 loading class sun/util/calendar/ZoneInfoFile
Event: 0.199 loading class sun/util/calendar/ZoneInfoFile done
Event: 0.199 loading class sun/util/calendar/ZoneInfoFile$1
Event: 0.199 loading class sun/util/calendar/ZoneInfoFile$1 done
Event: 0.199 loading class java/io/DataInputStream
Event: 0.199 loading class java/io/DataInput
Event: 0.199 loading class java/io/DataInput done
Event: 0.199 loading class java/io/DataInputStream done


Dynamic libraries:
0x00007ff6b1340000 - 0x00007ff6b1377000 	C:\Program Files\Java\jdk1.8.0_45\bin\java.exe
0x00007ff90dea0000 - 0x00007ff90e071000 	C:\WINDOWS\SYSTEM32\ntdll.dll
0x00007ff90d3b0000 - 0x00007ff90d45b000 	C:\WINDOWS\System32\KERNEL32.DLL
0x00007ff90a560000 - 0x00007ff90a77d000 	C:\WINDOWS\System32\KERNELBASE.dll
0x00007ff90ba40000 - 0x00007ff90bae2000 	C:\WINDOWS\System32\ADVAPI32.dll
0x00007ff90bd70000 - 0x00007ff90be0e000 	C:\WINDOWS\System32\msvcrt.dll
0x00007ff90b780000 - 0x00007ff90b7d9000 	C:\WINDOWS\System32\sechost.dll
0x00007ff90b540000 - 0x00007ff90b661000 	C:\WINDOWS\System32\RPCRT4.dll
0x00007ff90bbf0000 - 0x00007ff90bd55000 	C:\WINDOWS\System32\USER32.dll
0x00007ff90a990000 - 0x00007ff90a9ae000 	C:\WINDOWS\System32\win32u.dll
0x00007ff90b800000 - 0x00007ff90b834000 	C:\WINDOWS\System32\GDI32.dll
0x00007ff90a780000 - 0x00007ff90a902000 	C:\WINDOWS\System32\gdi32full.dll
0x00007ff906280000 - 0x00007ff9064fa000 	C:\WINDOWS\WinSxS\amd64_microsoft.windows.common-controls_6595b64144ccf1df_6.0.14393.351_none_4213128bc687e6d3\COMCTL32.dll
0x00007ff90b270000 - 0x00007ff90b537000 	C:\WINDOWS\System32\combase.dll
0x00007ff90b140000 - 0x00007ff90b235000 	C:\WINDOWS\System32\ucrtbase.dll
0x00007ff90a910000 - 0x00007ff90a97a000 	C:\WINDOWS\System32\bcryptPrimitives.dll
0x00007ff90dda0000 - 0x00007ff90ddce000 	C:\WINDOWS\System32\IMM32.DLL
0x000000006a300000 - 0x000000006a3d2000 	C:\Program Files\Java\jdk1.8.0_45\jre\bin\msvcr100.dll
0x000000006a7c0000 - 0x000000006b043000 	C:\Program Files\Java\jdk1.8.0_45\jre\bin\server\jvm.dll
0x00007ff90b240000 - 0x00007ff90b263000 	C:\WINDOWS\System32\WINMM.dll
0x00007ff90a100000 - 0x00007ff90a12b000 	C:\WINDOWS\System32\WINMMBASE.dll
0x00007ff90a4c0000 - 0x00007ff90a502000 	C:\WINDOWS\System32\cfgmgr32.dll
0x00007ff90de90000 - 0x00007ff90de98000 	C:\WINDOWS\System32\PSAPI.DLL
0x00007ff8ffaa0000 - 0x00007ff8ffaa9000 	C:\WINDOWS\SYSTEM32\WSOCK32.dll
0x00007ff90d760000 - 0x00007ff90d7ca000 	C:\WINDOWS\System32\WS2_32.dll
0x00007ff906e90000 - 0x00007ff906e9a000 	C:\WINDOWS\SYSTEM32\VERSION.dll
0x000000006a7b0000 - 0x000000006a7bf000 	C:\Program Files\Java\jdk1.8.0_45\jre\bin\verify.dll
0x000000006a780000 - 0x000000006a7a9000 	C:\Program Files\Java\jdk1.8.0_45\jre\bin\java.dll
0x000000006a760000 - 0x000000006a776000 	C:\Program Files\Java\jdk1.8.0_45\jre\bin\zip.dll
0x00007ff90bea0000 - 0x00007ff90d3a9000 	C:\WINDOWS\System32\SHELL32.dll
0x00007ff90a9b0000 - 0x00007ff90b08a000 	C:\WINDOWS\System32\windows.storage.dll
0x00007ff90a510000 - 0x00007ff90a55c000 	C:\WINDOWS\System32\powrprof.dll
0x00007ff90be40000 - 0x00007ff90be92000 	C:\WINDOWS\System32\shlwapi.dll
0x00007ff90a0d0000 - 0x00007ff90a0df000 	C:\WINDOWS\System32\kernel.appcore.dll
0x00007ff90a1a0000 - 0x00007ff90a249000 	C:\WINDOWS\System32\shcore.dll
0x00007ff90a0e0000 - 0x00007ff90a0f4000 	C:\WINDOWS\System32\profapi.dll

VM Arguments:
jvm_args: -Djava.awt.headless=true -Xmx1024M -Dfile.encoding=GBK -Duser.country=CN -Duser.language=zh -Duser.variant 
java_command: com.android.dx.command.Main --dex --num-threads=4 --output D:\AndroidStudioProject\YuYuBuyer\app\build\intermediates\pre-dexed\debug\butterknife-6.0.0_de9c03386b899a6daf47f64ecb02e96f72a4c4d9.jar D:\AndroidStudioProject\YuYuBuyer\app\libs\butterknife-6.0.0.jar
java_class_path (initial): D:\ruanjian\AndroidSdk\build-tools\24.0.0\lib\dx.jar
Launcher Type: SUN_STANDARD

Environment Variables:
JAVA_HOME=C:\Program Files\Java\jdk1.8.0_45
CLASSPATH=C:\Program Files\Java\jdk1.8.0_45\jre\lib;D:\ruanjian\Tomcat7.0\apache-tomcat-7.0.69-windows-x64\apache-tomcat-7.0.69\lib\jsp-api.jar;D:\ruanjian\Tomcat7.0\apache-tomcat-7.0.69-windows-x64\apache-tomcat-7.0.69\lib\servlet-api.jar;
PATH=C:\Program Files\Java\jdk1.8.0_45\bin;E:\adt-bundle-windows-x86_64-20130729\sdk\platform-tools;E:\adt-bundle-windows-x86_64-20130729\sdk\tools;C:\Program Files\Broadcom\Broadcom 802.11 Network Adapter;C:\ProgramData\Oracle\Java\javapath;C:\Windows\system32;C:\Windows;C:\Windows\System32\Wbem;C:\Windows\System32\WindowsPowerShell\v1.0\;C:\Program Files (x86)\NVIDIA Corporation\PhysX\Common;D:\ruanjian\Tomcat7.0\apache-tomcat-7.0.69-windows-x64\apache-tomcat-7.0.69\bin;D:\ruanjian\TortoiseGIT\bin;D:\ruanjian\NDK64\android-ndk-r9d-windows-x86\android-ndk-r9d;C:\WINDOWS\system32;C:\WINDOWS;C:\WINDOWS\System32\Wbem;C:\WINDOWS\System32\WindowsPowerShell\v1.0\;D:\ruanjian\AndroidStudio\gradle\gradle-2.10\bin;D:\ruanjian\Git\Git\bin;C:\Program Files\TortoiseSVN\bin;C:\Users\Administrator\AppData\Local\Microsoft\WindowsApps;
USERNAME=Administrator
OS=Windows_NT
PROCESSOR_IDENTIFIER=Intel64 Family 6 Model 60 Stepping 3, GenuineIntel



---------------  S Y S T E M  ---------------

OS: Windows 10.0 , 64 bit Build 14393 (10.0.14393.0)

CPU:total 4 (2 cores per cpu, 2 threads per core) family 6 model 60 stepping 3, cmov, cx8, fxsr, mmx, sse, sse2, sse3, ssse3, sse4.1, sse4.2, popcnt, avx, avx2, aes, clmul, erms, lzcnt, ht, tsc, tscinvbit, bmi1, bmi2

Memory: 4k page, physical 8268816k(1506604k free), swap 8268816k(4116k free)

vm_info: Java HotSpot(TM) 64-Bit Server VM (25.45-b02) for windows-amd64 JRE (1.8.0_45-b15), built on Apr 30 2015 12:40:44 by "java_re" with MS VC++ 10.0 (VS2010)

time: Mon Nov 07 18:07:28 2016
elapsed time: 0 seconds (0d 0h 0m 0s)

