#
# There is insufficient memory for the Java Runtime Environment to continue.
# Native memory allocation (malloc) failed to allocate 2384832 bytes for Chunk::new
# Possible reasons:
#   The system is out of physical RAM or swap space
#   In 32 bit mode, the process size limit was hit
# Possible solutions:
#   Reduce memory load on the system
#   Increase physical memory or swap space
#   Check if swap backing store is full
#   Use 64 bit Java on a 64 bit OS
#   Decrease Java heap size (-Xmx/-Xms)
#   Decrease number of Java threads
#   Decrease Java thread stack sizes (-Xss)
#   Set larger code cache with -XX:ReservedCodeCacheSize=
# This output file may be truncated or incomplete.
#
#  Out of Memory Error (allocation.cpp:390), pid=3132, tid=9280
#
# JRE version: Java(TM) SE Runtime Environment (8.0_45-b15) (build 1.8.0_45-b15)
# Java VM: Java HotSpot(TM) 64-Bit Server VM (25.45-b02 mixed mode windows-amd64 compressed oops)
# Failed to write core dump. Minidumps are not enabled by default on client versions of Windows
#

---------------  T H R E A D  ---------------

Current thread (0x00000000169e0800):  JavaThread "C2 CompilerThread1" daemon [_thread_in_native, id=9280, stack(0x0000000016de0000,0x0000000016ee0000)]

Stack: [0x0000000016de0000,0x0000000016ee0000]
Native frames: (J=compiled Java code, j=interpreted, Vv=VM code, C=native code)
V  [jvm.dll+0x32b57a]
V  [jvm.dll+0x279873]
V  [jvm.dll+0x27a509]
V  [jvm.dll+0x271825]
V  [jvm.dll+0xcb9e2]
V  [jvm.dll+0xcbeac]
V  [jvm.dll+0x4929e7]
V  [jvm.dll+0x45f8ca]
V  [jvm.dll+0x46a73b]
V  [jvm.dll+0x46cd52]
V  [jvm.dll+0x4500f2]
V  [jvm.dll+0xa4352]
V  [jvm.dll+0xa4c8f]
V  [jvm.dll+0x241984]
V  [jvm.dll+0x29853a]
C  [msvcr100.dll+0x21d9f]
C  [msvcr100.dll+0x21e3b]
C  [KERNEL32.DLL+0x8364]
C  [ntdll.dll+0x65e91]


Current CompileTask:
C2:  10101 1690   !   4       com.android.dx.cf.code.Ropper::processBlock (1101 bytes)


---------------  P R O C E S S  ---------------

Java Threads: ( => current thread )
  0x0000000016c53800 JavaThread "pool-1-thread-4" [_thread_blocked, id=14460, stack(0x00000000175e0000,0x00000000176e0000)]
  0x0000000016c53000 JavaThread "pool-1-thread-3" [_thread_blocked, id=13472, stack(0x00000000174e0000,0x00000000175e0000)]
  0x0000000016c50000 JavaThread "pool-1-thread-2" [_thread_blocked, id=11696, stack(0x00000000173e0000,0x00000000174e0000)]
  0x0000000016c4d000 JavaThread "pool-2-thread-1" [_thread_blocked, id=12312, stack(0x00000000172e0000,0x00000000173e0000)]
  0x0000000016c6f800 JavaThread "pool-1-thread-1" [_thread_in_vm, id=9440, stack(0x00000000171e0000,0x00000000172e0000)]
  0x0000000016a41800 JavaThread "Service Thread" daemon [_thread_blocked, id=10864, stack(0x0000000016fe0000,0x00000000170e0000)]
  0x0000000016a39000 JavaThread "C1 CompilerThread2" daemon [_thread_blocked, id=10760, stack(0x0000000016ee0000,0x0000000016fe0000)]
=>0x00000000169e0800 JavaThread "C2 CompilerThread1" daemon [_thread_in_native, id=9280, stack(0x0000000016de0000,0x0000000016ee0000)]
  0x00000000153eb000 JavaThread "C2 CompilerThread0" daemon [_thread_in_native, id=3292, stack(0x00000000168e0000,0x00000000169e0000)]
  0x00000000153a0000 JavaThread "Attach Listener" daemon [_thread_blocked, id=10400, stack(0x00000000167e0000,0x00000000168e0000)]
  0x000000001539f000 JavaThread "Signal Dispatcher" daemon [_thread_blocked, id=5952, stack(0x00000000166e0000,0x00000000167e0000)]
  0x0000000002c40800 JavaThread "Finalizer" daemon [_thread_blocked, id=7100, stack(0x00000000165e0000,0x00000000166e0000)]
  0x0000000002c3d800 JavaThread "Reference Handler" daemon [_thread_blocked, id=8256, stack(0x00000000164e0000,0x00000000165e0000)]
  0x0000000002cbe000 JavaThread "main" [_thread_in_vm, id=9300, stack(0x00000000026e0000,0x00000000027e0000)]

Other Threads:
  0x0000000015358000 VMThread [stack: 0x00000000163e0000,0x00000000164e0000] [id=4964]
  0x0000000016a43000 WatcherThread [stack: 0x00000000170e0000,0x00000000171e0000] [id=9920]

VM state:not at safepoint (normal execution)

VM Mutex/Monitor currently owned by a thread: None

Heap:
 PSYoungGen      total 71680K, used 21493K [0x00000000eab00000, 0x00000000f3700000, 0x0000000100000000)
  eden space 66560K, 24% used [0x00000000eab00000,0x00000000ebb035f8,0x00000000eec00000)
  from space 5120K, 99% used [0x00000000eec00000,0x00000000ef0fa048,0x00000000ef100000)
  to   space 5120K, 0% used [0x00000000f3200000,0x00000000f3200000,0x00000000f3700000)
 ParOldGen       total 87552K, used 16584K [0x00000000c0000000, 0x00000000c5580000, 0x00000000eab00000)
  object space 87552K, 18% used [0x00000000c0000000,0x00000000c1032350,0x00000000c5580000)
 Metaspace       used 6160K, capacity 7088K, committed 7296K, reserved 1056768K
  class space    used 591K, capacity 616K, committed 640K, reserved 1048576K

Card table byte_map: [0x0000000012080000,0x0000000012290000] byte_map_base: 0x0000000011a80000

Marking Bits: (ParMarkBitMap*) 0x0000000055e04040
 Begin Bits: [0x00000000127f0000, 0x00000000137f0000)
 End Bits:   [0x00000000137f0000, 0x00000000147f0000)

Polling page: 0x00000000027e0000

CodeCache: size=245760Kb used=7023Kb max_used=7040Kb free=238736Kb
 bounds [0x0000000002cc0000, 0x00000000033b0000, 0x0000000011cc0000]
 total_blobs=1972 nmethods=1701 adapters=183
 compilation: enabled

Compilation events (10 events):
Event: 9.931 Thread 0x0000000016a39000 nmethod 1728 0x000000000338ad90 code [0x000000000338af80, 0x000000000338bbe8]
Event: 9.931 Thread 0x00000000153eb000 1729       4       java.util.TreeMap::getEntry (84 bytes)
Event: 9.940 Thread 0x00000000153eb000 nmethod 1729 0x0000000003388190 code [0x0000000003388300, 0x00000000033888f8]
Event: 9.941 Thread 0x0000000016a39000 1730       3       com.android.dx.rop.code.BasicBlockList$RegCountVisitor::visitPlainCstInsn (6 bytes)
Event: 9.941 Thread 0x0000000016a39000 nmethod 1730 0x0000000003387e10 code [0x0000000003387f80, 0x0000000003388108]
Event: 9.942 Thread 0x00000000153eb000 1731 %     4       com.android.dx.ssa.DeadCodeRemover::pruneDeadInstructions @ 26 (246 bytes)
Event: 9.951 Thread 0x00000000153eb000 nmethod 1731% 0x000000000339e290 code [0x000000000339e420, 0x000000000339e928]
Event: 9.952 Thread 0x00000000153eb000 1732       4       com.android.dx.ssa.DeadCodeRemover::pruneDeadInstructions (246 bytes)
Event: 9.963 Thread 0x00000000153eb000 nmethod 1732 0x000000000339ed90 code [0x000000000339ef20, 0x000000000339f538]
Event: 9.963 Thread 0x00000000153eb000 1733       4       com.android.dx.ssa.SsaBasicBlock::insertNewSuccessor (228 bytes)

GC Heap History (6 events):
Event: 4.349 GC heap before
{Heap before GC invocations=1 (full 0):
 PSYoungGen      total 38400K, used 33280K [0x00000000eab00000, 0x00000000ed580000, 0x0000000100000000)
  eden space 33280K, 100% used [0x00000000eab00000,0x00000000ecb80000,0x00000000ecb80000)
  from space 5120K, 0% used [0x00000000ed080000,0x00000000ed080000,0x00000000ed580000)
  to   space 5120K, 0% used [0x00000000ecb80000,0x00000000ecb80000,0x00000000ed080000)
 ParOldGen       total 87552K, used 0K [0x00000000c0000000, 0x00000000c5580000, 0x00000000eab00000)
  object space 87552K, 0% used [0x00000000c0000000,0x00000000c0000000,0x00000000c5580000)
 Metaspace       used 5813K, capacity 6768K, committed 7040K, reserved 1056768K
  class space    used 587K, capacity 616K, committed 640K, reserved 1048576K
Event: 5.242 GC heap after
Heap after GC invocations=1 (full 0):
 PSYoungGen      total 38400K, used 5109K [0x00000000eab00000, 0x00000000ef600000, 0x0000000100000000)
  eden space 33280K, 0% used [0x00000000eab00000,0x00000000eab00000,0x00000000ecb80000)
  from space 5120K, 99% used [0x00000000ecb80000,0x00000000ed07d760,0x00000000ed080000)
  to   space 5120K, 0% used [0x00000000ef100000,0x00000000ef100000,0x00000000ef600000)
 ParOldGen       total 87552K, used 1620K [0x00000000c0000000, 0x00000000c5580000, 0x00000000eab00000)
  object space 87552K, 1% used [0x00000000c0000000,0x00000000c0195258,0x00000000c5580000)
 Metaspace       used 5813K, capacity 6768K, committed 7040K, reserved 1056768K
  class space    used 587K, capacity 616K, committed 640K, reserved 1048576K
}
Event: 6.251 GC heap before
{Heap before GC invocations=2 (full 0):
 PSYoungGen      total 38400K, used 38389K [0x00000000eab00000, 0x00000000ef600000, 0x0000000100000000)
  eden space 33280K, 100% used [0x00000000eab00000,0x00000000ecb80000,0x00000000ecb80000)
  from space 5120K, 99% used [0x00000000ecb80000,0x00000000ed07d760,0x00000000ed080000)
  to   space 5120K, 0% used [0x00000000ef100000,0x00000000ef100000,0x00000000ef600000)
 ParOldGen       total 87552K, used 1620K [0x00000000c0000000, 0x00000000c5580000, 0x00000000eab00000)
  object space 87552K, 1% used [0x00000000c0000000,0x00000000c0195258,0x00000000c5580000)
 Metaspace       used 6068K, capacity 6960K, committed 7040K, reserved 1056768K
  class space    used 590K, capacity 616K, committed 640K, reserved 1048576K
Event: 6.675 GC heap after
Heap after GC invocations=2 (full 0):
 PSYoungGen      total 71680K, used 5106K [0x00000000eab00000, 0x00000000ef600000, 0x0000000100000000)
  eden space 66560K, 0% used [0x00000000eab00000,0x00000000eab00000,0x00000000eec00000)
  from space 5120K, 99% used [0x00000000ef100000,0x00000000ef5fcad8,0x00000000ef600000)
  to   space 5120K, 0% used [0x00000000eec00000,0x00000000eec00000,0x00000000ef100000)
 ParOldGen       total 87552K, used 6664K [0x00000000c0000000, 0x00000000c5580000, 0x00000000eab00000)
  object space 87552K, 7% used [0x00000000c0000000,0x00000000c0682300,0x00000000c5580000)
 Metaspace       used 6068K, capacity 6960K, committed 7040K, reserved 1056768K
  class space    used 590K, capacity 616K, committed 640K, reserved 1048576K
}
Event: 9.389 GC heap before
{Heap before GC invocations=3 (full 0):
 PSYoungGen      total 71680K, used 71666K [0x00000000eab00000, 0x00000000ef600000, 0x0000000100000000)
  eden space 66560K, 100% used [0x00000000eab00000,0x00000000eec00000,0x00000000eec00000)
  from space 5120K, 99% used [0x00000000ef100000,0x00000000ef5fcad8,0x00000000ef600000)
  to   space 5120K, 0% used [0x00000000eec00000,0x00000000eec00000,0x00000000ef100000)
 ParOldGen       total 87552K, used 6664K [0x00000000c0000000, 0x00000000c5580000, 0x00000000eab00000)
  object space 87552K, 7% used [0x00000000c0000000,0x00000000c0682300,0x00000000c5580000)
 Metaspace       used 6157K, capacity 7024K, committed 7296K, reserved 1056768K
  class space    used 591K, capacity 616K, committed 640K, reserved 1048576K
Event: 9.408 GC heap after
Heap after GC invocations=3 (full 0):
 PSYoungGen      total 71680K, used 5096K [0x00000000eab00000, 0x00000000f3700000, 0x0000000100000000)
  eden space 66560K, 0% used [0x00000000eab00000,0x00000000eab00000,0x00000000eec00000)
  from space 5120K, 99% used [0x00000000eec00000,0x00000000ef0fa048,0x00000000ef100000)
  to   space 5120K, 0% used [0x00000000f3200000,0x00000000f3200000,0x00000000f3700000)
 ParOldGen       total 87552K, used 16584K [0x00000000c0000000, 0x00000000c5580000, 0x00000000eab00000)
  object space 87552K, 18% used [0x00000000c0000000,0x00000000c1032350,0x00000000c5580000)
 Metaspace       used 6157K, capacity 7024K, committed 7296K, reserved 1056768K
  class space    used 591K, capacity 616K, committed 640K, reserved 1048576K
}

Deoptimization events (10 events):
Event: 6.055 Thread 0x0000000016c6f800 Uncommon trap: reason=bimorphic action=maybe_recompile pc=0x0000000002f82438 method=java.util.HashMap.getNode(ILjava/lang/Object;)Ljava/util/HashMap$Node; @ 126
Event: 6.055 Thread 0x0000000016c6f800 Uncommon trap: reason=class_check action=maybe_recompile pc=0x00000000030adb6c method=java.util.HashMap.putVal(ILjava/lang/Object;Ljava/lang/Object;ZZ)Ljava/lang/Object; @ 203
Event: 6.055 Thread 0x0000000016c6f800 Uncommon trap: reason=bimorphic action=maybe_recompile pc=0x0000000002f00ef0 method=java.util.HashMap.getNode(ILjava/lang/Object;)Ljava/util/HashMap$Node; @ 126
Event: 6.680 Thread 0x0000000016c53000 Uncommon trap: reason=bimorphic action=maybe_recompile pc=0x000000000312b630 method=com.android.dx.ssa.SCCP.simulatePhi(Lcom/android/dx/ssa/PhiInsn;)V @ 124
Event: 6.680 Thread 0x0000000016c53000 Uncommon trap: reason=bimorphic action=maybe_recompile pc=0x000000000312b630 method=com.android.dx.ssa.SCCP.simulatePhi(Lcom/android/dx/ssa/PhiInsn;)V @ 124
Event: 6.680 Thread 0x0000000016c53000 Uncommon trap: reason=bimorphic action=maybe_recompile pc=0x000000000312b630 method=com.android.dx.ssa.SCCP.simulatePhi(Lcom/android/dx/ssa/PhiInsn;)V @ 124
Event: 7.728 Thread 0x0000000016c6f800 Uncommon trap: reason=bimorphic action=maybe_recompile pc=0x0000000003075e08 method=com.android.dx.ssa.LiteralOpUpgrader.tryReplacingWithConstant(Lcom/android/dx/ssa/NormalSsaInsn;)Z @ 62
Event: 7.730 Thread 0x0000000016c6f800 Uncommon trap: reason=bimorphic action=maybe_recompile pc=0x0000000003075e08 method=com.android.dx.ssa.LiteralOpUpgrader.tryReplacingWithConstant(Lcom/android/dx/ssa/NormalSsaInsn;)Z @ 62
Event: 7.733 Thread 0x0000000016c6f800 Uncommon trap: reason=bimorphic action=maybe_recompile pc=0x00000000032b93cc method=com.android.dx.cf.code.BytecodeArray.parseInstruction(ILcom/android/dx/cf/code/BytecodeArray$Visitor;)I @ 2135
Event: 7.733 Thread 0x0000000016c6f800 Uncommon trap: reason=bimorphic action=maybe_recompile pc=0x00000000032b93cc method=com.android.dx.cf.code.BytecodeArray.parseInstruction(ILcom/android/dx/cf/code/BytecodeArray$Visitor;)I @ 2135

Internal exceptions (2 events):
Event: 0.089 Thread 0x0000000002cbe000 Exception <a 'java/lang/NoSuchMethodError': Method sun.misc.Unsafe.defineClass(Ljava/lang/String;[BII)Ljava/lang/Class; name or signature does not match> (0x00000000eab12f28) thrown at [C:\re\workspace\8-2-build-windows-amd64-cygwin\jdk8u45\3627\hotspot\srwED‘Ô¶?
Event: 0.089 Thread 0x0000000002cbe000 Exception <a 'java/lang/NoSuchMethodError': Method sun.misc.Unsafe.prefetchRead(Ljava/lang/Object;J)V name or signature does not match> (0x00000000eab131b8) thrown at [C:\re\workspace\8-2-build-windows-amd64-cygwin\jdk8u45\3627\hotspot\src\share\vm\prims\j

Events (10 events):
Event: 9.177 Thread 0x0000000016c6f800 DEOPT PACKING pc=0x000000000306fa0b sp=0x00000000172dedf0
Event: 9.177 Thread 0x0000000016c6f800 DEOPT UNPACKING pc=0x0000000002d0787f sp=0x00000000172deb10 mode 0
Event: 9.196 Thread 0x0000000016c53800 DEOPT PACKING pc=0x000000000315ab09 sp=0x00000000176de6e0
Event: 9.196 Thread 0x0000000016c53800 DEOPT UNPACKING pc=0x0000000002d0787f sp=0x00000000176de510 mode 0
Event: 9.213 Executing VM operation: ParallelGCFailedAllocation
Event: 9.409 Executing VM operation: ParallelGCFailedAllocation done
Event: 9.454 Thread 0x0000000002cbe000 DEOPT PACKING pc=0x000000000315ab09 sp=0x00000000027de3d0
Event: 9.454 Thread 0x0000000002cbe000 DEOPT UNPACKING pc=0x0000000002d0787f sp=0x00000000027de200 mode 0
Event: 9.952 Thread 0x0000000016c50000 DEOPT PACKING pc=0x000000000306690f sp=0x00000000174de890
Event: 9.952 Thread 0x0000000016c50000 DEOPT UNPACKING pc=0x0000000002d0787f sp=0x00000000174de640 mode 0


Dynamic libraries:
0x00007ff75d6f0000 - 0x00007ff75d727000 	C:\Program Files\Java\jdk1.8.0_45\bin\java.exe
0x00007ffc328c0000 - 0x00007ffc32a91000 	C:\WINDOWS\SYSTEM32\ntdll.dll
0x00007ffc32430000 - 0x00007ffc324db000 	C:\WINDOWS\System32\KERNEL32.DLL
0x00007ffc2f520000 - 0x00007ffc2f73d000 	C:\WINDOWS\System32\KERNELBASE.dll
0x00007ffc2ffa0000 - 0x00007ffc30042000 	C:\WINDOWS\System32\ADVAPI32.dll
0x00007ffc324e0000 - 0x00007ffc3257e000 	C:\WINDOWS\System32\msvcrt.dll
0x00007ffc30520000 - 0x00007ffc30579000 	C:\WINDOWS\System32\sechost.dll
0x00007ffc30850000 - 0x00007ffc30971000 	C:\WINDOWS\System32\RPCRT4.dll
0x00007ffc306e0000 - 0x00007ffc30845000 	C:\WINDOWS\System32\USER32.dll
0x00007ffc2f8d0000 - 0x00007ffc2f8ee000 	C:\WINDOWS\System32\win32u.dll
0x00007ffc31e90000 - 0x00007ffc31ec4000 	C:\WINDOWS\System32\GDI32.dll
0x00007ffc2f740000 - 0x00007ffc2f8c2000 	C:\WINDOWS\System32\gdi32full.dll
0x00007ffc2a8f0000 - 0x00007ffc2ab6a000 	C:\WINDOWS\WinSxS\amd64_microsoft.windows.common-controls_6595b64144ccf1df_6.0.14393.351_none_4213128bc687e6d3\COMCTL32.dll
0x00007ffc32140000 - 0x00007ffc32407000 	C:\WINDOWS\System32\combase.dll
0x00007ffc2f8f0000 - 0x00007ffc2f9e5000 	C:\WINDOWS\System32\ucrtbase.dll
0x00007ffc2ecb0000 - 0x00007ffc2ed1a000 	C:\WINDOWS\System32\bcryptPrimitives.dll
0x00007ffc2fc90000 - 0x00007ffc2fcbe000 	C:\WINDOWS\System32\IMM32.DLL
0x0000000055030000 - 0x0000000055102000 	C:\Program Files\Java\jdk1.8.0_45\jre\bin\msvcr100.dll
0x0000000055600000 - 0x0000000055e83000 	C:\Program Files\Java\jdk1.8.0_45\jre\bin\server\jvm.dll
0x00007ffc2f9f0000 - 0x00007ffc2fa13000 	C:\WINDOWS\System32\WINMM.dll
0x00007ffc2eaf0000 - 0x00007ffc2eb1b000 	C:\WINDOWS\System32\WINMMBASE.dll
0x00007ffc2eb60000 - 0x00007ffc2eba2000 	C:\WINDOWS\System32\cfgmgr32.dll
0x00007ffc326f0000 - 0x00007ffc326f8000 	C:\WINDOWS\System32\PSAPI.DLL
0x00007ffc25420000 - 0x00007ffc25429000 	C:\WINDOWS\SYSTEM32\WSOCK32.dll
0x00007ffc32580000 - 0x00007ffc325ea000 	C:\WINDOWS\System32\WS2_32.dll
0x00007ffc2b740000 - 0x00007ffc2b74a000 	C:\WINDOWS\SYSTEM32\VERSION.dll
0x00000000555f0000 - 0x00000000555ff000 	C:\Program Files\Java\jdk1.8.0_45\jre\bin\verify.dll
0x00000000555c0000 - 0x00000000555e9000 	C:\Program Files\Java\jdk1.8.0_45\jre\bin\java.dll
0x00000000555a0000 - 0x00000000555b6000 	C:\Program Files\Java\jdk1.8.0_45\jre\bin\zip.dll
0x00007ffc30980000 - 0x00007ffc31e89000 	C:\WINDOWS\System32\SHELL32.dll
0x00007ffc2ee40000 - 0x00007ffc2f51a000 	C:\WINDOWS\System32\windows.storage.dll
0x00007ffc2ec60000 - 0x00007ffc2ecac000 	C:\WINDOWS\System32\powrprof.dll
0x00007ffc32070000 - 0x00007ffc320c2000 	C:\WINDOWS\System32\shlwapi.dll
0x00007ffc2eb20000 - 0x00007ffc2eb2f000 	C:\WINDOWS\System32\kernel.appcore.dll
0x00007ffc2ebb0000 - 0x00007ffc2ec59000 	C:\WINDOWS\System32\shcore.dll
0x00007ffc2eb30000 - 0x00007ffc2eb44000 	C:\WINDOWS\System32\profapi.dll
0x00007ffc20a40000 - 0x00007ffc20bd2000 	C:\WINDOWS\SYSTEM32\dbghelp.dll

VM Arguments:
jvm_args: -Djava.awt.headless=true -Xmx1024M -Dfile.encoding=GBK -Duser.country=CN -Duser.language=zh -Duser.variant 
java_command: com.android.dx.command.Main --dex --num-threads=4 --output D:\AndroidStudioProject\YuYuBuyer\app\build\intermediates\pre-dexed\debug\BaiduLBS_Android_47caaf201d3038a1c7504e3634a7633eee7f67ba.jar D:\AndroidStudioProject\YuYuBuyer\app\libs\BaiduLBS_Android.jar
java_class_path (initial): D:\ruanjian\AndroidSdk\build-tools\24.0.0\lib\dx.jar
Launcher Type: SUN_STANDARD

Environment Variables:
JAVA_HOME=C:\Program Files\Java\jdk1.8.0_45
CLASSPATH=C:\Program Files\Java\jdk1.8.0_45\jre\lib;D:\ruanjian\Tomcat7.0\apache-tomcat-7.0.69-windows-x64\apache-tomcat-7.0.69\lib\jsp-api.jar;D:\ruanjian\Tomcat7.0\apache-tomcat-7.0.69-windows-x64\apache-tomcat-7.0.69\lib\servlet-api.jar;
PATH=C:\Program Files\Java\jdk1.8.0_45\bin;E:\adt-bundle-windows-x86_64-20130729\sdk\platform-tools;E:\adt-bundle-windows-x86_64-20130729\sdk\tools;C:\Program Files\Broadcom\Broadcom 802.11 Network Adapter;C:\ProgramData\Oracle\Java\javapath;C:\Windows\system32;C:\Windows;C:\Windows\System32\Wbem;C:\Windows\System32\WindowsPowerShell\v1.0\;C:\Program Files (x86)\NVIDIA Corporation\PhysX\Common;D:\ruanjian\Tomcat7.0\apache-tomcat-7.0.69-windows-x64\apache-tomcat-7.0.69\bin;D:\ruanjian\TortoiseGIT\bin;D:\ruanjian\NDK64\android-ndk-r9d-windows-x86\android-ndk-r9d;C:\WINDOWS\system32;C:\WINDOWS;C:\WINDOWS\System32\Wbem;C:\WINDOWS\System32\WindowsPowerShell\v1.0\;D:\ruanjian\AndroidStudio\gradle\gradle-2.10\bin;D:\ruanjian\Git\Git\bin;C:\Program Files\TortoiseSVN\bin;C:\Users\Administrator\AppData\Local\Microsoft\WindowsApps;
USERNAME=Administrator
OS=Windows_NT
PROCESSOR_IDENTIFIER=Intel64 Family 6 Model 60 Stepping 3, GenuineIntel



---------------  S Y S T E M  ---------------

OS: Windows 10.0 , 64 bit Build 14393 (10.0.14393.0)

CPU:total 4 (2 cores per cpu, 2 threads per core) family 6 model 60 stepping 3, cmov, cx8, fxsr, mmx, sse, sse2, sse3, ssse3, sse4.1, sse4.2, popcnt, avx, avx2, aes, clmul, erms, lzcnt, ht, tsc, tscinvbit, bmi1, bmi2

Memory: 4k page, physical 8268816k(1600012k free), swap 8268816k(5140k free)

vm_info: Java HotSpot(TM) 64-Bit Server VM (25.45-b02) for windows-amd64 JRE (1.8.0_45-b15), built on Apr 30 2015 12:40:44 by "java_re" with MS VC++ 10.0 (VS2010)

time: Wed Nov 02 14:58:57 2016
elapsed time: 10 seconds (0d 0h 0m 10s)

