#
# There is insufficient memory for the Java Runtime Environment to continue.
# Native memory allocation (malloc) failed to allocate 32744 bytes for ChunkPool::allocate
# Possible reasons:
#   The system is out of physical RAM or swap space
#   In 32 bit mode, the process size limit was hit
# Possible solutions:
#   Reduce memory load on the system
#   Increase physical memory or swap space
#   Check if swap backing store is full
#   Use 64 bit Java on a 64 bit OS
#   Decrease Java heap size (-Xmx/-Xms)
#   Decrease number of Java threads
#   Decrease Java thread stack sizes (-Xss)
#   Set larger code cache with -XX:ReservedCodeCacheSize=
# This output file may be truncated or incomplete.
#
#  Out of Memory Error (allocation.cpp:273), pid=12580, tid=5480
#
# JRE version: Java(TM) SE Runtime Environment (8.0_45-b15) (build 1.8.0_45-b15)
# Java VM: Java HotSpot(TM) 64-Bit Server VM (25.45-b02 mixed mode windows-amd64 compressed oops)
# Failed to write core dump. Minidumps are not enabled by default on client versions of Windows
#

---------------  T H R E A D  ---------------

Current thread (0x00000000150eb000):  JavaThread "C2 CompilerThread0" daemon [_thread_in_native, id=5480, stack(0x00000000165f0000,0x00000000166f0000)]

Stack: [0x00000000165f0000,0x00000000166f0000]
Native frames: (J=compiled Java code, j=interpreted, Vv=VM code, C=native code)
V  [jvm.dll+0x32b57a]


Current CompileTask:
C2:   1757  480       4       java.util.ArrayList$Itr::next (66 bytes)


---------------  P R O C E S S  ---------------

Java Threads: ( => current thread )
  0x000000001693c000 JavaThread "pool-1-thread-4" [_thread_blocked, id=12804, stack(0x00000000172f0000,0x00000000173f0000)]
  0x000000001692f800 JavaThread "pool-1-thread-3" [_thread_blocked, id=7936, stack(0x00000000171f0000,0x00000000172f0000)]
  0x0000000016863000 JavaThread "pool-1-thread-2" [_thread_in_Java, id=6632, stack(0x00000000170f0000,0x00000000171f0000)]
  0x000000001685c800 JavaThread "pool-2-thread-1" [_thread_blocked, id=728, stack(0x0000000016ff0000,0x00000000170f0000)]
  0x000000001685b800 JavaThread "pool-1-thread-1" [_thread_blocked, id=12752, stack(0x0000000016ef0000,0x0000000016ff0000)]
  0x000000001674c800 JavaThread "Service Thread" daemon [_thread_blocked, id=11852, stack(0x0000000016cf0000,0x0000000016df0000)]
  0x0000000016749000 JavaThread "C1 CompilerThread2" daemon [_thread_in_native, id=9720, stack(0x0000000016bf0000,0x0000000016cf0000)]
  0x0000000016746800 JavaThread "C2 CompilerThread1" daemon [_thread_blocked, id=10756, stack(0x0000000016af0000,0x0000000016bf0000)]
=>0x00000000150eb000 JavaThread "C2 CompilerThread0" daemon [_thread_in_native, id=5480, stack(0x00000000165f0000,0x00000000166f0000)]
  0x00000000150a0000 JavaThread "Attach Listener" daemon [_thread_blocked, id=4044, stack(0x00000000164f0000,0x00000000165f0000)]
  0x000000001509f000 JavaThread "Signal Dispatcher" daemon [_thread_blocked, id=6244, stack(0x00000000163f0000,0x00000000164f0000)]
  0x00000000029b0800 JavaThread "Finalizer" daemon [_thread_blocked, id=8540, stack(0x00000000162f0000,0x00000000163f0000)]
  0x00000000029ad800 JavaThread "Reference Handler" daemon [_thread_blocked, id=9524, stack(0x00000000161f0000,0x00000000162f0000)]
  0x0000000000d2e000 JavaThread "main" [_thread_in_Java, id=7516, stack(0x00000000027c0000,0x00000000028c0000)]

Other Threads:
  0x0000000015058000 VMThread [stack: 0x00000000160f0000,0x00000000161f0000] [id=14816]
  0x000000001674d800 WatcherThread [stack: 0x0000000016df0000,0x0000000016ef0000] [id=6592]

VM state:not at safepoint (normal execution)

VM Mutex/Monitor currently owned by a thread: None

Heap:
 PSYoungGen      total 38400K, used 13335K [0x00000000eab00000, 0x00000000ed580000, 0x0000000100000000)
  eden space 33280K, 40% used [0x00000000eab00000,0x00000000eb805dd0,0x00000000ecb80000)
  from space 5120K, 0% used [0x00000000ed080000,0x00000000ed080000,0x00000000ed580000)
  to   space 5120K, 0% used [0x00000000ecb80000,0x00000000ecb80000,0x00000000ed080000)
 ParOldGen       total 87552K, used 0K [0x00000000c0000000, 0x00000000c5580000, 0x00000000eab00000)
  object space 87552K, 0% used [0x00000000c0000000,0x00000000c0000000,0x00000000c5580000)
 Metaspace       used 5394K, capacity 6448K, committed 6528K, reserved 1058816K
  class space    used 580K, capacity 616K, committed 640K, reserved 1048576K

Card table byte_map: [0x0000000011d80000,0x0000000011f90000] byte_map_base: 0x0000000011780000

Marking Bits: (ParMarkBitMap*) 0x0000000055d74040
 Begin Bits: [0x00000000124f0000, 0x00000000134f0000)
 End Bits:   [0x00000000134f0000, 0x00000000144f0000)

Polling page: 0x00000000007a0000

CodeCache: size=245760Kb used=2143Kb max_used=2154Kb free=243616Kb
 bounds [0x00000000029c0000, 0x0000000002c30000, 0x00000000119c0000]
 total_blobs=725 nmethods=455 adapters=183
 compilation: enabled

Compilation events (10 events):
Event: 1.745 Thread 0x0000000016749000  452       3       com.android.dx.rop.cst.CstInteger::getValue (5 bytes)
Event: 1.746 Thread 0x0000000016749000 nmethod 452 0x0000000002bda4d0 code [0x0000000002bda620, 0x0000000002bda810]
Event: 1.746 Thread 0x0000000016749000  454   !   3       com.android.dx.cf.code.BytecodeArray::parseInstruction (2764 bytes)
Event: 1.746 Thread 0x00000000150eb000  456   !   4       com.android.dx.rop.cst.StdConstantPool::get (24 bytes)
Event: 1.746 Thread 0x00000000150eb000 nmethod 456 0x0000000002bd8d10 code [0x0000000002bd8e40, 0x0000000002bd8ef8]
Event: 1.753 Thread 0x0000000016746800  473       4       java.util.ArrayList$Itr::hasNext (20 bytes)
Event: 1.753 Thread 0x00000000150eb000  476       4       java.lang.Math::min (11 bytes)
Event: 1.753 Thread 0x00000000150eb000 nmethod 476 0x0000000002bc40d0 code [0x0000000002bc4200, 0x0000000002bc4258]
Event: 1.753 Thread 0x0000000016746800 nmethod 473 0x0000000002bc0d50 code [0x0000000002bc0e80, 0x0000000002bc0ef8]
Event: 1.754 Thread 0x00000000150eb000  480       4       java.util.ArrayList$Itr::next (66 bytes)

GC Heap History (0 events):
No events

Deoptimization events (10 events):
Event: 1.371 Thread 0x000000001685b800 Uncommon trap: reason=class_check action=maybe_recompile pc=0x0000000002b6c514 method=com.android.dx.rop.cst.Constant.compareTo(Ljava/lang/Object;)I @ 2
Event: 1.371 Thread 0x000000001685b800 Uncommon trap: reason=class_check action=maybe_recompile pc=0x0000000002b6c514 method=com.android.dx.rop.cst.Constant.compareTo(Ljava/lang/Object;)I @ 2
Event: 1.371 Thread 0x000000001685b800 Uncommon trap: reason=class_check action=maybe_recompile pc=0x0000000002b6c514 method=com.android.dx.rop.cst.Constant.compareTo(Ljava/lang/Object;)I @ 2
Event: 1.371 Thread 0x000000001685b800 Uncommon trap: reason=class_check action=maybe_recompile pc=0x0000000002b6c514 method=com.android.dx.rop.cst.Constant.compareTo(Ljava/lang/Object;)I @ 2
Event: 1.379 Thread 0x0000000000d2e000 Uncommon trap: reason=unstable_if action=reinterpret pc=0x0000000002b0f894 method=java.lang.String.indexOf(II)I @ 49
Event: 1.689 Thread 0x000000001692f800 Uncommon trap: reason=unstable_if action=reinterpret pc=0x0000000002b70174 method=com.android.dx.rop.cst.CstMemberRef.compareTo0(Lcom/android/dx/rop/cst/Constant;)I @ 18
Event: 1.738 Thread 0x0000000000d2e000 Uncommon trap: reason=speculate_class_check action=maybe_recompile pc=0x0000000002bb432c method=com.android.dx.rop.cst.Constant.compareTo(Lcom/android/dx/rop/cst/Constant;)I @ 29
Event: 1.738 Thread 0x000000001693c000 Uncommon trap: reason=speculate_class_check action=maybe_recompile pc=0x0000000002bb432c method=com.android.dx.rop.cst.Constant.compareTo(Lcom/android/dx/rop/cst/Constant;)I @ 29
Event: 1.738 Thread 0x000000001693c000 Uncommon trap: reason=speculate_class_check action=maybe_recompile pc=0x0000000002bb432c method=com.android.dx.rop.cst.Constant.compareTo(Lcom/android/dx/rop/cst/Constant;)I @ 29
Event: 1.738 Thread 0x000000001693c000 Uncommon trap: reason=speculate_class_check action=maybe_recompile pc=0x0000000002bb432c method=com.android.dx.rop.cst.Constant.compareTo(Lcom/android/dx/rop/cst/Constant;)I @ 29

Internal exceptions (2 events):
Event: 0.090 Thread 0x0000000000d2e000 Exception <a 'java/lang/NoSuchMethodError': Method sun.misc.Unsafe.defineClass(Ljava/lang/String;[BII)Ljava/lang/Class; name or signature does not match> (0x00000000eab12f28) thrown at [C:\re\workspace\8-2-build-windows-amd64-cygwin\jdk8u45\3627\hotspot\srêb¾ˆÉ
·?
Event: 0.090 Thread 0x0000000000d2e000 Exception <a 'java/lang/NoSuchMethodError': Method sun.misc.Unsafe.prefetchRead(Ljava/lang/Object;J)V name or signature does not match> (0x00000000eab131b8) thrown at [C:\re\workspace\8-2-build-windows-amd64-cygwin\jdk8u45\3627\hotspot\src\share\vm\prims\j

Events (10 events):
Event: 1.738 Thread 0x000000001693c000 DEOPT PACKING pc=0x0000000002bb432c sp=0x00000000173eedc0
Event: 1.738 Thread 0x000000001693c000 DEOPT UNPACKING pc=0x0000000002a0582a sp=0x00000000173eecf0 mode 2
Event: 1.738 Thread 0x000000001693c000 Uncommon trap: trap_request=0xffffff76 fr.pc=0x0000000002bb432c
Event: 1.738 Thread 0x000000001693c000 DEOPT PACKING pc=0x0000000002bb432c sp=0x00000000173eed90
Event: 1.738 Thread 0x000000001693c000 DEOPT UNPACKING pc=0x0000000002a0582a sp=0x00000000173eecc0 mode 2
Event: 1.738 loading class com/android/dx/cf/code/BytecodeArray$ConstantParserVisitor
Event: 1.738 Thread 0x000000001693c000 Uncommon trap: trap_request=0xffffff76 fr.pc=0x0000000002bb432c
Event: 1.738 loading class com/android/dx/cf/code/BytecodeArray$ConstantParserVisitor done
Event: 1.738 Thread 0x000000001693c000 DEOPT PACKING pc=0x0000000002bb432c sp=0x00000000173eeed0
Event: 1.738 Thread 0x000000001693c000 DEOPT UNPACKING pc=0x0000000002a0582a sp=0x00000000173eee00 mode 2


Dynamic libraries:
0x00007ff6e4cf0000 - 0x00007ff6e4d27000 	C:\Program Files\Java\jdk1.8.0_45\bin\java.exe
0x00007ffc328c0000 - 0x00007ffc32a91000 	C:\WINDOWS\SYSTEM32\ntdll.dll
0x00007ffc32430000 - 0x00007ffc324db000 	C:\WINDOWS\System32\KERNEL32.DLL
0x00007ffc2f520000 - 0x00007ffc2f73d000 	C:\WINDOWS\System32\KERNELBASE.dll
0x00007ffc2ffa0000 - 0x00007ffc30042000 	C:\WINDOWS\System32\ADVAPI32.dll
0x00007ffc324e0000 - 0x00007ffc3257e000 	C:\WINDOWS\System32\msvcrt.dll
0x00007ffc30520000 - 0x00007ffc30579000 	C:\WINDOWS\System32\sechost.dll
0x00007ffc30850000 - 0x00007ffc30971000 	C:\WINDOWS\System32\RPCRT4.dll
0x00007ffc306e0000 - 0x00007ffc30845000 	C:\WINDOWS\System32\USER32.dll
0x00007ffc2f8d0000 - 0x00007ffc2f8ee000 	C:\WINDOWS\System32\win32u.dll
0x00007ffc31e90000 - 0x00007ffc31ec4000 	C:\WINDOWS\System32\GDI32.dll
0x00007ffc2f740000 - 0x00007ffc2f8c2000 	C:\WINDOWS\System32\gdi32full.dll
0x00007ffc2a8f0000 - 0x00007ffc2ab6a000 	C:\WINDOWS\WinSxS\amd64_microsoft.windows.common-controls_6595b64144ccf1df_6.0.14393.351_none_4213128bc687e6d3\COMCTL32.dll
0x00007ffc32140000 - 0x00007ffc32407000 	C:\WINDOWS\System32\combase.dll
0x00007ffc2f8f0000 - 0x00007ffc2f9e5000 	C:\WINDOWS\System32\ucrtbase.dll
0x00007ffc2ecb0000 - 0x00007ffc2ed1a000 	C:\WINDOWS\System32\bcryptPrimitives.dll
0x00007ffc2fc90000 - 0x00007ffc2fcbe000 	C:\WINDOWS\System32\IMM32.DLL
0x0000000055f30000 - 0x0000000056002000 	C:\Program Files\Java\jdk1.8.0_45\jre\bin\msvcr100.dll
0x0000000055570000 - 0x0000000055df3000 	C:\Program Files\Java\jdk1.8.0_45\jre\bin\server\jvm.dll
0x00007ffc2f9f0000 - 0x00007ffc2fa13000 	C:\WINDOWS\System32\WINMM.dll
0x00007ffc2eaf0000 - 0x00007ffc2eb1b000 	C:\WINDOWS\System32\WINMMBASE.dll
0x00007ffc2eb60000 - 0x00007ffc2eba2000 	C:\WINDOWS\System32\cfgmgr32.dll
0x00007ffc326f0000 - 0x00007ffc326f8000 	C:\WINDOWS\System32\PSAPI.DLL
0x00007ffc20e00000 - 0x00007ffc20e09000 	C:\WINDOWS\SYSTEM32\WSOCK32.dll
0x00007ffc2b740000 - 0x00007ffc2b74a000 	C:\WINDOWS\SYSTEM32\VERSION.dll
0x00007ffc32580000 - 0x00007ffc325ea000 	C:\WINDOWS\System32\WS2_32.dll
0x0000000054e40000 - 0x0000000054e4f000 	C:\Program Files\Java\jdk1.8.0_45\jre\bin\verify.dll
0x0000000054e10000 - 0x0000000054e39000 	C:\Program Files\Java\jdk1.8.0_45\jre\bin\java.dll
0x0000000054df0000 - 0x0000000054e06000 	C:\Program Files\Java\jdk1.8.0_45\jre\bin\zip.dll
0x00007ffc30980000 - 0x00007ffc31e89000 	C:\WINDOWS\System32\SHELL32.dll
0x00007ffc2ee40000 - 0x00007ffc2f51a000 	C:\WINDOWS\System32\windows.storage.dll
0x00007ffc2ec60000 - 0x00007ffc2ecac000 	C:\WINDOWS\System32\powrprof.dll
0x00007ffc32070000 - 0x00007ffc320c2000 	C:\WINDOWS\System32\shlwapi.dll
0x00007ffc2eb20000 - 0x00007ffc2eb2f000 	C:\WINDOWS\System32\kernel.appcore.dll
0x00007ffc2ebb0000 - 0x00007ffc2ec59000 	C:\WINDOWS\System32\shcore.dll
0x00007ffc2eb30000 - 0x00007ffc2eb44000 	C:\WINDOWS\System32\profapi.dll

VM Arguments:
jvm_args: -Djava.awt.headless=true -Xmx1024M -Dfile.encoding=GBK -Duser.country=CN -Duser.language=zh -Duser.variant 
java_command: com.android.dx.command.Main --dex --num-threads=4 --output D:\AndroidStudioProject\YuYuBuyer\app\build\intermediates\pre-dexed\debug\debug_642bfe18ef9ae5461042f0ef0e42e6c9642af817.jar D:\AndroidStudioProject\YuYuBuyer\app\build\intermediates\classes\debug
java_class_path (initial): D:\ruanjian\AndroidSdk\build-tools\24.0.0\lib\dx.jar
Launcher Type: SUN_STANDARD

Environment Variables:
JAVA_HOME=C:\Program Files\Java\jdk1.8.0_45
CLASSPATH=C:\Program Files\Java\jdk1.8.0_45\jre\lib;D:\ruanjian\Tomcat7.0\apache-tomcat-7.0.69-windows-x64\apache-tomcat-7.0.69\lib\jsp-api.jar;D:\ruanjian\Tomcat7.0\apache-tomcat-7.0.69-windows-x64\apache-tomcat-7.0.69\lib\servlet-api.jar;
PATH=C:\Program Files\Java\jdk1.8.0_45\bin;E:\adt-bundle-windows-x86_64-20130729\sdk\platform-tools;E:\adt-bundle-windows-x86_64-20130729\sdk\tools;C:\Program Files\Broadcom\Broadcom 802.11 Network Adapter;C:\ProgramData\Oracle\Java\javapath;C:\Windows\system32;C:\Windows;C:\Windows\System32\Wbem;C:\Windows\System32\WindowsPowerShell\v1.0\;C:\Program Files (x86)\NVIDIA Corporation\PhysX\Common;D:\ruanjian\Tomcat7.0\apache-tomcat-7.0.69-windows-x64\apache-tomcat-7.0.69\bin;D:\ruanjian\TortoiseGIT\bin;D:\ruanjian\NDK64\android-ndk-r9d-windows-x86\android-ndk-r9d;C:\WINDOWS\system32;C:\WINDOWS;C:\WINDOWS\System32\Wbem;C:\WINDOWS\System32\WindowsPowerShell\v1.0\;D:\ruanjian\AndroidStudio\gradle\gradle-2.10\bin;D:\ruanjian\Git\Git\bin;C:\Program Files\TortoiseSVN\bin;C:\Users\Administrator\AppData\Local\Microsoft\WindowsApps;
USERNAME=Administrator
OS=Windows_NT
PROCESSOR_IDENTIFIER=Intel64 Family 6 Model 60 Stepping 3, GenuineIntel



---------------  S Y S T E M  ---------------

OS: Windows 10.0 , 64 bit Build 14393 (10.0.14393.0)

CPU:total 4 (2 cores per cpu, 2 threads per core) family 6 model 60 stepping 3, cmov, cx8, fxsr, mmx, sse, sse2, sse3, ssse3, sse4.1, sse4.2, popcnt, avx, avx2, aes, clmul, erms, lzcnt, ht, tsc, tscinvbit, bmi1, bmi2

Memory: 4k page, physical 8268816k(984324k free), swap 8268816k(1356k free)

vm_info: Java HotSpot(TM) 64-Bit Server VM (25.45-b02) for windows-amd64 JRE (1.8.0_45-b15), built on Apr 30 2015 12:40:44 by "java_re" with MS VC++ 10.0 (VS2010)

time: Tue Nov 01 16:50:45 2016
elapsed time: 1 seconds (0d 0h 0m 1s)

