#
# There is insufficient memory for the Java Runtime Environment to continue.
# Native memory allocation (malloc) failed to allocate 1243856 bytes for Chunk::new
# Possible reasons:
#   The system is out of physical RAM or swap space
#   In 32 bit mode, the process size limit was hit
# Possible solutions:
#   Reduce memory load on the system
#   Increase physical memory or swap space
#   Check if swap backing store is full
#   Use 64 bit Java on a 64 bit OS
#   Decrease Java heap size (-Xmx/-Xms)
#   Decrease number of Java threads
#   Decrease Java thread stack sizes (-Xss)
#   Set larger code cache with -XX:ReservedCodeCacheSize=
# This output file may be truncated or incomplete.
#
#  Out of Memory Error (allocation.cpp:390), pid=3116, tid=4360
#
# JRE version: Java(TM) SE Runtime Environment (8.0_45-b15) (build 1.8.0_45-b15)
# Java VM: Java HotSpot(TM) 64-Bit Server VM (25.45-b02 mixed mode windows-amd64 compressed oops)
# Failed to write core dump. Minidumps are not enabled by default on client versions of Windows
#

---------------  T H R E A D  ---------------

Current thread (0x000000001534e000):  JavaThread "C2 CompilerThread1" daemon [_thread_in_native, id=4360, stack(0x0000000016d40000,0x0000000016e40000)]

Stack: [0x0000000016d40000,0x0000000016e40000]
Native frames: (J=compiled Java code, j=interpreted, Vv=VM code, C=native code)
V  [jvm.dll+0x32b57a]
V  [jvm.dll+0x279873]
V  [jvm.dll+0x27a509]
V  [jvm.dll+0x271825]
V  [jvm.dll+0xcb9e2]
V  [jvm.dll+0xcbeac]
V  [jvm.dll+0x476ef2]
V  [jvm.dll+0x4b955f]
V  [jvm.dll+0x46b92f]
V  [jvm.dll+0x46ccbe]
V  [jvm.dll+0x4500f2]
V  [jvm.dll+0xa4352]
V  [jvm.dll+0xa4c8f]
V  [jvm.dll+0x241984]
V  [jvm.dll+0x29853a]
C  [msvcr100.dll+0x21d9f]
C  [msvcr100.dll+0x21e3b]
C  [KERNEL32.DLL+0x8364]
C  [ntdll.dll+0x65e91]


Current CompileTask:
C2:   9367 1473   !   4       com.android.dx.cf.code.RopperMachine::run (1550 bytes)


---------------  P R O C E S S  ---------------

Java Threads: ( => current thread )
  0x0000000016b99000 JavaThread "pool-2-thread-4" [_thread_blocked, id=10168, stack(0x0000000017540000,0x0000000017640000)]
  0x0000000016b97000 JavaThread "pool-2-thread-3" [_thread_blocked, id=4756, stack(0x0000000017440000,0x0000000017540000)]
  0x0000000016b38000 JavaThread "pool-2-thread-2" [_thread_blocked, id=6300, stack(0x0000000017340000,0x0000000017440000)]
  0x0000000016ab9800 JavaThread "pool-3-thread-1" [_thread_blocked, id=5864, stack(0x0000000017240000,0x0000000017340000)]
  0x0000000016ab8800 JavaThread "pool-2-thread-1" [_thread_blocked, id=13660, stack(0x0000000017140000,0x0000000017240000)]
  0x00000000169a9800 JavaThread "Service Thread" daemon [_thread_blocked, id=9144, stack(0x0000000016f40000,0x0000000017040000)]
  0x000000001699b800 JavaThread "C1 CompilerThread2" daemon [_thread_blocked, id=10980, stack(0x0000000016e40000,0x0000000016f40000)]
=>0x000000001534e000 JavaThread "C2 CompilerThread1" daemon [_thread_in_native, id=4360, stack(0x0000000016d40000,0x0000000016e40000)]
  0x000000001534a800 JavaThread "C2 CompilerThread0" daemon [_thread_in_native, id=6116, stack(0x0000000016840000,0x0000000016940000)]
  0x00000000152ff000 JavaThread "Attach Listener" daemon [_thread_blocked, id=12948, stack(0x0000000016740000,0x0000000016840000)]
  0x00000000152fe000 JavaThread "Signal Dispatcher" daemon [_thread_blocked, id=9140, stack(0x0000000016640000,0x0000000016740000)]
  0x0000000002c10800 JavaThread "Finalizer" daemon [_thread_blocked, id=9672, stack(0x0000000016540000,0x0000000016640000)]
  0x0000000002c0d800 JavaThread "Reference Handler" daemon [_thread_blocked, id=7060, stack(0x0000000016440000,0x0000000016540000)]
  0x0000000002b1e000 JavaThread "main" [_thread_in_Java, id=4640, stack(0x0000000002970000,0x0000000002a70000)]

Other Threads:
  0x00000000152b8000 VMThread [stack: 0x0000000016340000,0x0000000016440000] [id=9720]
  0x00000000169ab000 WatcherThread [stack: 0x0000000017040000,0x0000000017140000] [id=13860]

VM state:not at safepoint (normal execution)

VM Mutex/Monitor currently owned by a thread: None

Heap:
 PSYoungGen      total 138240K, used 37506K [0x00000000eab00000, 0x00000000f3700000, 0x0000000100000000)
  eden space 133120K, 28% used [0x00000000eab00000,0x00000000ecfa0ab8,0x00000000f2d00000)
  from space 5120K, 0% used [0x00000000f3200000,0x00000000f3200000,0x00000000f3700000)
  to   space 5120K, 0% used [0x00000000f2d00000,0x00000000f2d00000,0x00000000f3200000)
 ParOldGen       total 87552K, used 46052K [0x00000000c0000000, 0x00000000c5580000, 0x00000000eab00000)
  object space 87552K, 52% used [0x00000000c0000000,0x00000000c2cf9180,0x00000000c5580000)
 Metaspace       used 6012K, capacity 6960K, committed 7040K, reserved 1056768K
  class space    used 589K, capacity 616K, committed 640K, reserved 1048576K

Card table byte_map: [0x0000000011fe0000,0x00000000121f0000] byte_map_base: 0x00000000119e0000

Marking Bits: (ParMarkBitMap*) 0x000000005df04040
 Begin Bits: [0x0000000012750000, 0x0000000013750000)
 End Bits:   [0x0000000013750000, 0x0000000014750000)

Polling page: 0x0000000000eb0000

CodeCache: size=245760Kb used=7079Kb max_used=7079Kb free=238680Kb
 bounds [0x0000000002c20000, 0x0000000003310000, 0x0000000011c20000]
 total_blobs=1847 nmethods=1576 adapters=184
 compilation: enabled

Compilation events (10 events):
Event: 8.117 Thread 0x000000001699b800 nmethod 1525 0x000000000329cad0 code [0x000000000329cca0, 0x000000000329d4c8]
Event: 8.121 Thread 0x000000001699b800 1527       2       com.android.dx.ssa.DomFront::buildDomTree (72 bytes)
Event: 8.122 Thread 0x000000001699b800 nmethod 1527 0x000000000329d7d0 code [0x000000000329d9a0, 0x000000000329df88]
Event: 8.123 Thread 0x000000001699b800 1528       2       com.android.dx.ssa.DomFront::run (264 bytes)
Event: 8.125 Thread 0x000000001699b800 nmethod 1528 0x000000000329e790 code [0x000000000329eb40, 0x00000000032a01f8]
Event: 8.715 Thread 0x000000001534a800 nmethod 1480 0x00000000032a5550 code [0x00000000032a57c0, 0x00000000032a6a90]
Event: 8.715 Thread 0x000000001699b800 1531 %     3       com.android.dx.ssa.Dominators::run @ 403 (506 bytes)
Event: 8.715 Thread 0x000000001534a800 1487       4       com.android.dx.ssa.LocalVariableExtractor::processBlock (383 bytes)
Event: 8.719 Thread 0x000000001699b800 nmethod 1531% 0x00000000032a8790 code [0x00000000032a8d80, 0x00000000032acf18]
Event: 8.719 Thread 0x000000001699b800 1532 %     3       com.android.dx.ssa.DomFront::buildDomTree @ 10 (72 bytes)

GC Heap History (6 events):
Event: 2.962 GC heap before
{Heap before GC invocations=1 (full 0):
 PSYoungGen      total 38400K, used 33280K [0x00000000eab00000, 0x00000000ed580000, 0x0000000100000000)
  eden space 33280K, 100% used [0x00000000eab00000,0x00000000ecb80000,0x00000000ecb80000)
  from space 5120K, 0% used [0x00000000ed080000,0x00000000ed080000,0x00000000ed580000)
  to   space 5120K, 0% used [0x00000000ecb80000,0x00000000ecb80000,0x00000000ed080000)
 ParOldGen       total 87552K, used 0K [0x00000000c0000000, 0x00000000c5580000, 0x00000000eab00000)
  object space 87552K, 0% used [0x00000000c0000000,0x00000000c0000000,0x00000000c5580000)
 Metaspace       used 5824K, capacity 6768K, committed 7040K, reserved 1056768K
  class space    used 585K, capacity 616K, committed 640K, reserved 1048576K
Event: 3.139 GC heap after
Heap after GC invocations=1 (full 0):
 PSYoungGen      total 38400K, used 5089K [0x00000000eab00000, 0x00000000ef600000, 0x0000000100000000)
  eden space 33280K, 0% used [0x00000000eab00000,0x00000000eab00000,0x00000000ecb80000)
  from space 5120K, 99% used [0x00000000ecb80000,0x00000000ed0785a8,0x00000000ed080000)
  to   space 5120K, 0% used [0x00000000ef100000,0x00000000ef100000,0x00000000ef600000)
 ParOldGen       total 87552K, used 4744K [0x00000000c0000000, 0x00000000c5580000, 0x00000000eab00000)
  object space 87552K, 5% used [0x00000000c0000000,0x00000000c04a2348,0x00000000c5580000)
 Metaspace       used 5824K, capacity 6768K, committed 7040K, reserved 1056768K
  class space    used 585K, capacity 616K, committed 640K, reserved 1048576K
}
Event: 4.343 GC heap before
{Heap before GC invocations=2 (full 0):
 PSYoungGen      total 38400K, used 38369K [0x00000000eab00000, 0x00000000ef600000, 0x0000000100000000)
  eden space 33280K, 100% used [0x00000000eab00000,0x00000000ecb80000,0x00000000ecb80000)
  from space 5120K, 99% used [0x00000000ecb80000,0x00000000ed0785a8,0x00000000ed080000)
  to   space 5120K, 0% used [0x00000000ef100000,0x00000000ef100000,0x00000000ef600000)
 ParOldGen       total 87552K, used 4744K [0x00000000c0000000, 0x00000000c5580000, 0x00000000eab00000)
  object space 87552K, 5% used [0x00000000c0000000,0x00000000c04a2348,0x00000000c5580000)
 Metaspace       used 5848K, capacity 6832K, committed 7040K, reserved 1056768K
  class space    used 586K, capacity 616K, committed 640K, reserved 1048576K
Event: 4.900 GC heap after
Heap after GC invocations=2 (full 0):
 PSYoungGen      total 71680K, used 5098K [0x00000000eab00000, 0x00000000ef600000, 0x0000000100000000)
  eden space 66560K, 0% used [0x00000000eab00000,0x00000000eab00000,0x00000000eec00000)
  from space 5120K, 99% used [0x00000000ef100000,0x00000000ef5fa9b8,0x00000000ef600000)
  to   space 5120K, 0% used [0x00000000eec00000,0x00000000eec00000,0x00000000ef100000)
 ParOldGen       total 87552K, used 18016K [0x00000000c0000000, 0x00000000c5580000, 0x00000000eab00000)
  object space 87552K, 20% used [0x00000000c0000000,0x00000000c1198268,0x00000000c5580000)
 Metaspace       used 5848K, capacity 6832K, committed 7040K, reserved 1056768K
  class space    used 586K, capacity 616K, committed 640K, reserved 1048576K
}
Event: 8.329 GC heap before
{Heap before GC invocations=3 (full 0):
 PSYoungGen      total 71680K, used 71658K [0x00000000eab00000, 0x00000000ef600000, 0x0000000100000000)
  eden space 66560K, 100% used [0x00000000eab00000,0x00000000eec00000,0x00000000eec00000)
  from space 5120K, 99% used [0x00000000ef100000,0x00000000ef5fa9b8,0x00000000ef600000)
  to   space 5120K, 0% used [0x00000000eec00000,0x00000000eec00000,0x00000000ef100000)
 ParOldGen       total 87552K, used 18016K [0x00000000c0000000, 0x00000000c5580000, 0x00000000eab00000)
  object space 87552K, 20% used [0x00000000c0000000,0x00000000c1198268,0x00000000c5580000)
 Metaspace       used 5978K, capacity 6896K, committed 7040K, reserved 1056768K
  class space    used 589K, capacity 616K, committed 640K, reserved 1048576K
Event: 8.710 GC heap after
Heap after GC invocations=3 (full 0):
 PSYoungGen      total 71680K, used 5088K [0x00000000eab00000, 0x00000000f3700000, 0x0000000100000000)
  eden space 66560K, 0% used [0x00000000eab00000,0x00000000eab00000,0x00000000eec00000)
  from space 5120K, 99% used [0x00000000eec00000,0x00000000ef0f81d0,0x00000000ef100000)
  to   space 5120K, 0% used [0x00000000f3200000,0x00000000f3200000,0x00000000f3700000)
 ParOldGen       total 87552K, used 46546K [0x00000000c0000000, 0x00000000c5580000, 0x00000000eab00000)
  object space 87552K, 53% used [0x00000000c0000000,0x00000000c2d74b40,0x00000000c5580000)
 Metaspace       used 5978K, capacity 6896K, committed 7040K, reserved 1056768K
  class space    used 589K, capacity 616K, committed 640K, reserved 1048576K
}

Deoptimization events (10 events):
Event: 6.154 Thread 0x0000000002b1e000 Uncommon trap: reason=unstable_if action=reinterpret pc=0x0000000002ddba0c method=com.android.dx.rop.cst.StdConstantPool.set(ILcom/android/dx/rop/cst/Constant;)V @ 12
Event: 6.265 Thread 0x0000000016ab8800 Uncommon trap: reason=unstable_if action=reinterpret pc=0x00000000030016e0 method=com.android.dx.cf.code.BasicBlocker.addWorkIfNecessary(IZ)V @ 8
Event: 6.266 Thread 0x0000000016ab8800 Uncommon trap: reason=class_check action=maybe_recompile pc=0x00000000031d0864 method=com.android.dx.cf.code.BaseMachine.getLocalTarget(Z)Lcom/android/dx/rop/code/RegisterSpec; @ 70
Event: 6.266 Thread 0x0000000016ab8800 Uncommon trap: reason=class_check action=maybe_recompile pc=0x00000000031f83bc method=com.android.dx.cf.code.BaseMachine.getLocalTarget(Z)Lcom/android/dx/rop/code/RegisterSpec; @ 70
Event: 6.266 Thread 0x0000000016ab8800 Uncommon trap: reason=class_check action=maybe_recompile pc=0x00000000031d0864 method=com.android.dx.cf.code.BaseMachine.getLocalTarget(Z)Lcom/android/dx/rop/code/RegisterSpec; @ 70
Event: 6.266 Thread 0x0000000016ab8800 Uncommon trap: reason=class_check action=maybe_recompile pc=0x00000000031f83bc method=com.android.dx.cf.code.BaseMachine.getLocalTarget(Z)Lcom/android/dx/rop/code/RegisterSpec; @ 70
Event: 6.266 Thread 0x0000000016ab8800 Uncommon trap: reason=unstable_if action=reinterpret pc=0x00000000030d2be0 method=com.android.dx.cf.code.Ropper.processBlock(Lcom/android/dx/cf/code/ByteBlock;Lcom/android/dx/cf/code/Frame;[I)V @ 975
Event: 6.273 Thread 0x0000000016ab8800 Uncommon trap: reason=unstable_if action=reinterpret pc=0x00000000031a8768 method=com.android.dx.ssa.SCCP.simulateStmt(Lcom/android/dx/ssa/SsaInsn;)V @ 469
Event: 6.273 Thread 0x0000000016ab8800 Uncommon trap: reason=unstable_if action=reinterpret pc=0x00000000031ec6e8 method=com.android.dx.ssa.LiteralOpUpgrader$1.visitNonMoveInsn(Lcom/android/dx/ssa/NormalSsaInsn;)V @ 43
Event: 6.277 Thread 0x0000000016ab8800 Uncommon trap: reason=unstable_if action=reinterpret pc=0x000000000318d6c4 method=com.android.dx.rop.code.RegisterSpecSet.equals(Ljava/lang/Object;)Z @ 41

Internal exceptions (4 events):
Event: 0.052 Thread 0x0000000002b1e000 Exception <a 'java/lang/NoSuchMethodError': Method sun.misc.Unsafe.defineClass(Ljava/lang/String;[BII)Ljava/lang/Class; name or signature does not match> (0x00000000eab12f28) thrown at [C:\re\workspace\8-2-build-windows-amd64-cygwin\jdk8u45\3627\hotspot\sr¾G(•âª?
Event: 0.053 Thread 0x0000000002b1e000 Exception <a 'java/lang/NoSuchMethodError': Method sun.misc.Unsafe.prefetchRead(Ljava/lang/Object;J)V name or signature does not match> (0x00000000eab131b8) thrown at [C:\re\workspace\8-2-build-windows-amd64-cygwin\jdk8u45\3627\hotspot\src\share\vm\prims\jµEwE=H
Event: 2.035 Thread 0x0000000016b99000 Implicit null exception at 0x0000000002f6972c to 0x0000000002f6bd09
Event: 2.076 Thread 0x0000000016b99000 Implicit null exception at 0x0000000002f91ee8 to 0x0000000002f936bd

Events (10 events):
Event: 6.273 Thread 0x0000000016ab8800 Uncommon trap: trap_request=0xffffff65 fr.pc=0x00000000031ec6e8
Event: 6.273 Thread 0x0000000016ab8800 DEOPT PACKING pc=0x00000000031ec6e8 sp=0x000000001723e830
Event: 6.273 Thread 0x0000000016ab8800 DEOPT UNPACKING pc=0x0000000002c6582a sp=0x000000001723e7f8 mode 2
Event: 6.277 Thread 0x0000000016ab8800 Uncommon trap: trap_request=0xffffff65 fr.pc=0x000000000318d6c4
Event: 6.277 Thread 0x0000000016ab8800 DEOPT PACKING pc=0x000000000318d6c4 sp=0x000000001723ea40
Event: 6.277 Thread 0x0000000016ab8800 DEOPT UNPACKING pc=0x0000000002c6582a sp=0x000000001723e8f8 mode 2
Event: 8.117 Thread 0x0000000016b99000 DEOPT PACKING pc=0x00000000031b2a18 sp=0x000000001763e5c0
Event: 8.117 Thread 0x0000000016b99000 DEOPT UNPACKING pc=0x0000000002c6787f sp=0x000000001763e2d0 mode 0
Event: 8.128 Executing VM operation: ParallelGCFailedAllocation
Event: 8.710 Executing VM operation: ParallelGCFailedAllocation done


Dynamic libraries:
0x00007ff720ff0000 - 0x00007ff721027000 	C:\Program Files\Java\jdk1.8.0_45\bin\java.exe
0x00007ffdb5350000 - 0x00007ffdb5521000 	C:\WINDOWS\SYSTEM32\ntdll.dll
0x00007ffdb45c0000 - 0x00007ffdb466b000 	C:\WINDOWS\System32\KERNEL32.DLL
0x00007ffdb16b0000 - 0x00007ffdb18cd000 	C:\WINDOWS\System32\KERNELBASE.dll
0x00007ffdb5200000 - 0x00007ffdb52a2000 	C:\WINDOWS\System32\ADVAPI32.dll
0x00007ffdb52b0000 - 0x00007ffdb534e000 	C:\WINDOWS\System32\msvcrt.dll
0x00007ffdb4490000 - 0x00007ffdb44e9000 	C:\WINDOWS\System32\sechost.dll
0x00007ffdb4f10000 - 0x00007ffdb5031000 	C:\WINDOWS\System32\RPCRT4.dll
0x00007ffdb4280000 - 0x00007ffdb43e5000 	C:\WINDOWS\System32\USER32.dll
0x00007ffdb1b40000 - 0x00007ffdb1b5e000 	C:\WINDOWS\System32\win32u.dll
0x00007ffdb4d20000 - 0x00007ffdb4d54000 	C:\WINDOWS\System32\GDI32.dll
0x00007ffdb1b60000 - 0x00007ffdb1ce2000 	C:\WINDOWS\System32\gdi32full.dll
0x00007ffdada60000 - 0x00007ffdadcd9000 	C:\WINDOWS\WinSxS\amd64_microsoft.windows.common-controls_6595b64144ccf1df_6.0.14393.0_none_2d0f50fcbdb171b8\COMCTL32.dll
0x00007ffdb47e0000 - 0x00007ffdb4aa7000 	C:\WINDOWS\System32\combase.dll
0x00007ffdb25d0000 - 0x00007ffdb26c5000 	C:\WINDOWS\System32\ucrtbase.dll
0x00007ffdb2560000 - 0x00007ffdb25ca000 	C:\WINDOWS\System32\bcryptPrimitives.dll
0x00007ffdb4ab0000 - 0x00007ffdb4ade000 	C:\WINDOWS\System32\IMM32.DLL
0x000000005d620000 - 0x000000005d6f2000 	C:\Program Files\Java\jdk1.8.0_45\jre\bin\msvcr100.dll
0x000000005d700000 - 0x000000005df83000 	C:\Program Files\Java\jdk1.8.0_45\jre\bin\server\jvm.dll
0x00007ffdb24d0000 - 0x00007ffdb24f3000 	C:\WINDOWS\System32\WINMM.dll
0x00007ffdb15a0000 - 0x00007ffdb15cb000 	C:\WINDOWS\System32\WINMMBASE.dll
0x00007ffdb1cf0000 - 0x00007ffdb1d32000 	C:\WINDOWS\System32\cfgmgr32.dll
0x00007ffdb47d0000 - 0x00007ffdb47d8000 	C:\WINDOWS\System32\PSAPI.DLL
0x00007ffda8c20000 - 0x00007ffda8c29000 	C:\WINDOWS\SYSTEM32\WSOCK32.dll
0x00007ffdb4b00000 - 0x00007ffdb4b6a000 	C:\WINDOWS\System32\WS2_32.dll
0x00007ffdade00000 - 0x00007ffdade0a000 	C:\WINDOWS\SYSTEM32\VERSION.dll
0x000000005d610000 - 0x000000005d61f000 	C:\Program Files\Java\jdk1.8.0_45\jre\bin\verify.dll
0x000000005d5e0000 - 0x000000005d609000 	C:\Program Files\Java\jdk1.8.0_45\jre\bin\java.dll
0x000000005d5c0000 - 0x000000005d5d6000 	C:\Program Files\Java\jdk1.8.0_45\jre\bin\zip.dll
0x00007ffdb2d70000 - 0x00007ffdb4278000 	C:\WINDOWS\System32\SHELL32.dll
0x00007ffdb1d40000 - 0x00007ffdb241a000 	C:\WINDOWS\System32\windows.storage.dll
0x00007ffdb26d0000 - 0x00007ffdb271c000 	C:\WINDOWS\System32\powrprof.dll
0x00007ffdb2b50000 - 0x00007ffdb2ba2000 	C:\WINDOWS\System32\shlwapi.dll
0x00007ffdb1580000 - 0x00007ffdb158f000 	C:\WINDOWS\System32\kernel.appcore.dll
0x00007ffdb15f0000 - 0x00007ffdb1699000 	C:\WINDOWS\System32\shcore.dll
0x00007ffdb15d0000 - 0x00007ffdb15e4000 	C:\WINDOWS\System32\profapi.dll
0x00007ffda9830000 - 0x00007ffda99c2000 	C:\WINDOWS\SYSTEM32\dbghelp.dll

VM Arguments:
jvm_args: -Djava.awt.headless=true -Xmx1024M -Dfile.encoding=GBK -Duser.country=CN -Duser.language=zh -Duser.variant 
java_command: com.android.dx.command.Main --dex --force-jumbo --num-threads=4 --multi-dex --output D:\AndroidStudioProject\YuYuBuyer\app\build\intermediates\transforms\dex\debug\folders\1000\5\slice_0 D:\AndroidStudioProject\YuYuBuyer\app\build\intermediates\transforms\instantRunSlicer\debug\folders\1\5\slice_0
java_class_path (initial): D:\ruanjian\AndroidSdk\build-tools\24.0.0\lib\dx.jar
Launcher Type: SUN_STANDARD

Environment Variables:
JAVA_HOME=C:\Program Files\Java\jdk1.8.0_45
CLASSPATH=C:\Program Files\Java\jdk1.8.0_45\jre\lib;D:\ruanjian\Tomcat7.0\apache-tomcat-7.0.69-windows-x64\apache-tomcat-7.0.69\lib\jsp-api.jar;D:\ruanjian\Tomcat7.0\apache-tomcat-7.0.69-windows-x64\apache-tomcat-7.0.69\lib\servlet-api.jar;
PATH=C:\Program Files\Java\jdk1.8.0_45\bin;E:\adt-bundle-windows-x86_64-20130729\sdk\platform-tools;E:\adt-bundle-windows-x86_64-20130729\sdk\tools;C:\Program Files\Broadcom\Broadcom 802.11 Network Adapter;C:\ProgramData\Oracle\Java\javapath;C:\Windows\system32;C:\Windows;C:\Windows\System32\Wbem;C:\Windows\System32\WindowsPowerShell\v1.0\;C:\Program Files (x86)\NVIDIA Corporation\PhysX\Common;D:\ruanjian\Tomcat7.0\apache-tomcat-7.0.69-windows-x64\apache-tomcat-7.0.69\bin;D:\ruanjian\TortoiseGIT\bin;D:\ruanjian\NDK64\android-ndk-r9d-windows-x86\android-ndk-r9d;C:\WINDOWS\system32;C:\WINDOWS;C:\WINDOWS\System32\Wbem;C:\WINDOWS\System32\WindowsPowerShell\v1.0\;D:\ruanjian\AndroidStudio\gradle\gradle-2.10\bin;D:\ruanjian\Git\Git\bin;C:\Program Files\TortoiseSVN\bin;C:\Users\Administrator\AppData\Local\Microsoft\WindowsApps;
USERNAME=Administrator
OS=Windows_NT
PROCESSOR_IDENTIFIER=Intel64 Family 6 Model 60 Stepping 3, GenuineIntel



---------------  S Y S T E M  ---------------

OS: Windows 10.0 , 64 bit Build 14393 (10.0.14393.0)

CPU:total 4 (2 cores per cpu, 2 threads per core) family 6 model 60 stepping 3, cmov, cx8, fxsr, mmx, sse, sse2, sse3, ssse3, sse4.1, sse4.2, popcnt, avx, avx2, aes, clmul, erms, lzcnt, ht, tsc, tscinvbit, bmi1, bmi2

Memory: 4k page, physical 8268816k(1513936k free), swap 8268816k(863800k free)

vm_info: Java HotSpot(TM) 64-Bit Server VM (25.45-b02) for windows-amd64 JRE (1.8.0_45-b15), built on Apr 30 2015 12:40:44 by "java_re" with MS VC++ 10.0 (VS2010)

time: Tue Oct 18 18:19:55 2016
elapsed time: 9 seconds (0d 0h 0m 9s)

